1683583851354|##############################
find 
 Template >>>> 
 titre : title-1977
 Album : album-title-285
 Composers : []
 Interpreters : []

1683583851408|##############################
find 
 Template >>>> 
 titre : title-1983
 Album : album-title-286
 Composers : [composer-218, composer-219]
 Interpreters : []

1683583851448|##############################
find 
 Template >>>> 
 titre : title-2015
 Album : album-title-290
 Composers : []
 Interpreters : [interpreter-226, interpreter-225]

1683583851482|##############################
find 
 Template >>>> 
 titre : title-2012
 Album : album-title-290
 Composers : [composer-220]
 Interpreters : []

1683583851527|##############################
find 
 Template >>>> 
 titre : null
 Album : null
 Composers : [composer-221]
 Interpreters : []

1683583851528|##############################
find 
 Template >>>> 
 titre : title-2022
 Album : null
 Composers : [composer-221, composer-222]
 Interpreters : [interpreter-227]

1683583851528|##############################
find 
 Template >>>> 
 titre : title-2034
 Album : null
 Composers : [composer-221, composer-222]
 Interpreters : [interpreter-227]

1683583851528|##############################
find 
 Template >>>> 
 titre : title-2040
 Album : null
 Composers : [composer-221, composer-222]
 Interpreters : []

1683583851528|##############################
find 
 Template >>>> 
 titre : title-2036
 Album : null
 Composers : [composer-221, composer-222]
 Interpreters : []

1683583851528|##############################
find 
 Template >>>> 
 titre : title-2043
 Album : null
 Composers : [composer-223]
 Interpreters : []

1683583851528|##############################
find 
 Template >>>> 
 titre : null
 Album : null
 Composers : []
 Interpreters : [interpreter-228]

1683583851696|##############################
find 
 Template >>>> 
 titre : title-2056
 Album : album-title-296
 Composers : []
 Interpreters : []

1683583851696|##############################
find 
 Template >>>> 
 titre : title-2058
 Album : null
 Composers : [composer-223]
 Interpreters : []

1683583851753|##############################
find 
 Template >>>> 
 titre : title-2060
 Album : null
 Composers : []
 Interpreters : [interpreter-228, interpreter-229]

1683583851753|##############################
find 
 Template >>>> 
 titre : null
 Album : null
 Composers : []
 Interpreters : [interpreter-230]

1683583851753|##############################
find 
 Template >>>> 
 titre : null
 Album : album-title-298
 Composers : []
 Interpreters : []

1683583852354|##############################
find 
 Template >>>> 
 titre : title-1986
 Album : null
 Composers : [composer-218, composer-219]
 Interpreters : [interpreter-224, interpreter-223]

1683583852354|##############################
find 
 Template >>>> 
 titre : title-1990
 Album : album-title-287
 Composers : [composer-218, composer-219]
 Interpreters : []

1683583852355|##############################
find 
 Template >>>> 
 titre : title-2004
 Album : null
 Composers : [composer-220]
 Interpreters : []

1683583852355|##############################
find 
 Template >>>> 
 titre : title-2007
 Album : album-title-289
 Composers : []
 Interpreters : []

1683583852355|##############################
find 
 Template >>>> 
 titre : title-2016
 Album : null
 Composers : [composer-220]
 Interpreters : [interpreter-226, interpreter-225]

1683583852356|##############################
find 
 Template >>>> 
 titre : title-2032
 Album : null
 Composers : []
 Interpreters : [interpreter-227]

1683583852356|##############################
find 
 Template >>>> 
 titre : title-2031
 Album : album-title-292
 Composers : []
 Interpreters : []

1683583852356|##############################
find 
 Template >>>> 
 titre : title-2041
 Album : null
 Composers : []
 Interpreters : [interpreter-227]

1683583852356|##############################
find 
 Template >>>> 
 titre : title-2037
 Album : album-title-293
 Composers : [composer-221, composer-222]
 Interpreters : [interpreter-227]

1683583852356|##############################
find 
 Template >>>> 
 titre : null
 Album : album-title-295
 Composers : []
 Interpreters : []

1683583852356|##############################
find 
 Template >>>> 
 titre : title-2047
 Album : null
 Composers : []
 Interpreters : [interpreter-228, interpreter-229]

1683583852356|##############################
find 
 Template >>>> 
 titre : title-2052
 Album : album-title-295
 Composers : [composer-223]
 Interpreters : [interpreter-228, interpreter-229]

1683583852356|##############################
find 
 Template >>>> 
 titre : title-2048
 Album : album-title-295
 Composers : []
 Interpreters : []

1683583852356|##############################
find 
 Template >>>> 
 titre : title-2054
 Album : album-title-295
 Composers : [composer-223]
 Interpreters : []

1683583852357|##############################
find 
 Template >>>> 
 titre : title-2066
 Album : album-title-297
 Composers : [composer-224, composer-225]
 Interpreters : [interpreter-230]

1683583852357|##############################
find 
 Template >>>> 
 titre : title-2077
 Album : album-title-299
 Composers : [composer-224, composer-225]
 Interpreters : [interpreter-230]

1683583853354|##############################
find 
 Template >>>> 
 titre : title-1984
 Album : album-title-286
 Composers : []
 Interpreters : []

1683583853354|##############################
find 
 Template >>>> 
 titre : title-1993
 Album : null
 Composers : []
 Interpreters : []

1683583853354|##############################
find 
 Template >>>> 
 titre : title-2001
 Album : album-title-288
 Composers : [composer-220]
 Interpreters : [interpreter-226, interpreter-225]

1683583853356|##############################
find 
 Template >>>> 
 titre : title-2002
 Album : null
 Composers : [composer-220]
 Interpreters : [interpreter-226, interpreter-225]

1683583853356|##############################
find 
 Template >>>> 
 titre : title-2025
 Album : album-title-291
 Composers : []
 Interpreters : []

1683583853356|##############################
find 
 Template >>>> 
 titre : title-2046
 Album : null
 Composers : []
 Interpreters : []

1683583853356|##############################
find 
 Template >>>> 
 titre : title-2053
 Album : album-title-295
 Composers : []
 Interpreters : [interpreter-228, interpreter-229]

1683583853356|##############################
find 
 Template >>>> 
 titre : title-2049
 Album : null
 Composers : []
 Interpreters : [interpreter-228, interpreter-229]

1683583853357|##############################
find 
 Template >>>> 
 titre : null
 Album : null
 Composers : [composer-225]
 Interpreters : []

1683583854362|##############################
find 
 Template >>>> 
 titre : title-2008
 Album : album-title-289
 Composers : [composer-220]
 Interpreters : []

1683583854411|##############################
find 
 Template >>>> 
 titre : null
 Album : album-title-292
 Composers : []
 Interpreters : []

1683583854411|##############################
find 
 Template >>>> 
 titre : title-2045
 Album : null
 Composers : [composer-223]
 Interpreters : [interpreter-228, interpreter-229]

1683583854411|##############################
find 
 Template >>>> 
 titre : null
 Album : album-title-294
 Composers : []
 Interpreters : []

1683583854411|##############################
find 
 Template >>>> 
 titre : title-2062
 Album : null
 Composers : [composer-223]
 Interpreters : []

1683583854411|##############################
find 
 Template >>>> 
 titre : title-2070
 Album : null
 Composers : [composer-224, composer-225]
 Interpreters : []

1683583854411|##############################
find 
 Template >>>> 
 titre : title-2078
 Album : null
 Composers : [composer-224, composer-225]
 Interpreters : []

1683583854411|##############################
find 
 Template >>>> 
 titre : null
 Album : album-title-299
 Composers : []
 Interpreters : []

1683583854411|##############################
find 
 Template >>>> 
 titre : title-2080
 Album : null
 Composers : []
 Interpreters : [interpreter-230]

1683583855355|##############################
find 
 Template >>>> 
 titre : null
 Album : null
 Composers : []
 Interpreters : [interpreter-224]

1683583855356|##############################
find 
 Template >>>> 
 titre : title-1987
 Album : null
 Composers : []
 Interpreters : []

1683583855356|##############################
find 
 Template >>>> 
 titre : title-1988
 Album : album-title-286
 Composers : [composer-218, composer-219]
 Interpreters : [interpreter-224, interpreter-223]

1683583855356|##############################
find 
 Template >>>> 
 titre : title-1995
 Album : album-title-287
 Composers : []
 Interpreters : []

1683583855356|##############################
find 
 Template >>>> 
 titre : title-1994
 Album : album-title-287
 Composers : [composer-218, composer-219]
 Interpreters : []

1683583855356|##############################
find 
 Template >>>> 
 titre : null
 Album : null
 Composers : [composer-220]
 Interpreters : []

1683583855356|##############################
find 
 Template >>>> 
 titre : null
 Album : null
 Composers : []
 Interpreters : [interpreter-226]

1683583855356|##############################
find 
 Template >>>> 
 titre : title-2006
 Album : album-title-289
 Composers : [composer-220]
 Interpreters : []

1683583855356|##############################
find 
 Template >>>> 
 titre : title-2010
 Album : album-title-289
 Composers : [composer-220]
 Interpreters : [interpreter-226, interpreter-225]

1683583855356|##############################
find 
 Template >>>> 
 titre : title-2005
 Album : album-title-289
 Composers : [composer-220]
 Interpreters : [interpreter-226, interpreter-225]

1683583855357|##############################
find 
 Template >>>> 
 titre : title-2018
 Album : album-title-290
 Composers : [composer-220]
 Interpreters : [interpreter-226, interpreter-225]

1683583855357|##############################
find 
 Template >>>> 
 titre : null
 Album : album-title-290
 Composers : []
 Interpreters : []

1683583855357|##############################
find 
 Template >>>> 
 titre : title-2028
 Album : album-title-291
 Composers : []
 Interpreters : []

1683583855357|##############################
find 
 Template >>>> 
 titre : null
 Album : null
 Composers : []
 Interpreters : [interpreter-227]

1683583855357|##############################
find 
 Template >>>> 
 titre : title-2067
 Album : album-title-297
 Composers : [composer-224, composer-225]
 Interpreters : []

1683583855357|##############################
find 
 Template >>>> 
 titre : null
 Album : album-title-297
 Composers : []
 Interpreters : []

1683583855357|##############################
find 
 Template >>>> 
 titre : title-2079
 Album : null
 Composers : []
 Interpreters : []

1683583856354|##############################
find 
 Template >>>> 
 titre : title-1992
 Album : null
 Composers : [composer-218, composer-219]
 Interpreters : [interpreter-224, interpreter-223]

1683583856359|##############################
find 
 Template >>>> 
 titre : title-1997
 Album : album-title-288
 Composers : [composer-220]
 Interpreters : [interpreter-226, interpreter-225]

1683583856359|##############################
find 
 Template >>>> 
 titre : null
 Album : album-title-289
 Composers : []
 Interpreters : []

1683583856359|##############################
find 
 Template >>>> 
 titre : title-2011
 Album : null
 Composers : [composer-220]
 Interpreters : [interpreter-226, interpreter-225]

1683583856359|##############################
find 
 Template >>>> 
 titre : title-2013
 Album : album-title-290
 Composers : []
 Interpreters : []

1683583856359|##############################
find 
 Template >>>> 
 titre : title-2027
 Album : album-title-291
 Composers : []
 Interpreters : []

1683583856359|##############################
find 
 Template >>>> 
 titre : title-2030
 Album : null
 Composers : [composer-221, composer-222]
 Interpreters : [interpreter-227]

1683583856359|##############################
find 
 Template >>>> 
 titre : title-2042
 Album : null
 Composers : []
 Interpreters : [interpreter-228, interpreter-229]

1683583856366|##############################
find 
 Template >>>> 
 titre : title-2059
 Album : null
 Composers : []
 Interpreters : []

1683583856366|##############################
find 
 Template >>>> 
 titre : title-2065
 Album : null
 Composers : [composer-224, composer-225]
 Interpreters : []

1683583856366|##############################
find 
 Template >>>> 
 titre : title-2073
 Album : album-title-298
 Composers : []
 Interpreters : [interpreter-230]

1683583857354|##############################
find 
 Template >>>> 
 titre : title-1982
 Album : album-title-286
 Composers : []
 Interpreters : []

1683583857354|##############################
find 
 Template >>>> 
 titre : title-1999
 Album : null
 Composers : []
 Interpreters : []

1683583857354|##############################
find 
 Template >>>> 
 titre : title-2000
 Album : null
 Composers : []
 Interpreters : []

1683583857355|##############################
find 
 Template >>>> 
 titre : title-2009
 Album : null
 Composers : [composer-220]
 Interpreters : []

1683583857355|##############################
find 
 Template >>>> 
 titre : title-2020
 Album : null
 Composers : []
 Interpreters : [interpreter-226, interpreter-225]

1683583857355|##############################
find 
 Template >>>> 
 titre : title-2024
 Album : null
 Composers : []
 Interpreters : [interpreter-227]

1683583857403|##############################
find 
 Template >>>> 
 titre : null
 Album : album-title-293
 Composers : []
 Interpreters : []

1683583857403|##############################
find 
 Template >>>> 
 titre : title-2038
 Album : null
 Composers : [composer-221, composer-222]
 Interpreters : [interpreter-227]

1683583857403|##############################
find 
 Template >>>> 
 titre : null
 Album : null
 Composers : [composer-223]
 Interpreters : []

1683583857403|##############################
find 
 Template >>>> 
 titre : title-2051
 Album : album-title-295
 Composers : []
 Interpreters : []

1683583857403|##############################
find 
 Template >>>> 
 titre : title-2068
 Album : album-title-297
 Composers : [composer-224, composer-225]
 Interpreters : [interpreter-230]

1683583857404|##############################
find 
 Template >>>> 
 titre : title-2075
 Album : null
 Composers : [composer-224, composer-225]
 Interpreters : []

1683583858365|##############################
find 
 Template >>>> 
 titre : title-1978
 Album : null
 Composers : [composer-218, composer-219]
 Interpreters : [interpreter-224, interpreter-223]

1683583858365|##############################
find 
 Template >>>> 
 titre : null
 Album : album-title-287
 Composers : []
 Interpreters : []

1683583858365|##############################
find 
 Template >>>> 
 titre : null
 Album : album-title-288
 Composers : []
 Interpreters : []

1683583858365|##############################
find 
 Template >>>> 
 titre : title-1998
 Album : album-title-288
 Composers : [composer-220]
 Interpreters : []

1683583858365|##############################
find 
 Template >>>> 
 titre : title-2026
 Album : album-title-291
 Composers : []
 Interpreters : [interpreter-227]

1683583858365|##############################
find 
 Template >>>> 
 titre : null
 Album : album-title-291
 Composers : []
 Interpreters : []

1683583858378|##############################
find 
 Template >>>> 
 titre : title-2035
 Album : null
 Composers : []
 Interpreters : []

1683583858378|##############################
find 
 Template >>>> 
 titre : title-2044
 Album : null
 Composers : []
 Interpreters : [interpreter-228, interpreter-229]

1683583858378|##############################
find 
 Template >>>> 
 titre : title-2055
 Album : album-title-296
 Composers : []
 Interpreters : []

1683583858378|##############################
find 
 Template >>>> 
 titre : null
 Album : album-title-296
 Composers : []
 Interpreters : []

1683583858378|##############################
find 
 Template >>>> 
 titre : null
 Album : null
 Composers : [composer-224]
 Interpreters : []

1683583858378|##############################
find 
 Template >>>> 
 titre : title-2074
 Album : null
 Composers : []
 Interpreters : []

1683583859344|##############################
find 
 Template >>>> 
 titre : title-1981
 Album : album-title-285
 Composers : []
 Interpreters : []

1683583859354|##############################
find 
 Template >>>> 
 titre : title-1989
 Album : null
 Composers : [composer-218, composer-219]
 Interpreters : [interpreter-224, interpreter-223]

1683583859354|##############################
find 
 Template >>>> 
 titre : title-1996
 Album : null
 Composers : [composer-218, composer-219]
 Interpreters : []

1683583859354|##############################
find 
 Template >>>> 
 titre : title-1991
 Album : album-title-287
 Composers : []
 Interpreters : [interpreter-224, interpreter-223]

1683583859355|##############################
find 
 Template >>>> 
 titre : title-2003
 Album : null
 Composers : []
 Interpreters : []

1683583859382|##############################
find 
 Template >>>> 
 titre : title-2023
 Album : null
 Composers : [composer-221, composer-222]
 Interpreters : [interpreter-227]

1683583859382|##############################
find 
 Template >>>> 
 titre : title-2021
 Album : album-title-291
 Composers : []
 Interpreters : [interpreter-227]

1683583859382|##############################
find 
 Template >>>> 
 titre : title-2033
 Album : null
 Composers : []
 Interpreters : []

1683583859382|##############################
find 
 Template >>>> 
 titre : title-2057
 Album : null
 Composers : []
 Interpreters : [interpreter-228, interpreter-229]

1683583859382|##############################
find 
 Template >>>> 
 titre : title-2061
 Album : null
 Composers : [composer-223]
 Interpreters : []

1683583859383|##############################
find 
 Template >>>> 
 titre : title-2064
 Album : null
 Composers : []
 Interpreters : []

1683583859383|##############################
find 
 Template >>>> 
 titre : title-2069
 Album : album-title-298
 Composers : [composer-224, composer-225]
 Interpreters : [interpreter-230]

1683583859383|##############################
find 
 Template >>>> 
 titre : title-2072
 Album : album-title-298
 Composers : []
 Interpreters : []

1683583859383|##############################
find 
 Template >>>> 
 titre : title-2076
 Album : null
 Composers : [composer-224, composer-225]
 Interpreters : [interpreter-230]

1683583860355|##############################
find 
 Template >>>> 
 titre : title-1985
 Album : album-title-286
 Composers : []
 Interpreters : []

1683583860355|##############################
find 
 Template >>>> 
 titre : null
 Album : album-title-286
 Composers : []
 Interpreters : []

1683583860355|##############################
find 
 Template >>>> 
 titre : null
 Album : null
 Composers : []
 Interpreters : [interpreter-225]

1683583860358|##############################
find 
 Template >>>> 
 titre : title-2017
 Album : album-title-290
 Composers : [composer-220]
 Interpreters : [interpreter-226, interpreter-225]

1683583860358|##############################
find 
 Template >>>> 
 titre : title-2019
 Album : null
 Composers : [composer-220]
 Interpreters : []

1683583860358|##############################
find 
 Template >>>> 
 titre : title-2014
 Album : album-title-290
 Composers : []
 Interpreters : [interpreter-226, interpreter-225]

1683583860358|##############################
find 
 Template >>>> 
 titre : null
 Album : null
 Composers : [composer-222]
 Interpreters : []

1683583860358|##############################
find 
 Template >>>> 
 titre : title-2029
 Album : album-title-292
 Composers : [composer-221, composer-222]
 Interpreters : [interpreter-227]

1683583860358|##############################
find 
 Template >>>> 
 titre : title-2039
 Album : null
 Composers : [composer-221, composer-222]
 Interpreters : [interpreter-227]

1683583860358|##############################
find 
 Template >>>> 
 titre : null
 Album : null
 Composers : []
 Interpreters : [interpreter-229]

1683583860358|##############################
find 
 Template >>>> 
 titre : title-2050
 Album : album-title-295
 Composers : [composer-223]
 Interpreters : []

1683583860358|##############################
find 
 Template >>>> 
 titre : title-2063
 Album : album-title-297
 Composers : []
 Interpreters : [interpreter-230]

1683583860358|##############################
find 
 Template >>>> 
 titre : title-2071
 Album : null
 Composers : [composer-224, composer-225]
 Interpreters : []

