1683583851344|##############################
find 
 Template >>>> 
 titre : title-78
 Album : null
 Composers : []
 Interpreters : [interpreter-18, interpreter-19]

1683583851409|##############################
find 
 Template >>>> 
 titre : null
 Album : null
 Composers : [composer-20]
 Interpreters : []

1683583851410|##############################
find 
 Template >>>> 
 titre : null
 Album : null
 Composers : [composer-21]
 Interpreters : []

1683583851411|##############################
find 
 Template >>>> 
 titre : null
 Album : album-title-17
 Composers : []
 Interpreters : []

1683583851411|##############################
find 
 Template >>>> 
 titre : title-110
 Album : null
 Composers : []
 Interpreters : []

1683583851453|##############################
find 
 Template >>>> 
 titre : title-118
 Album : album-title-18
 Composers : [composer-25, composer-26]
 Interpreters : []

1683583851484|##############################
find 
 Template >>>> 
 titre : null
 Album : null
 Composers : [composer-26]
 Interpreters : []

1683583851533|##############################
find 
 Template >>>> 
 titre : title-126
 Album : null
 Composers : [composer-27]
 Interpreters : []

1683583851534|##############################
find 
 Template >>>> 
 titre : null
 Album : null
 Composers : []
 Interpreters : [interpreter-30]

1683583851612|##############################
find 
 Template >>>> 
 titre : title-128
 Album : album-title-19
 Composers : []
 Interpreters : []

1683583851711|##############################
find 
 Template >>>> 
 titre : null
 Album : album-title-19
 Composers : []
 Interpreters : []

1683583851711|##############################
find 
 Template >>>> 
 titre : title-137
 Album : null
 Composers : []
 Interpreters : [interpreter-34, interpreter-33]

1683583851711|##############################
find 
 Template >>>> 
 titre : title-143
 Album : album-title-21
 Composers : []
 Interpreters : []

1683583851711|##############################
find 
 Template >>>> 
 titre : title-149
 Album : null
 Composers : [composer-31]
 Interpreters : [interpreter-35]

1683583851711|##############################
find 
 Template >>>> 
 titre : title-152
 Album : null
 Composers : []
 Interpreters : []

1683583851711|##############################
find 
 Template >>>> 
 titre : title-154
 Album : null
 Composers : [composer-32, composer-33]
 Interpreters : [interpreter-36, interpreter-37]

1683583851711|##############################
find 
 Template >>>> 
 titre : title-163
 Album : album-title-24
 Composers : [composer-34]
 Interpreters : [interpreter-38]

1683583852359|##############################
find 
 Template >>>> 
 titre : title-87
 Album : album-title-13
 Composers : [composer-18]
 Interpreters : [interpreter-20]

1683583852360|##############################
find 
 Template >>>> 
 titre : null
 Album : null
 Composers : [composer-18]
 Interpreters : []

1683583852360|##############################
find 
 Template >>>> 
 titre : title-93
 Album : null
 Composers : []
 Interpreters : [interpreter-21, interpreter-22]

1683583852360|##############################
find 
 Template >>>> 
 titre : title-113
 Album : album-title-17
 Composers : [composer-24]
 Interpreters : [interpreter-26, interpreter-27]

1683583852360|##############################
find 
 Template >>>> 
 titre : title-124
 Album : null
 Composers : []
 Interpreters : [interpreter-30, interpreter-29]

1683583852361|##############################
find 
 Template >>>> 
 titre : null
 Album : null
 Composers : [composer-27]
 Interpreters : []

1683583852361|##############################
find 
 Template >>>> 
 titre : null
 Album : null
 Composers : [composer-29]
 Interpreters : []

1683583852361|##############################
find 
 Template >>>> 
 titre : null
 Album : album-title-21
 Composers : []
 Interpreters : []

1683583853359|##############################
find 
 Template >>>> 
 titre : title-88
 Album : null
 Composers : []
 Interpreters : []

1683583853359|##############################
find 
 Template >>>> 
 titre : null
 Album : album-title-13
 Composers : []
 Interpreters : []

1683583853360|##############################
find 
 Template >>>> 
 titre : title-97
 Album : null
 Composers : [composer-21]
 Interpreters : []

1683583853360|##############################
find 
 Template >>>> 
 titre : null
 Album : null
 Composers : []
 Interpreters : [interpreter-24]

1683583853360|##############################
find 
 Template >>>> 
 titre : title-116
 Album : album-title-18
 Composers : []
 Interpreters : []

1683583853360|##############################
find 
 Template >>>> 
 titre : title-122
 Album : album-title-19
 Composers : [composer-27]
 Interpreters : []

1683583853360|##############################
find 
 Template >>>> 
 titre : title-127
 Album : album-title-19
 Composers : []
 Interpreters : []

1683583853360|##############################
find 
 Template >>>> 
 titre : title-131
 Album : album-title-20
 Composers : []
 Interpreters : [interpreter-31, interpreter-32]

1683583854381|##############################
find 
 Template >>>> 
 titre : title-77
 Album : album-title-12
 Composers : [composer-17]
 Interpreters : []

1683583854398|##############################
find 
 Template >>>> 
 titre : title-79
 Album : album-title-12
 Composers : [composer-17]
 Interpreters : []

1683583854398|##############################
find 
 Template >>>> 
 titre : title-85
 Album : null
 Composers : [composer-18]
 Interpreters : []

1683583854398|##############################
find 
 Template >>>> 
 titre : title-84
 Album : null
 Composers : [composer-18]
 Interpreters : [interpreter-20]

1683583854398|##############################
find 
 Template >>>> 
 titre : null
 Album : null
 Composers : []
 Interpreters : [interpreter-21]

1683583854398|##############################
find 
 Template >>>> 
 titre : title-104
 Album : album-title-16
 Composers : [composer-22, composer-23]
 Interpreters : []

1683583854398|##############################
find 
 Template >>>> 
 titre : title-125
 Album : null
 Composers : []
 Interpreters : [interpreter-30, interpreter-29]

1683583854398|##############################
find 
 Template >>>> 
 titre : null
 Album : null
 Composers : []
 Interpreters : [interpreter-29]

1683583854398|##############################
find 
 Template >>>> 
 titre : null
 Album : null
 Composers : []
 Interpreters : [interpreter-33]

1683583854398|##############################
find 
 Template >>>> 
 titre : title-148
 Album : null
 Composers : [composer-31]
 Interpreters : []

1683583854398|##############################
find 
 Template >>>> 
 titre : null
 Album : null
 Composers : [composer-33]
 Interpreters : []

1683583854398|##############################
find 
 Template >>>> 
 titre : null
 Album : null
 Composers : []
 Interpreters : [interpreter-36]

1683583854398|##############################
find 
 Template >>>> 
 titre : null
 Album : null
 Composers : [composer-32]
 Interpreters : []

1683583854398|##############################
find 
 Template >>>> 
 titre : title-157
 Album : null
 Composers : []
 Interpreters : [interpreter-36, interpreter-37]

1683583854398|##############################
find 
 Template >>>> 
 titre : title-156
 Album : null
 Composers : []
 Interpreters : []

1683583854398|##############################
find 
 Template >>>> 
 titre : title-162
 Album : null
 Composers : []
 Interpreters : []

1683583855368|##############################
find 
 Template >>>> 
 titre : null
 Album : null
 Composers : []
 Interpreters : [interpreter-19]

1683583855368|##############################
find 
 Template >>>> 
 titre : title-89
 Album : null
 Composers : [composer-18]
 Interpreters : [interpreter-20]

1683583855368|##############################
find 
 Template >>>> 
 titre : title-98
 Album : album-title-15
 Composers : [composer-21]
 Interpreters : []

1683583855368|##############################
find 
 Template >>>> 
 titre : title-100
 Album : album-title-15
 Composers : []
 Interpreters : [interpreter-23]

1683583855369|##############################
find 
 Template >>>> 
 titre : null
 Album : null
 Composers : []
 Interpreters : [interpreter-23]

1683583855443|##############################
find 
 Template >>>> 
 titre : title-105
 Album : null
 Composers : [composer-22, composer-23]
 Interpreters : []

1683583855443|##############################
find 
 Template >>>> 
 titre : title-108
 Album : null
 Composers : []
 Interpreters : [interpreter-24, interpreter-25]

1683583855443|##############################
find 
 Template >>>> 
 titre : title-114
 Album : album-title-17
 Composers : []
 Interpreters : [interpreter-26, interpreter-27]

1683583855443|##############################
find 
 Template >>>> 
 titre : title-117
 Album : album-title-18
 Composers : []
 Interpreters : [interpreter-28]

1683583855443|##############################
find 
 Template >>>> 
 titre : title-129
 Album : null
 Composers : [composer-27]
 Interpreters : [interpreter-30, interpreter-29]

1683583855443|##############################
find 
 Template >>>> 
 titre : title-132
 Album : album-title-20
 Composers : []
 Interpreters : []

1683583855443|##############################
find 
 Template >>>> 
 titre : title-136
 Album : album-title-20
 Composers : []
 Interpreters : [interpreter-31, interpreter-32]

1683583855443|##############################
find 
 Template >>>> 
 titre : title-146
 Album : null
 Composers : [composer-31]
 Interpreters : [interpreter-35]

1683583855443|##############################
find 
 Template >>>> 
 titre : title-145
 Album : null
 Composers : [composer-31]
 Interpreters : []

1683583856368|##############################
find 
 Template >>>> 
 titre : title-101
 Album : null
 Composers : []
 Interpreters : [interpreter-23]

1683583856368|##############################
find 
 Template >>>> 
 titre : title-96
 Album : null
 Composers : []
 Interpreters : []

1683583856368|##############################
find 
 Template >>>> 
 titre : title-103
 Album : album-title-16
 Composers : [composer-22, composer-23]
 Interpreters : []

1683583856368|##############################
find 
 Template >>>> 
 titre : title-109
 Album : album-title-17
 Composers : [composer-24]
 Interpreters : []

1683583856368|##############################
find 
 Template >>>> 
 titre : null
 Album : null
 Composers : []
 Interpreters : [interpreter-26]

1683583856368|##############################
find 
 Template >>>> 
 titre : title-115
 Album : null
 Composers : []
 Interpreters : []

1683583856369|##############################
find 
 Template >>>> 
 titre : null
 Album : album-title-20
 Composers : []
 Interpreters : []

1683583856369|##############################
find 
 Template >>>> 
 titre : title-139
 Album : null
 Composers : []
 Interpreters : []

1683583856369|##############################
find 
 Template >>>> 
 titre : title-138
 Album : album-title-21
 Composers : [composer-30]
 Interpreters : [interpreter-34, interpreter-33]

1683583856369|##############################
find 
 Template >>>> 
 titre : null
 Album : null
 Composers : [composer-30]
 Interpreters : []

1683583856369|##############################
find 
 Template >>>> 
 titre : title-151
 Album : album-title-22
 Composers : [composer-31]
 Interpreters : []

1683583856369|##############################
find 
 Template >>>> 
 titre : null
 Album : null
 Composers : [composer-31]
 Interpreters : []

1683583857368|##############################
find 
 Template >>>> 
 titre : null
 Album : null
 Composers : []
 Interpreters : [interpreter-22]

1683583857368|##############################
find 
 Template >>>> 
 titre : title-94
 Album : null
 Composers : []
 Interpreters : [interpreter-21, interpreter-22]

1683583857368|##############################
find 
 Template >>>> 
 titre : title-99
 Album : null
 Composers : []
 Interpreters : []

1683583857368|##############################
find 
 Template >>>> 
 titre : null
 Album : null
 Composers : []
 Interpreters : [interpreter-27]

1683583857369|##############################
find 
 Template >>>> 
 titre : null
 Album : null
 Composers : []
 Interpreters : [interpreter-28]

1683583857369|##############################
find 
 Template >>>> 
 titre : null
 Album : null
 Composers : [composer-25]
 Interpreters : []

1683583857369|##############################
find 
 Template >>>> 
 titre : null
 Album : null
 Composers : [composer-28]
 Interpreters : []

1683583857369|##############################
find 
 Template >>>> 
 titre : title-133
 Album : album-title-20
 Composers : [composer-29, composer-28]
 Interpreters : [interpreter-31, interpreter-32]

1683583857369|##############################
find 
 Template >>>> 
 titre : title-140
 Album : album-title-21
 Composers : [composer-30]
 Interpreters : [interpreter-34, interpreter-33]

1683583857369|##############################
find 
 Template >>>> 
 titre : null
 Album : null
 Composers : []
 Interpreters : [interpreter-38]

1683583857369|##############################
find 
 Template >>>> 
 titre : null
 Album : null
 Composers : [composer-34]
 Interpreters : []

1683583858365|##############################
find 
 Template >>>> 
 titre : title-83
 Album : album-title-13
 Composers : [composer-18]
 Interpreters : [interpreter-20]

1683583858366|##############################
find 
 Template >>>> 
 titre : null
 Album : album-title-14
 Composers : []
 Interpreters : []

1683583858366|##############################
find 
 Template >>>> 
 titre : title-107
 Album : null
 Composers : []
 Interpreters : [interpreter-24, interpreter-25]

1683583858366|##############################
find 
 Template >>>> 
 titre : null
 Album : null
 Composers : [composer-22]
 Interpreters : []

1683583858366|##############################
find 
 Template >>>> 
 titre : null
 Album : null
 Composers : [composer-23]
 Interpreters : []

1683583858366|##############################
find 
 Template >>>> 
 titre : null
 Album : null
 Composers : [composer-24]
 Interpreters : []

1683583858366|##############################
find 
 Template >>>> 
 titre : title-120
 Album : album-title-18
 Composers : []
 Interpreters : [interpreter-28]

1683583858460|##############################
find 
 Template >>>> 
 titre : title-119
 Album : album-title-18
 Composers : [composer-25, composer-26]
 Interpreters : [interpreter-28]

1683583858460|##############################
find 
 Template >>>> 
 titre : title-135
 Album : album-title-20
 Composers : []
 Interpreters : [interpreter-31, interpreter-32]

1683583858460|##############################
find 
 Template >>>> 
 titre : title-141
 Album : album-title-21
 Composers : [composer-30]
 Interpreters : [interpreter-34, interpreter-33]

1683583858460|##############################
find 
 Template >>>> 
 titre : title-142
 Album : null
 Composers : []
 Interpreters : [interpreter-34, interpreter-33]

1683583859367|##############################
find 
 Template >>>> 
 titre : title-86
 Album : album-title-13
 Composers : [composer-18]
 Interpreters : []

1683583859367|##############################
find 
 Template >>>> 
 titre : title-92
 Album : album-title-14
 Composers : []
 Interpreters : [interpreter-21, interpreter-22]

1683583859367|##############################
find 
 Template >>>> 
 titre : title-102
 Album : album-title-15
 Composers : []
 Interpreters : []

1683583859367|##############################
find 
 Template >>>> 
 titre : null
 Album : album-title-15
 Composers : []
 Interpreters : []

1683583859367|##############################
find 
 Template >>>> 
 titre : title-111
 Album : album-title-17
 Composers : []
 Interpreters : [interpreter-26, interpreter-27]

1683583859367|##############################
find 
 Template >>>> 
 titre : title-112
 Album : null
 Composers : []
 Interpreters : [interpreter-26, interpreter-27]

1683583859367|##############################
find 
 Template >>>> 
 titre : title-121
 Album : null
 Composers : [composer-25, composer-26]
 Interpreters : [interpreter-28]

1683583859367|##############################
find 
 Template >>>> 
 titre : title-134
 Album : album-title-20
 Composers : [composer-29, composer-28]
 Interpreters : [interpreter-31, interpreter-32]

1683583859367|##############################
find 
 Template >>>> 
 titre : title-147
 Album : album-title-22
 Composers : [composer-31]
 Interpreters : []

1683583859367|##############################
find 
 Template >>>> 
 titre : title-153
 Album : album-title-23
 Composers : [composer-32, composer-33]
 Interpreters : [interpreter-36, interpreter-37]

1683583860378|##############################
find 
 Template >>>> 
 titre : title-81
 Album : null
 Composers : []
 Interpreters : []

1683583860378|##############################
find 
 Template >>>> 
 titre : title-90
 Album : album-title-13
 Composers : [composer-18]
 Interpreters : []

1683583860378|##############################
find 
 Template >>>> 
 titre : null
 Album : null
 Composers : []
 Interpreters : [interpreter-20]

1683583860379|##############################
find 
 Template >>>> 
 titre : null
 Album : null
 Composers : [composer-19]
 Interpreters : []

1683583860379|##############################
find 
 Template >>>> 
 titre : title-91
 Album : null
 Composers : []
 Interpreters : []

1683583860379|##############################
find 
 Template >>>> 
 titre : title-95
 Album : null
 Composers : []
 Interpreters : [interpreter-21, interpreter-22]

1683583860379|##############################
find 
 Template >>>> 
 titre : null
 Album : null
 Composers : []
 Interpreters : [interpreter-25]

1683583860379|##############################
find 
 Template >>>> 
 titre : title-106
 Album : album-title-16
 Composers : [composer-22, composer-23]
 Interpreters : [interpreter-24, interpreter-25]

1683583860379|##############################
find 
 Template >>>> 
 titre : null
 Album : album-title-16
 Composers : []
 Interpreters : []

1683583860379|##############################
find 
 Template >>>> 
 titre : null
 Album : album-title-18
 Composers : []
 Interpreters : []

1683583860379|##############################
find 
 Template >>>> 
 titre : title-123
 Album : album-title-19
 Composers : [composer-27]
 Interpreters : []

1683583860379|##############################
find 
 Template >>>> 
 titre : title-130
 Album : album-title-20
 Composers : []
 Interpreters : [interpreter-31, interpreter-32]

1683583860379|##############################
find 
 Template >>>> 
 titre : null
 Album : null
 Composers : []
 Interpreters : [interpreter-31]

1683583860379|##############################
find 
 Template >>>> 
 titre : null
 Album : null
 Composers : []
 Interpreters : [interpreter-32]

1683583860379|##############################
find 
 Template >>>> 
 titre : null
 Album : null
 Composers : []
 Interpreters : [interpreter-34]

1683583860379|##############################
find 
 Template >>>> 
 titre : title-144
 Album : album-title-21
 Composers : [composer-30]
 Interpreters : [interpreter-34, interpreter-33]

1683583860380|##############################
find 
 Template >>>> 
 titre : null
 Album : null
 Composers : []
 Interpreters : [interpreter-35]

1683583860380|##############################
find 
 Template >>>> 
 titre : title-150
 Album : null
 Composers : []
 Interpreters : []

1683583860380|##############################
find 
 Template >>>> 
 titre : null
 Album : album-title-22
 Composers : []
 Interpreters : []

1683583860380|##############################
find 
 Template >>>> 
 titre : null
 Album : null
 Composers : []
 Interpreters : [interpreter-37]

1683583860380|##############################
find 
 Template >>>> 
 titre : null
 Album : album-title-23
 Composers : []
 Interpreters : []

1683583860380|##############################
find 
 Template >>>> 
 titre : title-155
 Album : album-title-23
 Composers : [composer-32, composer-33]
 Interpreters : [interpreter-36, interpreter-37]

