1683757015943|##############################
find 
 Template >>>> 
 titre : null
 Album : null
 Composers : []
 Interpreters : [interpreter-128]

1683757015995|##############################
match 
 Template >>>> 
 titre : null
 Album : album-title-117
 Composers : []
 Interpreters : []

1683757016446|@@@@@@@@@@@@@@@@@@@@@@@@@@@@@
resultat du match 
 Template >>>> 
 titre : null
 Album : album-title-117
 Composers : []
 Interpreters : [] : [
Descriptor >>>> 
 Template >>>> 
 titre : title-801
 Album : album-title-117
 Composers : [composer-124, composer-125]
 Interpreters : [interpreter-127, interpreter-128]
 Node Address : ef6c7681-d466-41e6-a9d2-565d656508ce, 
Descriptor >>>> 
 Template >>>> 
 titre : title-797
 Album : album-title-117
 Composers : [composer-124, composer-125]
 Interpreters : [interpreter-127, interpreter-128]
 Node Address : ef6c7681-d466-41e6-a9d2-565d656508ce, 
Descriptor >>>> 
 Template >>>> 
 titre : title-800
 Album : album-title-117
 Composers : [composer-124, composer-125]
 Interpreters : [interpreter-127, interpreter-128]
 Node Address : ef6c7681-d466-41e6-a9d2-565d656508ce, 
Descriptor >>>> 
 Template >>>> 
 titre : title-798
 Album : album-title-117
 Composers : [composer-124, composer-125]
 Interpreters : [interpreter-127, interpreter-128]
 Node Address : ef6c7681-d466-41e6-a9d2-565d656508ce, 
Descriptor >>>> 
 Template >>>> 
 titre : title-799
 Album : album-title-117
 Composers : [composer-124, composer-125]
 Interpreters : [interpreter-127, interpreter-128]
 Node Address : ef6c7681-d466-41e6-a9d2-565d656508ce]

1683757016446|##############################
match 
 Template >>>> 
 titre : title-797
 Album : album-title-117
 Composers : [composer-124, composer-125]
 Interpreters : [interpreter-127, interpreter-128]

1683757016460|@@@@@@@@@@@@@@@@@@@@@@@@@@@@@
resultat du match 
 Template >>>> 
 titre : title-797
 Album : album-title-117
 Composers : [composer-124, composer-125]
 Interpreters : [interpreter-127, interpreter-128] : []

1683757016460|##############################
find 
 Template >>>> 
 titre : title-809
 Album : null
 Composers : []
 Interpreters : [interpreter-129, interpreter-130]

1683757016460|##############################
find 
 Template >>>> 
 titre : title-821
 Album : album-title-120
 Composers : [composer-128, composer-129]
 Interpreters : [interpreter-132, interpreter-131]

1683757016460|##############################
find 
 Template >>>> 
 titre : title-820
 Album : null
 Composers : [composer-128, composer-129]
 Interpreters : []

1683757016461|##############################
match 
 Template >>>> 
 titre : title-840
 Album : album-title-123
 Composers : []
 Interpreters : [interpreter-134, interpreter-133]

1683757016473|@@@@@@@@@@@@@@@@@@@@@@@@@@@@@
resultat du match 
 Template >>>> 
 titre : title-840
 Album : album-title-123
 Composers : []
 Interpreters : [interpreter-134, interpreter-133] : [
Descriptor >>>> 
 Template >>>> 
 titre : title-840
 Album : album-title-123
 Composers : [composer-131, composer-130]
 Interpreters : [interpreter-134, interpreter-133]
 Node Address : 5e42ee5b-94d2-47a1-bb09-d49f44f596de]

1683757016473|##############################
find 
 Template >>>> 
 titre : null
 Album : null
 Composers : [composer-132]
 Interpreters : []

1683757016474|##############################
find 
 Template >>>> 
 titre : title-848
 Album : null
 Composers : []
 Interpreters : []

1683757016474|##############################
match 
 Template >>>> 
 titre : title-845
 Album : album-title-124
 Composers : [composer-133, composer-132]
 Interpreters : [interpreter-136, interpreter-135]

1683757016614|@@@@@@@@@@@@@@@@@@@@@@@@@@@@@
resultat du match 
 Template >>>> 
 titre : title-845
 Album : album-title-124
 Composers : [composer-133, composer-132]
 Interpreters : [interpreter-136, interpreter-135] : []

1683757016614|##############################
find 
 Template >>>> 
 titre : title-844
 Album : album-title-124
 Composers : [composer-133, composer-132]
 Interpreters : []

1683757016615|##############################
find 
 Template >>>> 
 titre : title-866
 Album : album-title-127
 Composers : []
 Interpreters : [interpreter-137]

1683757016615|##############################
find 
 Template >>>> 
 titre : title-870
 Album : album-title-128
 Composers : [composer-136, composer-137]
 Interpreters : [interpreter-138, interpreter-139]

1683757016616|##############################
find 
 Template >>>> 
 titre : title-879
 Album : null
 Composers : [composer-136, composer-137]
 Interpreters : [interpreter-138, interpreter-139]

1683757016616|##############################
find 
 Template >>>> 
 titre : title-880
 Album : null
 Composers : []
 Interpreters : []

1683757016943|##############################
find 
 Template >>>> 
 titre : title-790
 Album : album-title-116
 Composers : [composer-124, composer-125]
 Interpreters : []

1683757016943|##############################
match 
 Template >>>> 
 titre : title-800
 Album : null
 Composers : []
 Interpreters : []

1683757017235|@@@@@@@@@@@@@@@@@@@@@@@@@@@@@
resultat du match 
 Template >>>> 
 titre : title-800
 Album : null
 Composers : []
 Interpreters : [] : [
Descriptor >>>> 
 Template >>>> 
 titre : title-800
 Album : album-title-117
 Composers : [composer-124, composer-125]
 Interpreters : [interpreter-127, interpreter-128]
 Node Address : ef6c7681-d466-41e6-a9d2-565d656508ce]

1683757017235|##############################
find 
 Template >>>> 
 titre : title-808
 Album : null
 Composers : [composer-126, composer-127]
 Interpreters : []

1683757017236|##############################
find 
 Template >>>> 
 titre : null
 Album : null
 Composers : [composer-127]
 Interpreters : []

1683757017236|##############################
find 
 Template >>>> 
 titre : title-804
 Album : album-title-118
 Composers : []
 Interpreters : []

1683757017237|##############################
find 
 Template >>>> 
 titre : title-802
 Album : album-title-118
 Composers : []
 Interpreters : [interpreter-129, interpreter-130]

1683757017243|##############################
find 
 Template >>>> 
 titre : title-815
 Album : null
 Composers : []
 Interpreters : [interpreter-129, interpreter-130]

1683757017244|##############################
find 
 Template >>>> 
 titre : title-817
 Album : null
 Composers : [composer-128, composer-129]
 Interpreters : []

1683757017296|##############################
match 
 Template >>>> 
 titre : title-830
 Album : album-title-121
 Composers : [composer-128, composer-129]
 Interpreters : []

1683757017308|@@@@@@@@@@@@@@@@@@@@@@@@@@@@@
resultat du match 
 Template >>>> 
 titre : title-830
 Album : album-title-121
 Composers : [composer-128, composer-129]
 Interpreters : [] : []

1683757017309|##############################
find 
 Template >>>> 
 titre : null
 Album : album-title-124
 Composers : []
 Interpreters : []

1683757017309|##############################
match 
 Template >>>> 
 titre : title-849
 Album : album-title-125
 Composers : []
 Interpreters : [interpreter-136, interpreter-135]

1683757017311|@@@@@@@@@@@@@@@@@@@@@@@@@@@@@
resultat du match 
 Template >>>> 
 titre : title-849
 Album : album-title-125
 Composers : []
 Interpreters : [interpreter-136, interpreter-135] : []

1683757017311|##############################
find 
 Template >>>> 
 titre : title-863
 Album : album-title-127
 Composers : [composer-135, composer-134]
 Interpreters : []

1683757017311|##############################
find 
 Template >>>> 
 titre : title-873
 Album : null
 Composers : [composer-136, composer-137]
 Interpreters : [interpreter-138, interpreter-139]

1683757017972|##############################
find 
 Template >>>> 
 titre : title-806
 Album : album-title-118
 Composers : []
 Interpreters : [interpreter-129, interpreter-130]

1683757018015|##############################
find 
 Template >>>> 
 titre : title-810
 Album : null
 Composers : [composer-126, composer-127]
 Interpreters : [interpreter-129, interpreter-130]

1683757018015|##############################
match 
 Template >>>> 
 titre : null
 Album : null
 Composers : [composer-128]
 Interpreters : []

1683757018107|@@@@@@@@@@@@@@@@@@@@@@@@@@@@@
resultat du match 
 Template >>>> 
 titre : null
 Album : null
 Composers : [composer-128]
 Interpreters : [] : [
Descriptor >>>> 
 Template >>>> 
 titre : title-830
 Album : album-title-121
 Composers : [composer-128, composer-129]
 Interpreters : [interpreter-132, interpreter-131]
 Node Address : 4c5d058c-c57b-4507-a813-003993f7048f, 
Descriptor >>>> 
 Template >>>> 
 titre : title-826
 Album : album-title-121
 Composers : [composer-128, composer-129]
 Interpreters : [interpreter-132, interpreter-131]
 Node Address : 4c5d058c-c57b-4507-a813-003993f7048f, 
Descriptor >>>> 
 Template >>>> 
 titre : title-828
 Album : album-title-121
 Composers : [composer-128, composer-129]
 Interpreters : [interpreter-132, interpreter-131]
 Node Address : 4c5d058c-c57b-4507-a813-003993f7048f, 
Descriptor >>>> 
 Template >>>> 
 titre : title-827
 Album : album-title-121
 Composers : [composer-128, composer-129]
 Interpreters : [interpreter-132, interpreter-131]
 Node Address : 4c5d058c-c57b-4507-a813-003993f7048f, 
Descriptor >>>> 
 Template >>>> 
 titre : title-825
 Album : album-title-121
 Composers : [composer-128, composer-129]
 Interpreters : [interpreter-132, interpreter-131]
 Node Address : 4c5d058c-c57b-4507-a813-003993f7048f, 
Descriptor >>>> 
 Template >>>> 
 titre : title-831
 Album : album-title-121
 Composers : [composer-128, composer-129]
 Interpreters : [interpreter-132, interpreter-131]
 Node Address : 4c5d058c-c57b-4507-a813-003993f7048f, 
Descriptor >>>> 
 Template >>>> 
 titre : title-829
 Album : album-title-121
 Composers : [composer-128, composer-129]
 Interpreters : [interpreter-132, interpreter-131]
 Node Address : 4c5d058c-c57b-4507-a813-003993f7048f]

1683757018107|##############################
match 
 Template >>>> 
 titre : title-818
 Album : null
 Composers : []
 Interpreters : [interpreter-132, interpreter-131]

1683757018136|@@@@@@@@@@@@@@@@@@@@@@@@@@@@@
resultat du match 
 Template >>>> 
 titre : title-818
 Album : null
 Composers : []
 Interpreters : [interpreter-132, interpreter-131] : []

1683757018136|##############################
find 
 Template >>>> 
 titre : title-835
 Album : null
 Composers : []
 Interpreters : []

1683757018137|##############################
find 
 Template >>>> 
 titre : null
 Album : null
 Composers : []
 Interpreters : [interpreter-135]

1683757018137|##############################
find 
 Template >>>> 
 titre : title-856
 Album : album-title-126
 Composers : []
 Interpreters : [interpreter-137]

1683757018137|##############################
find 
 Template >>>> 
 titre : title-869
 Album : null
 Composers : [composer-136, composer-137]
 Interpreters : []

1683757018138|##############################
match 
 Template >>>> 
 titre : title-875
 Album : album-title-128
 Composers : []
 Interpreters : [interpreter-138, interpreter-139]

1683757018235|@@@@@@@@@@@@@@@@@@@@@@@@@@@@@
resultat du match 
 Template >>>> 
 titre : title-875
 Album : album-title-128
 Composers : []
 Interpreters : [interpreter-138, interpreter-139] : []

1683757018940|##############################
find 
 Template >>>> 
 titre : title-794
 Album : album-title-116
 Composers : []
 Interpreters : [interpreter-127, interpreter-128]

1683757018942|##############################
find 
 Template >>>> 
 titre : title-801
 Album : null
 Composers : [composer-124, composer-125]
 Interpreters : []

1683757018943|##############################
find 
 Template >>>> 
 titre : null
 Album : null
 Composers : []
 Interpreters : [interpreter-129]

1683757018943|##############################
find 
 Template >>>> 
 titre : title-805
 Album : null
 Composers : [composer-126, composer-127]
 Interpreters : []

1683757018944|##############################
match 
 Template >>>> 
 titre : title-811
 Album : null
 Composers : []
 Interpreters : []

1683757018957|@@@@@@@@@@@@@@@@@@@@@@@@@@@@@
resultat du match 
 Template >>>> 
 titre : title-811
 Album : null
 Composers : []
 Interpreters : [] : [
Descriptor >>>> 
 Template >>>> 
 titre : title-811
 Album : album-title-119
 Composers : [composer-126, composer-127]
 Interpreters : [interpreter-129, interpreter-130]
 Node Address : 96099d76-8638-4280-90aa-8397f9bf0276]

1683757018957|##############################
find 
 Template >>>> 
 titre : null
 Album : null
 Composers : []
 Interpreters : [interpreter-131]

1683757018958|##############################
match 
 Template >>>> 
 titre : title-837
 Album : null
 Composers : []
 Interpreters : [interpreter-134, interpreter-133]

1683757019035|@@@@@@@@@@@@@@@@@@@@@@@@@@@@@
resultat du match 
 Template >>>> 
 titre : title-837
 Album : null
 Composers : []
 Interpreters : [interpreter-134, interpreter-133] : [
Descriptor >>>> 
 Template >>>> 
 titre : title-837
 Album : album-title-122
 Composers : [composer-131, composer-130]
 Interpreters : [interpreter-134, interpreter-133]
 Node Address : 64c59e42-e36e-4296-bb57-3d589d2174aa]

1683757019035|##############################
find 
 Template >>>> 
 titre : title-834
 Album : null
 Composers : [composer-131, composer-130]
 Interpreters : []

1683757019035|##############################
find 
 Template >>>> 
 titre : title-836
 Album : null
 Composers : [composer-131, composer-130]
 Interpreters : [interpreter-134, interpreter-133]

1683757019067|##############################
find 
 Template >>>> 
 titre : title-843
 Album : null
 Composers : []
 Interpreters : []

1683757019097|##############################
find 
 Template >>>> 
 titre : title-846
 Album : album-title-124
 Composers : [composer-133, composer-132]
 Interpreters : []

1683757019097|##############################
find 
 Template >>>> 
 titre : title-850
 Album : album-title-125
 Composers : []
 Interpreters : [interpreter-136, interpreter-135]

1683757019097|##############################
match 
 Template >>>> 
 titre : title-853
 Album : album-title-125
 Composers : [composer-133, composer-132]
 Interpreters : [interpreter-136, interpreter-135]

1683757019110|@@@@@@@@@@@@@@@@@@@@@@@@@@@@@
resultat du match 
 Template >>>> 
 titre : title-853
 Album : album-title-125
 Composers : [composer-133, composer-132]
 Interpreters : [interpreter-136, interpreter-135] : [
Descriptor >>>> 
 Template >>>> 
 titre : title-853
 Album : album-title-125
 Composers : [composer-133, composer-132]
 Interpreters : [interpreter-136, interpreter-135]
 Node Address : aa0ba721-7e77-44cf-91f7-ab7b189bb1d3]

1683757019110|##############################
find 
 Template >>>> 
 titre : title-860
 Album : null
 Composers : [composer-135, composer-134]
 Interpreters : []

1683757019114|##############################
find 
 Template >>>> 
 titre : title-861
 Album : album-title-127
 Composers : [composer-135, composer-134]
 Interpreters : []

1683757019115|##############################
match 
 Template >>>> 
 titre : title-864
 Album : null
 Composers : [composer-135, composer-134]
 Interpreters : []

1683757019147|@@@@@@@@@@@@@@@@@@@@@@@@@@@@@
resultat du match 
 Template >>>> 
 titre : title-864
 Album : null
 Composers : [composer-135, composer-134]
 Interpreters : [] : [
Descriptor >>>> 
 Template >>>> 
 titre : title-864
 Album : album-title-127
 Composers : [composer-135, composer-134]
 Interpreters : [interpreter-137]
 Node Address : dc06206f-a20e-42fa-a83f-fb2978b49788]

1683757019147|##############################
find 
 Template >>>> 
 titre : null
 Album : null
 Composers : []
 Interpreters : [interpreter-138]

1683757019148|##############################
find 
 Template >>>> 
 titre : null
 Album : null
 Composers : [composer-136]
 Interpreters : []

1683757019149|##############################
find 
 Template >>>> 
 titre : title-877
 Album : null
 Composers : []
 Interpreters : []

1683757019944|##############################
find 
 Template >>>> 
 titre : title-793
 Album : null
 Composers : []
 Interpreters : []

1683757020031|##############################
match 
 Template >>>> 
 titre : null
 Album : null
 Composers : []
 Interpreters : [interpreter-130]

1683757020044|@@@@@@@@@@@@@@@@@@@@@@@@@@@@@
resultat du match 
 Template >>>> 
 titre : null
 Album : null
 Composers : []
 Interpreters : [interpreter-130] : [
Descriptor >>>> 
 Template >>>> 
 titre : title-805
 Album : album-title-118
 Composers : [composer-126, composer-127]
 Interpreters : [interpreter-129, interpreter-130]
 Node Address : 8f9d7097-edef-48a3-afe6-482e47d3aeae, 
Descriptor >>>> 
 Template >>>> 
 titre : title-810
 Album : album-title-119
 Composers : [composer-126, composer-127]
 Interpreters : [interpreter-129, interpreter-130]
 Node Address : 96099d76-8638-4280-90aa-8397f9bf0276, 
Descriptor >>>> 
 Template >>>> 
 titre : title-812
 Album : album-title-119
 Composers : [composer-126, composer-127]
 Interpreters : [interpreter-129, interpreter-130]
 Node Address : 96099d76-8638-4280-90aa-8397f9bf0276, 
Descriptor >>>> 
 Template >>>> 
 titre : title-811
 Album : album-title-119
 Composers : [composer-126, composer-127]
 Interpreters : [interpreter-129, interpreter-130]
 Node Address : 96099d76-8638-4280-90aa-8397f9bf0276, 
Descriptor >>>> 
 Template >>>> 
 titre : title-806
 Album : album-title-118
 Composers : [composer-126, composer-127]
 Interpreters : [interpreter-129, interpreter-130]
 Node Address : 8f9d7097-edef-48a3-afe6-482e47d3aeae, 
Descriptor >>>> 
 Template >>>> 
 titre : title-815
 Album : album-title-119
 Composers : [composer-126, composer-127]
 Interpreters : [interpreter-129, interpreter-130]
 Node Address : 96099d76-8638-4280-90aa-8397f9bf0276, 
Descriptor >>>> 
 Template >>>> 
 titre : title-813
 Album : album-title-119
 Composers : [composer-126, composer-127]
 Interpreters : [interpreter-129, interpreter-130]
 Node Address : 96099d76-8638-4280-90aa-8397f9bf0276, 
Descriptor >>>> 
 Template >>>> 
 titre : title-814
 Album : album-title-119
 Composers : [composer-126, composer-127]
 Interpreters : [interpreter-129, interpreter-130]
 Node Address : 96099d76-8638-4280-90aa-8397f9bf0276, 
Descriptor >>>> 
 Template >>>> 
 titre : title-807
 Album : album-title-118
 Composers : [composer-126, composer-127]
 Interpreters : [interpreter-129, interpreter-130]
 Node Address : 8f9d7097-edef-48a3-afe6-482e47d3aeae, 
Descriptor >>>> 
 Template >>>> 
 titre : title-803
 Album : album-title-118
 Composers : [composer-126, composer-127]
 Interpreters : [interpreter-129, interpreter-130]
 Node Address : 8f9d7097-edef-48a3-afe6-482e47d3aeae, 
Descriptor >>>> 
 Template >>>> 
 titre : title-809
 Album : album-title-119
 Composers : [composer-126, composer-127]
 Interpreters : [interpreter-129, interpreter-130]
 Node Address : 96099d76-8638-4280-90aa-8397f9bf0276, 
Descriptor >>>> 
 Template >>>> 
 titre : title-808
 Album : album-title-118
 Composers : [composer-126, composer-127]
 Interpreters : [interpreter-129, interpreter-130]
 Node Address : 8f9d7097-edef-48a3-afe6-482e47d3aeae, 
Descriptor >>>> 
 Template >>>> 
 titre : title-802
 Album : album-title-118
 Composers : [composer-126, composer-127]
 Interpreters : [interpreter-129, interpreter-130]
 Node Address : 8f9d7097-edef-48a3-afe6-482e47d3aeae, 
Descriptor >>>> 
 Template >>>> 
 titre : title-804
 Album : album-title-118
 Composers : [composer-126, composer-127]
 Interpreters : [interpreter-129, interpreter-130]
 Node Address : 8f9d7097-edef-48a3-afe6-482e47d3aeae]

1683757020044|##############################
find 
 Template >>>> 
 titre : title-813
 Album : null
 Composers : [composer-126, composer-127]
 Interpreters : []

1683757020045|##############################
find 
 Template >>>> 
 titre : title-816
 Album : album-title-120
 Composers : [composer-128, composer-129]
 Interpreters : []

1683757020046|##############################
match 
 Template >>>> 
 titre : null
 Album : album-title-121
 Composers : []
 Interpreters : []

1683757020127|@@@@@@@@@@@@@@@@@@@@@@@@@@@@@
resultat du match 
 Template >>>> 
 titre : null
 Album : album-title-121
 Composers : []
 Interpreters : [] : [
Descriptor >>>> 
 Template >>>> 
 titre : title-830
 Album : album-title-121
 Composers : [composer-128, composer-129]
 Interpreters : [interpreter-132, interpreter-131]
 Node Address : 4c5d058c-c57b-4507-a813-003993f7048f, 
Descriptor >>>> 
 Template >>>> 
 titre : title-826
 Album : album-title-121
 Composers : [composer-128, composer-129]
 Interpreters : [interpreter-132, interpreter-131]
 Node Address : 4c5d058c-c57b-4507-a813-003993f7048f, 
Descriptor >>>> 
 Template >>>> 
 titre : title-828
 Album : album-title-121
 Composers : [composer-128, composer-129]
 Interpreters : [interpreter-132, interpreter-131]
 Node Address : 4c5d058c-c57b-4507-a813-003993f7048f, 
Descriptor >>>> 
 Template >>>> 
 titre : title-827
 Album : album-title-121
 Composers : [composer-128, composer-129]
 Interpreters : [interpreter-132, interpreter-131]
 Node Address : 4c5d058c-c57b-4507-a813-003993f7048f, 
Descriptor >>>> 
 Template >>>> 
 titre : title-825
 Album : album-title-121
 Composers : [composer-128, composer-129]
 Interpreters : [interpreter-132, interpreter-131]
 Node Address : 4c5d058c-c57b-4507-a813-003993f7048f, 
Descriptor >>>> 
 Template >>>> 
 titre : title-831
 Album : album-title-121
 Composers : [composer-128, composer-129]
 Interpreters : [interpreter-132, interpreter-131]
 Node Address : 4c5d058c-c57b-4507-a813-003993f7048f, 
Descriptor >>>> 
 Template >>>> 
 titre : title-829
 Album : album-title-121
 Composers : [composer-128, composer-129]
 Interpreters : [interpreter-132, interpreter-131]
 Node Address : 4c5d058c-c57b-4507-a813-003993f7048f]

1683757020127|##############################
find 
 Template >>>> 
 titre : title-833
 Album : null
 Composers : [composer-131, composer-130]
 Interpreters : [interpreter-134, interpreter-133]

1683757020128|##############################
find 
 Template >>>> 
 titre : null
 Album : null
 Composers : [composer-131]
 Interpreters : []

1683757020129|##############################
match 
 Template >>>> 
 titre : null
 Album : album-title-123
 Composers : []
 Interpreters : []

1683757020264|@@@@@@@@@@@@@@@@@@@@@@@@@@@@@
resultat du match 
 Template >>>> 
 titre : null
 Album : album-title-123
 Composers : []
 Interpreters : [] : [
Descriptor >>>> 
 Template >>>> 
 titre : title-840
 Album : album-title-123
 Composers : [composer-131, composer-130]
 Interpreters : [interpreter-134, interpreter-133]
 Node Address : 5e42ee5b-94d2-47a1-bb09-d49f44f596de, 
Descriptor >>>> 
 Template >>>> 
 titre : title-843
 Album : album-title-123
 Composers : [composer-131, composer-130]
 Interpreters : [interpreter-134, interpreter-133]
 Node Address : 5e42ee5b-94d2-47a1-bb09-d49f44f596de, 
Descriptor >>>> 
 Template >>>> 
 titre : title-839
 Album : album-title-123
 Composers : [composer-131, composer-130]
 Interpreters : [interpreter-134, interpreter-133]
 Node Address : 5e42ee5b-94d2-47a1-bb09-d49f44f596de, 
Descriptor >>>> 
 Template >>>> 
 titre : title-842
 Album : album-title-123
 Composers : [composer-131, composer-130]
 Interpreters : [interpreter-134, interpreter-133]
 Node Address : 5e42ee5b-94d2-47a1-bb09-d49f44f596de, 
Descriptor >>>> 
 Template >>>> 
 titre : title-841
 Album : album-title-123
 Composers : [composer-131, composer-130]
 Interpreters : [interpreter-134, interpreter-133]
 Node Address : 5e42ee5b-94d2-47a1-bb09-d49f44f596de, 
Descriptor >>>> 
 Template >>>> 
 titre : title-838
 Album : album-title-123
 Composers : [composer-131, composer-130]
 Interpreters : [interpreter-134, interpreter-133]
 Node Address : 5e42ee5b-94d2-47a1-bb09-d49f44f596de]

1683757020264|##############################
find 
 Template >>>> 
 titre : title-847
 Album : null
 Composers : []
 Interpreters : []

1683757020264|##############################
find 
 Template >>>> 
 titre : title-851
 Album : null
 Composers : [composer-133, composer-132]
 Interpreters : [interpreter-136, interpreter-135]

1683757020265|##############################
find 
 Template >>>> 
 titre : null
 Album : null
 Composers : []
 Interpreters : [interpreter-137]

1683757020265|##############################
match 
 Template >>>> 
 titre : null
 Album : null
 Composers : [composer-134]
 Interpreters : []

1683757020279|@@@@@@@@@@@@@@@@@@@@@@@@@@@@@
resultat du match 
 Template >>>> 
 titre : null
 Album : null
 Composers : [composer-134]
 Interpreters : [] : []

1683757020279|##############################
find 
 Template >>>> 
 titre : null
 Album : album-title-127
 Composers : []
 Interpreters : []

1683757020286|##############################
find 
 Template >>>> 
 titre : title-862
 Album : album-title-127
 Composers : [composer-135, composer-134]
 Interpreters : []

1683757020286|##############################
find 
 Template >>>> 
 titre : null
 Album : album-title-128
 Composers : []
 Interpreters : []

1683757020941|##############################
find 
 Template >>>> 
 titre : null
 Album : album-title-116
 Composers : []
 Interpreters : []

1683757020949|##############################
find 
 Template >>>> 
 titre : null
 Album : null
 Composers : [composer-126]
 Interpreters : []

1683757020949|##############################
find 
 Template >>>> 
 titre : null
 Album : album-title-120
 Composers : []
 Interpreters : []

1683757020949|##############################
find 
 Template >>>> 
 titre : null
 Album : null
 Composers : []
 Interpreters : [interpreter-132]

1683757020950|##############################
find 
 Template >>>> 
 titre : title-824
 Album : album-title-120
 Composers : [composer-128, composer-129]
 Interpreters : [interpreter-132, interpreter-131]

1683757020950|##############################
match 
 Template >>>> 
 titre : title-829
 Album : null
 Composers : []
 Interpreters : []

1683757021015|@@@@@@@@@@@@@@@@@@@@@@@@@@@@@
resultat du match 
 Template >>>> 
 titre : title-829
 Album : null
 Composers : []
 Interpreters : [] : []

1683757021015|##############################
find 
 Template >>>> 
 titre : title-827
 Album : album-title-121
 Composers : [composer-128, composer-129]
 Interpreters : [interpreter-132, interpreter-131]

1683757021016|##############################
find 
 Template >>>> 
 titre : null
 Album : album-title-122
 Composers : []
 Interpreters : []

1683757021016|##############################
match 
 Template >>>> 
 titre : null
 Album : null
 Composers : []
 Interpreters : [interpreter-133]

1683757021059|@@@@@@@@@@@@@@@@@@@@@@@@@@@@@
resultat du match 
 Template >>>> 
 titre : null
 Album : null
 Composers : []
 Interpreters : [interpreter-133] : [
Descriptor >>>> 
 Template >>>> 
 titre : title-840
 Album : album-title-123
 Composers : [composer-131, composer-130]
 Interpreters : [interpreter-134, interpreter-133]
 Node Address : 5e42ee5b-94d2-47a1-bb09-d49f44f596de, 
Descriptor >>>> 
 Template >>>> 
 titre : title-834
 Album : album-title-122
 Composers : [composer-131, composer-130]
 Interpreters : [interpreter-134, interpreter-133]
 Node Address : 64c59e42-e36e-4296-bb57-3d589d2174aa, 
Descriptor >>>> 
 Template >>>> 
 titre : title-833
 Album : album-title-122
 Composers : [composer-131, composer-130]
 Interpreters : [interpreter-134, interpreter-133]
 Node Address : 64c59e42-e36e-4296-bb57-3d589d2174aa, 
Descriptor >>>> 
 Template >>>> 
 titre : title-843
 Album : album-title-123
 Composers : [composer-131, composer-130]
 Interpreters : [interpreter-134, interpreter-133]
 Node Address : 5e42ee5b-94d2-47a1-bb09-d49f44f596de, 
Descriptor >>>> 
 Template >>>> 
 titre : title-839
 Album : album-title-123
 Composers : [composer-131, composer-130]
 Interpreters : [interpreter-134, interpreter-133]
 Node Address : 5e42ee5b-94d2-47a1-bb09-d49f44f596de, 
Descriptor >>>> 
 Template >>>> 
 titre : title-842
 Album : album-title-123
 Composers : [composer-131, composer-130]
 Interpreters : [interpreter-134, interpreter-133]
 Node Address : 5e42ee5b-94d2-47a1-bb09-d49f44f596de, 
Descriptor >>>> 
 Template >>>> 
 titre : title-832
 Album : album-title-122
 Composers : [composer-131, composer-130]
 Interpreters : [interpreter-134, interpreter-133]
 Node Address : 64c59e42-e36e-4296-bb57-3d589d2174aa, 
Descriptor >>>> 
 Template >>>> 
 titre : title-836
 Album : album-title-122
 Composers : [composer-131, composer-130]
 Interpreters : [interpreter-134, interpreter-133]
 Node Address : 64c59e42-e36e-4296-bb57-3d589d2174aa, 
Descriptor >>>> 
 Template >>>> 
 titre : title-837
 Album : album-title-122
 Composers : [composer-131, composer-130]
 Interpreters : [interpreter-134, interpreter-133]
 Node Address : 64c59e42-e36e-4296-bb57-3d589d2174aa, 
Descriptor >>>> 
 Template >>>> 
 titre : title-841
 Album : album-title-123
 Composers : [composer-131, composer-130]
 Interpreters : [interpreter-134, interpreter-133]
 Node Address : 5e42ee5b-94d2-47a1-bb09-d49f44f596de, 
Descriptor >>>> 
 Template >>>> 
 titre : title-838
 Album : album-title-123
 Composers : [composer-131, composer-130]
 Interpreters : [interpreter-134, interpreter-133]
 Node Address : 5e42ee5b-94d2-47a1-bb09-d49f44f596de, 
Descriptor >>>> 
 Template >>>> 
 titre : title-835
 Album : album-title-122
 Composers : [composer-131, composer-130]
 Interpreters : [interpreter-134, interpreter-133]
 Node Address : 64c59e42-e36e-4296-bb57-3d589d2174aa]

1683757021059|##############################
find 
 Template >>>> 
 titre : null
 Album : null
 Composers : []
 Interpreters : [interpreter-136]

1683757021059|##############################
find 
 Template >>>> 
 titre : title-858
 Album : album-title-126
 Composers : [composer-135, composer-134]
 Interpreters : []

1683757021059|##############################
find 
 Template >>>> 
 titre : null
 Album : null
 Composers : [composer-137]
 Interpreters : []

1683757021060|##############################
find 
 Template >>>> 
 titre : title-874
 Album : album-title-128
 Composers : []
 Interpreters : [interpreter-138, interpreter-139]

1683757021940|##############################
find 
 Template >>>> 
 titre : title-799
 Album : album-title-117
 Composers : [composer-124, composer-125]
 Interpreters : []

1683757022016|##############################
find 
 Template >>>> 
 titre : title-807
 Album : null
 Composers : [composer-126, composer-127]
 Interpreters : [interpreter-129, interpreter-130]

1683757022016|##############################
find 
 Template >>>> 
 titre : title-814
 Album : null
 Composers : []
 Interpreters : []

1683757022016|##############################
match 
 Template >>>> 
 titre : title-826
 Album : null
 Composers : []
 Interpreters : [interpreter-132, interpreter-131]

1683757022095|@@@@@@@@@@@@@@@@@@@@@@@@@@@@@
resultat du match 
 Template >>>> 
 titre : title-826
 Album : null
 Composers : []
 Interpreters : [interpreter-132, interpreter-131] : [
Descriptor >>>> 
 Template >>>> 
 titre : title-826
 Album : album-title-121
 Composers : [composer-128, composer-129]
 Interpreters : [interpreter-132, interpreter-131]
 Node Address : 4c5d058c-c57b-4507-a813-003993f7048f]

1683757022095|##############################
find 
 Template >>>> 
 titre : title-828
 Album : album-title-121
 Composers : []
 Interpreters : []

1683757022096|##############################
match 
 Template >>>> 
 titre : title-841
 Album : album-title-123
 Composers : []
 Interpreters : []

1683757022103|@@@@@@@@@@@@@@@@@@@@@@@@@@@@@
resultat du match 
 Template >>>> 
 titre : title-841
 Album : album-title-123
 Composers : []
 Interpreters : [] : [
Descriptor >>>> 
 Template >>>> 
 titre : title-841
 Album : album-title-123
 Composers : [composer-131, composer-130]
 Interpreters : [interpreter-134, interpreter-133]
 Node Address : 5e42ee5b-94d2-47a1-bb09-d49f44f596de]

1683757022103|##############################
find 
 Template >>>> 
 titre : title-857
 Album : album-title-126
 Composers : []
 Interpreters : []

1683757022104|##############################
find 
 Template >>>> 
 titre : null
 Album : null
 Composers : [composer-135]
 Interpreters : []

1683757022104|##############################
find 
 Template >>>> 
 titre : title-865
 Album : null
 Composers : [composer-135, composer-134]
 Interpreters : [interpreter-137]

1683757022104|##############################
match 
 Template >>>> 
 titre : title-868
 Album : album-title-128
 Composers : []
 Interpreters : []

1683757022129|@@@@@@@@@@@@@@@@@@@@@@@@@@@@@
resultat du match 
 Template >>>> 
 titre : title-868
 Album : album-title-128
 Composers : []
 Interpreters : [] : []

1683757022129|##############################
match 
 Template >>>> 
 titre : null
 Album : album-title-129
 Composers : []
 Interpreters : []

1683757022143|@@@@@@@@@@@@@@@@@@@@@@@@@@@@@
resultat du match 
 Template >>>> 
 titre : null
 Album : album-title-129
 Composers : []
 Interpreters : [] : [
Descriptor >>>> 
 Template >>>> 
 titre : title-878
 Album : album-title-129
 Composers : [composer-136, composer-137]
 Interpreters : [interpreter-138, interpreter-139]
 Node Address : c52b1a21-9eee-40a9-8e35-bc8e1965231f, 
Descriptor >>>> 
 Template >>>> 
 titre : title-879
 Album : album-title-129
 Composers : [composer-136, composer-137]
 Interpreters : [interpreter-138, interpreter-139]
 Node Address : c52b1a21-9eee-40a9-8e35-bc8e1965231f, 
Descriptor >>>> 
 Template >>>> 
 titre : title-877
 Album : album-title-129
 Composers : [composer-136, composer-137]
 Interpreters : [interpreter-138, interpreter-139]
 Node Address : c52b1a21-9eee-40a9-8e35-bc8e1965231f, 
Descriptor >>>> 
 Template >>>> 
 titre : title-876
 Album : album-title-129
 Composers : [composer-136, composer-137]
 Interpreters : [interpreter-138, interpreter-139]
 Node Address : c52b1a21-9eee-40a9-8e35-bc8e1965231f, 
Descriptor >>>> 
 Template >>>> 
 titre : title-880
 Album : album-title-129
 Composers : [composer-136, composer-137]
 Interpreters : [interpreter-138, interpreter-139]
 Node Address : c52b1a21-9eee-40a9-8e35-bc8e1965231f, 
Descriptor >>>> 
 Template >>>> 
 titre : title-881
 Album : album-title-129
 Composers : [composer-136, composer-137]
 Interpreters : [interpreter-138, interpreter-139]
 Node Address : c52b1a21-9eee-40a9-8e35-bc8e1965231f, 
Descriptor >>>> 
 Template >>>> 
 titre : title-882
 Album : album-title-129
 Composers : [composer-136, composer-137]
 Interpreters : [interpreter-138, interpreter-139]
 Node Address : c52b1a21-9eee-40a9-8e35-bc8e1965231f]

1683757022940|##############################
find 
 Template >>>> 
 titre : title-792
 Album : album-title-116
 Composers : [composer-124, composer-125]
 Interpreters : [interpreter-127, interpreter-128]

1683757022941|##############################
find 
 Template >>>> 
 titre : title-803
 Album : null
 Composers : []
 Interpreters : [interpreter-129, interpreter-130]

1683757022941|##############################
match 
 Template >>>> 
 titre : title-831
 Album : null
 Composers : []
 Interpreters : [interpreter-132, interpreter-131]

1683757023008|@@@@@@@@@@@@@@@@@@@@@@@@@@@@@
resultat du match 
 Template >>>> 
 titre : title-831
 Album : null
 Composers : []
 Interpreters : [interpreter-132, interpreter-131] : []

1683757023008|##############################
find 
 Template >>>> 
 titre : null
 Album : null
 Composers : []
 Interpreters : [interpreter-134]

1683757023011|##############################
find 
 Template >>>> 
 titre : title-839
 Album : null
 Composers : [composer-131, composer-130]
 Interpreters : [interpreter-134, interpreter-133]

1683757023012|##############################
find 
 Template >>>> 
 titre : title-842
 Album : album-title-123
 Composers : []
 Interpreters : []

1683757023025|##############################
find 
 Template >>>> 
 titre : null
 Album : null
 Composers : [composer-133]
 Interpreters : []

1683757023061|##############################
match 
 Template >>>> 
 titre : title-855
 Album : album-title-125
 Composers : []
 Interpreters : [interpreter-136, interpreter-135]

1683757023088|@@@@@@@@@@@@@@@@@@@@@@@@@@@@@
resultat du match 
 Template >>>> 
 titre : title-855
 Album : album-title-125
 Composers : []
 Interpreters : [interpreter-136, interpreter-135] : []

1683757023088|##############################
find 
 Template >>>> 
 titre : null
 Album : album-title-125
 Composers : []
 Interpreters : []

1683757023121|##############################
find 
 Template >>>> 
 titre : title-859
 Album : album-title-126
 Composers : []
 Interpreters : []

1683757023121|##############################
find 
 Template >>>> 
 titre : title-867
 Album : album-title-128
 Composers : [composer-136, composer-137]
 Interpreters : [interpreter-138, interpreter-139]

1683757023121|##############################
find 
 Template >>>> 
 titre : title-878
 Album : album-title-129
 Composers : []
 Interpreters : [interpreter-138, interpreter-139]

1683757023122|##############################
find 
 Template >>>> 
 titre : title-882
 Album : null
 Composers : [composer-136, composer-137]
 Interpreters : []

1683757023966|##############################
find 
 Template >>>> 
 titre : title-791
 Album : album-title-116
 Composers : [composer-124, composer-125]
 Interpreters : [interpreter-127, interpreter-128]

1683757023967|##############################
match 
 Template >>>> 
 titre : null
 Album : album-title-118
 Composers : []
 Interpreters : []

1683757024023|@@@@@@@@@@@@@@@@@@@@@@@@@@@@@
resultat du match 
 Template >>>> 
 titre : null
 Album : album-title-118
 Composers : []
 Interpreters : [] : [
Descriptor >>>> 
 Template >>>> 
 titre : title-805
 Album : album-title-118
 Composers : [composer-126, composer-127]
 Interpreters : [interpreter-129, interpreter-130]
 Node Address : 8f9d7097-edef-48a3-afe6-482e47d3aeae, 
Descriptor >>>> 
 Template >>>> 
 titre : title-807
 Album : album-title-118
 Composers : [composer-126, composer-127]
 Interpreters : [interpreter-129, interpreter-130]
 Node Address : 8f9d7097-edef-48a3-afe6-482e47d3aeae, 
Descriptor >>>> 
 Template >>>> 
 titre : title-803
 Album : album-title-118
 Composers : [composer-126, composer-127]
 Interpreters : [interpreter-129, interpreter-130]
 Node Address : 8f9d7097-edef-48a3-afe6-482e47d3aeae, 
Descriptor >>>> 
 Template >>>> 
 titre : title-806
 Album : album-title-118
 Composers : [composer-126, composer-127]
 Interpreters : [interpreter-129, interpreter-130]
 Node Address : 8f9d7097-edef-48a3-afe6-482e47d3aeae, 
Descriptor >>>> 
 Template >>>> 
 titre : title-808
 Album : album-title-118
 Composers : [composer-126, composer-127]
 Interpreters : [interpreter-129, interpreter-130]
 Node Address : 8f9d7097-edef-48a3-afe6-482e47d3aeae, 
Descriptor >>>> 
 Template >>>> 
 titre : title-802
 Album : album-title-118
 Composers : [composer-126, composer-127]
 Interpreters : [interpreter-129, interpreter-130]
 Node Address : 8f9d7097-edef-48a3-afe6-482e47d3aeae, 
Descriptor >>>> 
 Template >>>> 
 titre : title-804
 Album : album-title-118
 Composers : [composer-126, composer-127]
 Interpreters : [interpreter-129, interpreter-130]
 Node Address : 8f9d7097-edef-48a3-afe6-482e47d3aeae]

1683757024023|##############################
match 
 Template >>>> 
 titre : title-812
 Album : null
 Composers : [composer-126, composer-127]
 Interpreters : []

1683757024095|@@@@@@@@@@@@@@@@@@@@@@@@@@@@@
resultat du match 
 Template >>>> 
 titre : title-812
 Album : null
 Composers : [composer-126, composer-127]
 Interpreters : [] : []

1683757024095|##############################
match 
 Template >>>> 
 titre : title-823
 Album : null
 Composers : [composer-128, composer-129]
 Interpreters : [interpreter-132, interpreter-131]

1683757024143|@@@@@@@@@@@@@@@@@@@@@@@@@@@@@
resultat du match 
 Template >>>> 
 titre : title-823
 Album : null
 Composers : [composer-128, composer-129]
 Interpreters : [interpreter-132, interpreter-131] : []

1683757024143|##############################
find 
 Template >>>> 
 titre : title-822
 Album : album-title-120
 Composers : []
 Interpreters : [interpreter-132, interpreter-131]

1683757024143|##############################
find 
 Template >>>> 
 titre : title-838
 Album : null
 Composers : [composer-131, composer-130]
 Interpreters : []

1683757024144|##############################
find 
 Template >>>> 
 titre : null
 Album : album-title-126
 Composers : []
 Interpreters : []

1683757024144|##############################
find 
 Template >>>> 
 titre : title-871
 Album : album-title-128
 Composers : []
 Interpreters : [interpreter-138, interpreter-139]

1683757024919|##############################
find 
 Template >>>> 
 titre : title-796
 Album : album-title-116
 Composers : [composer-124, composer-125]
 Interpreters : [interpreter-127, interpreter-128]

1683757024993|##############################
match 
 Template >>>> 
 titre : title-798
 Album : null
 Composers : [composer-124, composer-125]
 Interpreters : [interpreter-127, interpreter-128]

1683757025068|@@@@@@@@@@@@@@@@@@@@@@@@@@@@@
resultat du match 
 Template >>>> 
 titre : title-798
 Album : null
 Composers : [composer-124, composer-125]
 Interpreters : [interpreter-127, interpreter-128] : []

1683757025068|##############################
match 
 Template >>>> 
 titre : null
 Album : album-title-119
 Composers : []
 Interpreters : []

1683757025125|@@@@@@@@@@@@@@@@@@@@@@@@@@@@@
resultat du match 
 Template >>>> 
 titre : null
 Album : album-title-119
 Composers : []
 Interpreters : [] : [
Descriptor >>>> 
 Template >>>> 
 titre : title-813
 Album : album-title-119
 Composers : [composer-126, composer-127]
 Interpreters : [interpreter-129, interpreter-130]
 Node Address : 96099d76-8638-4280-90aa-8397f9bf0276, 
Descriptor >>>> 
 Template >>>> 
 titre : title-814
 Album : album-title-119
 Composers : [composer-126, composer-127]
 Interpreters : [interpreter-129, interpreter-130]
 Node Address : 96099d76-8638-4280-90aa-8397f9bf0276, 
Descriptor >>>> 
 Template >>>> 
 titre : title-810
 Album : album-title-119
 Composers : [composer-126, composer-127]
 Interpreters : [interpreter-129, interpreter-130]
 Node Address : 96099d76-8638-4280-90aa-8397f9bf0276, 
Descriptor >>>> 
 Template >>>> 
 titre : title-812
 Album : album-title-119
 Composers : [composer-126, composer-127]
 Interpreters : [interpreter-129, interpreter-130]
 Node Address : 96099d76-8638-4280-90aa-8397f9bf0276, 
Descriptor >>>> 
 Template >>>> 
 titre : title-811
 Album : album-title-119
 Composers : [composer-126, composer-127]
 Interpreters : [interpreter-129, interpreter-130]
 Node Address : 96099d76-8638-4280-90aa-8397f9bf0276, 
Descriptor >>>> 
 Template >>>> 
 titre : title-809
 Album : album-title-119
 Composers : [composer-126, composer-127]
 Interpreters : [interpreter-129, interpreter-130]
 Node Address : 96099d76-8638-4280-90aa-8397f9bf0276, 
Descriptor >>>> 
 Template >>>> 
 titre : title-815
 Album : album-title-119
 Composers : [composer-126, composer-127]
 Interpreters : [interpreter-129, interpreter-130]
 Node Address : 96099d76-8638-4280-90aa-8397f9bf0276]

1683757025125|##############################
match 
 Template >>>> 
 titre : null
 Album : null
 Composers : [composer-129]
 Interpreters : []

1683757025142|@@@@@@@@@@@@@@@@@@@@@@@@@@@@@
resultat du match 
 Template >>>> 
 titre : null
 Album : null
 Composers : [composer-129]
 Interpreters : [] : []

1683757025142|##############################
find 
 Template >>>> 
 titre : title-819
 Album : album-title-120
 Composers : [composer-128, composer-129]
 Interpreters : []

1683757025142|##############################
find 
 Template >>>> 
 titre : title-825
 Album : album-title-121
 Composers : [composer-128, composer-129]
 Interpreters : []

1683757025143|##############################
find 
 Template >>>> 
 titre : null
 Album : null
 Composers : [composer-130]
 Interpreters : []

1683757025143|##############################
find 
 Template >>>> 
 titre : title-832
 Album : null
 Composers : [composer-131, composer-130]
 Interpreters : []

1683757025143|##############################
find 
 Template >>>> 
 titre : title-854
 Album : null
 Composers : [composer-133, composer-132]
 Interpreters : [interpreter-136, interpreter-135]

1683757025144|##############################
find 
 Template >>>> 
 titre : title-852
 Album : null
 Composers : []
 Interpreters : [interpreter-136, interpreter-135]

1683757025144|##############################
match 
 Template >>>> 
 titre : null
 Album : null
 Composers : []
 Interpreters : [interpreter-139]

1683757025197|@@@@@@@@@@@@@@@@@@@@@@@@@@@@@
resultat du match 
 Template >>>> 
 titre : null
 Album : null
 Composers : []
 Interpreters : [interpreter-139] : []

1683757025197|##############################
match 
 Template >>>> 
 titre : title-872
 Album : null
 Composers : [composer-136, composer-137]
 Interpreters : [interpreter-138, interpreter-139]

1683757025200|@@@@@@@@@@@@@@@@@@@@@@@@@@@@@
resultat du match 
 Template >>>> 
 titre : title-872
 Album : null
 Composers : [composer-136, composer-137]
 Interpreters : [interpreter-138, interpreter-139] : []

1683757025200|##############################
match 
 Template >>>> 
 titre : title-876
 Album : null
 Composers : [composer-136, composer-137]
 Interpreters : []

1683757025201|@@@@@@@@@@@@@@@@@@@@@@@@@@@@@
resultat du match 
 Template >>>> 
 titre : title-876
 Album : null
 Composers : [composer-136, composer-137]
 Interpreters : [] : []

