1683757015954|##############################
find 
 Template >>>> 
 titre : null
 Album : null
 Composers : []
 Interpreters : [interpreter-150]

1683757016043|##############################
find 
 Template >>>> 
 titre : title-994
 Album : null
 Composers : [composer-150]
 Interpreters : []

1683757016043|##############################
match 
 Template >>>> 
 titre : null
 Album : null
 Composers : [composer-151]
 Interpreters : []

1683757016653|@@@@@@@@@@@@@@@@@@@@@@@@@@@@@
resultat du match 
 Template >>>> 
 titre : null
 Album : null
 Composers : [composer-151]
 Interpreters : [] : []

1683757016653|##############################
match 
 Template >>>> 
 titre : title-996
 Album : null
 Composers : [composer-151, composer-152]
 Interpreters : [interpreter-152]

1683757016683|@@@@@@@@@@@@@@@@@@@@@@@@@@@@@
resultat du match 
 Template >>>> 
 titre : title-996
 Album : null
 Composers : [composer-151, composer-152]
 Interpreters : [interpreter-152] : []

1683757016683|##############################
match 
 Template >>>> 
 titre : title-1004
 Album : null
 Composers : [composer-151, composer-152]
 Interpreters : []

1683757016696|@@@@@@@@@@@@@@@@@@@@@@@@@@@@@
resultat du match 
 Template >>>> 
 titre : title-1004
 Album : null
 Composers : [composer-151, composer-152]
 Interpreters : [] : []

1683757016696|##############################
match 
 Template >>>> 
 titre : title-1023
 Album : album-title-150
 Composers : [composer-154]
 Interpreters : [interpreter-156, interpreter-155]

1683757016750|@@@@@@@@@@@@@@@@@@@@@@@@@@@@@
resultat du match 
 Template >>>> 
 titre : title-1023
 Album : album-title-150
 Composers : [composer-154]
 Interpreters : [interpreter-156, interpreter-155] : []

1683757016750|##############################
match 
 Template >>>> 
 titre : title-1026
 Album : null
 Composers : [composer-154]
 Interpreters : [interpreter-156, interpreter-155]

1683757016759|@@@@@@@@@@@@@@@@@@@@@@@@@@@@@
resultat du match 
 Template >>>> 
 titre : title-1026
 Album : null
 Composers : [composer-154]
 Interpreters : [interpreter-156, interpreter-155] : [
Descriptor >>>> 
 Template >>>> 
 titre : title-1026
 Album : album-title-150
 Composers : [composer-154]
 Interpreters : [interpreter-156, interpreter-155]
 Node Address : 0d36782d-4be9-4012-a6a6-19318fb473d3]

1683757016759|##############################
match 
 Template >>>> 
 titre : title-1029
 Album : album-title-151
 Composers : [composer-154]
 Interpreters : [interpreter-156, interpreter-155]

1683757016761|@@@@@@@@@@@@@@@@@@@@@@@@@@@@@
resultat du match 
 Template >>>> 
 titre : title-1029
 Album : album-title-151
 Composers : [composer-154]
 Interpreters : [interpreter-156, interpreter-155] : [
Descriptor >>>> 
 Template >>>> 
 titre : title-1029
 Album : album-title-151
 Composers : [composer-154]
 Interpreters : [interpreter-156, interpreter-155]
 Node Address : 4dd3ca16-64e6-4702-a8ed-c26cc63fe81f]

1683757016761|##############################
find 
 Template >>>> 
 titre : title-1037
 Album : null
 Composers : []
 Interpreters : [interpreter-156, interpreter-155]

1683757016764|##############################
match 
 Template >>>> 
 titre : title-1036
 Album : album-title-152
 Composers : []
 Interpreters : [interpreter-156, interpreter-155]

1683757016774|@@@@@@@@@@@@@@@@@@@@@@@@@@@@@
resultat du match 
 Template >>>> 
 titre : title-1036
 Album : album-title-152
 Composers : []
 Interpreters : [interpreter-156, interpreter-155] : [
Descriptor >>>> 
 Template >>>> 
 titre : title-1036
 Album : album-title-152
 Composers : [composer-154]
 Interpreters : [interpreter-156, interpreter-155]
 Node Address : 974838f9-a8a2-4ac1-a35f-ebb6e701eb4d]

1683757016774|##############################
find 
 Template >>>> 
 titre : title-1048
 Album : null
 Composers : [composer-155]
 Interpreters : [interpreter-157]

1683757016775|##############################
find 
 Template >>>> 
 titre : title-1056
 Album : null
 Composers : []
 Interpreters : []

1683757016955|##############################
find 
 Template >>>> 
 titre : title-978
 Album : null
 Composers : [composer-148, composer-149]
 Interpreters : [interpreter-149, interpreter-148]

1683757016974|##############################
match 
 Template >>>> 
 titre : title-980
 Album : album-title-143
 Composers : []
 Interpreters : [interpreter-149, interpreter-148]

1683757017143|@@@@@@@@@@@@@@@@@@@@@@@@@@@@@
resultat du match 
 Template >>>> 
 titre : title-980
 Album : album-title-143
 Composers : []
 Interpreters : [interpreter-149, interpreter-148] : []

1683757017143|##############################
match 
 Template >>>> 
 titre : title-981
 Album : null
 Composers : [composer-148, composer-149]
 Interpreters : [interpreter-149, interpreter-148]

1683757017285|@@@@@@@@@@@@@@@@@@@@@@@@@@@@@
resultat du match 
 Template >>>> 
 titre : title-981
 Album : null
 Composers : [composer-148, composer-149]
 Interpreters : [interpreter-149, interpreter-148] : []

1683757017286|##############################
find 
 Template >>>> 
 titre : null
 Album : null
 Composers : []
 Interpreters : [interpreter-151]

1683757017286|##############################
find 
 Template >>>> 
 titre : null
 Album : null
 Composers : [composer-150]
 Interpreters : []

1683757017310|##############################
find 
 Template >>>> 
 titre : title-984
 Album : null
 Composers : [composer-150]
 Interpreters : []

1683757017316|##############################
find 
 Template >>>> 
 titre : title-999
 Album : album-title-146
 Composers : []
 Interpreters : []

1683757017317|##############################
match 
 Template >>>> 
 titre : title-1007
 Album : album-title-147
 Composers : []
 Interpreters : [interpreter-152]

1683757017389|@@@@@@@@@@@@@@@@@@@@@@@@@@@@@
resultat du match 
 Template >>>> 
 titre : title-1007
 Album : album-title-147
 Composers : []
 Interpreters : [interpreter-152] : []

1683757017389|##############################
find 
 Template >>>> 
 titre : title-1014
 Album : null
 Composers : [composer-153]
 Interpreters : []

1683757017389|##############################
find 
 Template >>>> 
 titre : title-1011
 Album : album-title-148
 Composers : [composer-153]
 Interpreters : [interpreter-154, interpreter-153]

1683757017389|##############################
find 
 Template >>>> 
 titre : null
 Album : album-title-150
 Composers : []
 Interpreters : []

1683757017390|##############################
find 
 Template >>>> 
 titre : title-1025
 Album : album-title-150
 Composers : []
 Interpreters : []

1683757017956|##############################
find 
 Template >>>> 
 titre : title-995
 Album : null
 Composers : [composer-150]
 Interpreters : []

1683757018520|##############################
find 
 Template >>>> 
 titre : title-1001
 Album : album-title-146
 Composers : [composer-151, composer-152]
 Interpreters : [interpreter-152]

1683757018521|##############################
match 
 Template >>>> 
 titre : null
 Album : album-title-147
 Composers : []
 Interpreters : []

1683757018561|@@@@@@@@@@@@@@@@@@@@@@@@@@@@@
resultat du match 
 Template >>>> 
 titre : null
 Album : album-title-147
 Composers : []
 Interpreters : [] : []

1683757018561|##############################
find 
 Template >>>> 
 titre : title-1013
 Album : null
 Composers : []
 Interpreters : []

1683757018561|##############################
match 
 Template >>>> 
 titre : title-1012
 Album : album-title-148
 Composers : [composer-153]
 Interpreters : []

1683757018616|@@@@@@@@@@@@@@@@@@@@@@@@@@@@@
resultat du match 
 Template >>>> 
 titre : title-1012
 Album : album-title-148
 Composers : [composer-153]
 Interpreters : [] : [
Descriptor >>>> 
 Template >>>> 
 titre : title-1012
 Album : album-title-148
 Composers : [composer-153]
 Interpreters : [interpreter-154, interpreter-153]
 Node Address : 85bd5b73-f8f2-496c-9344-0cdafb6ba189]

1683757018616|##############################
find 
 Template >>>> 
 titre : null
 Album : album-title-148
 Composers : []
 Interpreters : []

1683757018617|##############################
find 
 Template >>>> 
 titre : title-1015
 Album : null
 Composers : []
 Interpreters : []

1683757018617|##############################
find 
 Template >>>> 
 titre : null
 Album : null
 Composers : [composer-154]
 Interpreters : []

1683757018657|##############################
match 
 Template >>>> 
 titre : null
 Album : null
 Composers : []
 Interpreters : [interpreter-156]

1683757018667|@@@@@@@@@@@@@@@@@@@@@@@@@@@@@
resultat du match 
 Template >>>> 
 titre : null
 Album : null
 Composers : []
 Interpreters : [interpreter-156] : [
Descriptor >>>> 
 Template >>>> 
 titre : title-1036
 Album : album-title-152
 Composers : [composer-154]
 Interpreters : [interpreter-156, interpreter-155]
 Node Address : 974838f9-a8a2-4ac1-a35f-ebb6e701eb4d, 
Descriptor >>>> 
 Template >>>> 
 titre : title-1037
 Album : album-title-152
 Composers : [composer-154]
 Interpreters : [interpreter-156, interpreter-155]
 Node Address : 974838f9-a8a2-4ac1-a35f-ebb6e701eb4d, 
Descriptor >>>> 
 Template >>>> 
 titre : title-1028
 Album : album-title-150
 Composers : [composer-154]
 Interpreters : [interpreter-156, interpreter-155]
 Node Address : 0d36782d-4be9-4012-a6a6-19318fb473d3, 
Descriptor >>>> 
 Template >>>> 
 titre : title-1025
 Album : album-title-150
 Composers : [composer-154]
 Interpreters : [interpreter-156, interpreter-155]
 Node Address : 0d36782d-4be9-4012-a6a6-19318fb473d3, 
Descriptor >>>> 
 Template >>>> 
 titre : title-1024
 Album : album-title-150
 Composers : [composer-154]
 Interpreters : [interpreter-156, interpreter-155]
 Node Address : 0d36782d-4be9-4012-a6a6-19318fb473d3, 
Descriptor >>>> 
 Template >>>> 
 titre : title-1027
 Album : album-title-150
 Composers : [composer-154]
 Interpreters : [interpreter-156, interpreter-155]
 Node Address : 0d36782d-4be9-4012-a6a6-19318fb473d3, 
Descriptor >>>> 
 Template >>>> 
 titre : title-1034
 Album : album-title-152
 Composers : [composer-154]
 Interpreters : [interpreter-156, interpreter-155]
 Node Address : 974838f9-a8a2-4ac1-a35f-ebb6e701eb4d, 
Descriptor >>>> 
 Template >>>> 
 titre : title-1038
 Album : album-title-152
 Composers : [composer-154]
 Interpreters : [interpreter-156, interpreter-155]
 Node Address : 974838f9-a8a2-4ac1-a35f-ebb6e701eb4d, 
Descriptor >>>> 
 Template >>>> 
 titre : title-1023
 Album : album-title-150
 Composers : [composer-154]
 Interpreters : [interpreter-156, interpreter-155]
 Node Address : 0d36782d-4be9-4012-a6a6-19318fb473d3, 
Descriptor >>>> 
 Template >>>> 
 titre : title-1035
 Album : album-title-152
 Composers : [composer-154]
 Interpreters : [interpreter-156, interpreter-155]
 Node Address : 974838f9-a8a2-4ac1-a35f-ebb6e701eb4d, 
Descriptor >>>> 
 Template >>>> 
 titre : title-1022
 Album : album-title-150
 Composers : [composer-154]
 Interpreters : [interpreter-156, interpreter-155]
 Node Address : 0d36782d-4be9-4012-a6a6-19318fb473d3, 
Descriptor >>>> 
 Template >>>> 
 titre : title-1040
 Album : album-title-152
 Composers : [composer-154]
 Interpreters : [interpreter-156, interpreter-155]
 Node Address : 974838f9-a8a2-4ac1-a35f-ebb6e701eb4d, 
Descriptor >>>> 
 Template >>>> 
 titre : title-1039
 Album : album-title-152
 Composers : [composer-154]
 Interpreters : [interpreter-156, interpreter-155]
 Node Address : 974838f9-a8a2-4ac1-a35f-ebb6e701eb4d, 
Descriptor >>>> 
 Template >>>> 
 titre : title-1026
 Album : album-title-150
 Composers : [composer-154]
 Interpreters : [interpreter-156, interpreter-155]
 Node Address : 0d36782d-4be9-4012-a6a6-19318fb473d3]

1683757018667|##############################
find 
 Template >>>> 
 titre : title-1033
 Album : album-title-151
 Composers : [composer-154]
 Interpreters : []

1683757018722|##############################
find 
 Template >>>> 
 titre : title-1044
 Album : null
 Composers : [composer-155]
 Interpreters : [interpreter-157]

1683757018722|##############################
find 
 Template >>>> 
 titre : null
 Album : album-title-153
 Composers : []
 Interpreters : []

1683757018723|##############################
find 
 Template >>>> 
 titre : title-1042
 Album : null
 Composers : [composer-155]
 Interpreters : []

1683757018723|##############################
find 
 Template >>>> 
 titre : title-1049
 Album : album-title-154
 Composers : []
 Interpreters : []

1683757018723|##############################
find 
 Template >>>> 
 titre : title-1064
 Album : null
 Composers : []
 Interpreters : [interpreter-158, interpreter-159]

1683757018724|##############################
find 
 Template >>>> 
 titre : null
 Album : album-title-156
 Composers : []
 Interpreters : []

1683757018923|##############################
find 
 Template >>>> 
 titre : title-971
 Album : null
 Composers : [composer-148, composer-149]
 Interpreters : [interpreter-149, interpreter-148]

1683757018954|##############################
match 
 Template >>>> 
 titre : null
 Album : album-title-143
 Composers : []
 Interpreters : []

1683757019000|@@@@@@@@@@@@@@@@@@@@@@@@@@@@@
resultat du match 
 Template >>>> 
 titre : null
 Album : album-title-143
 Composers : []
 Interpreters : [] : [
Descriptor >>>> 
 Template >>>> 
 titre : title-983
 Album : album-title-143
 Composers : [composer-148, composer-149]
 Interpreters : [interpreter-149, interpreter-148]
 Node Address : 95b0e207-6d52-4e2c-9a3e-594c83c62d2b, 
Descriptor >>>> 
 Template >>>> 
 titre : title-982
 Album : album-title-143
 Composers : [composer-148, composer-149]
 Interpreters : [interpreter-149, interpreter-148]
 Node Address : 95b0e207-6d52-4e2c-9a3e-594c83c62d2b, 
Descriptor >>>> 
 Template >>>> 
 titre : title-978
 Album : album-title-143
 Composers : [composer-148, composer-149]
 Interpreters : [interpreter-149, interpreter-148]
 Node Address : 95b0e207-6d52-4e2c-9a3e-594c83c62d2b, 
Descriptor >>>> 
 Template >>>> 
 titre : title-979
 Album : album-title-143
 Composers : [composer-148, composer-149]
 Interpreters : [interpreter-149, interpreter-148]
 Node Address : 95b0e207-6d52-4e2c-9a3e-594c83c62d2b, 
Descriptor >>>> 
 Template >>>> 
 titre : title-981
 Album : album-title-143
 Composers : [composer-148, composer-149]
 Interpreters : [interpreter-149, interpreter-148]
 Node Address : 95b0e207-6d52-4e2c-9a3e-594c83c62d2b, 
Descriptor >>>> 
 Template >>>> 
 titre : title-977
 Album : album-title-143
 Composers : [composer-148, composer-149]
 Interpreters : [interpreter-149, interpreter-148]
 Node Address : 95b0e207-6d52-4e2c-9a3e-594c83c62d2b, 
Descriptor >>>> 
 Template >>>> 
 titre : title-980
 Album : album-title-143
 Composers : [composer-148, composer-149]
 Interpreters : [interpreter-149, interpreter-148]
 Node Address : 95b0e207-6d52-4e2c-9a3e-594c83c62d2b]

1683757019000|##############################
find 
 Template >>>> 
 titre : title-979
 Album : album-title-143
 Composers : [composer-148, composer-149]
 Interpreters : []

1683757019000|##############################
find 
 Template >>>> 
 titre : null
 Album : album-title-144
 Composers : []
 Interpreters : []

1683757019001|##############################
find 
 Template >>>> 
 titre : null
 Album : null
 Composers : []
 Interpreters : [interpreter-153]

1683757019001|##############################
find 
 Template >>>> 
 titre : null
 Album : null
 Composers : [composer-153]
 Interpreters : []

1683757019001|##############################
find 
 Template >>>> 
 titre : title-1022
 Album : album-title-150
 Composers : [composer-154]
 Interpreters : []

1683757019002|##############################
find 
 Template >>>> 
 titre : title-1030
 Album : null
 Composers : [composer-154]
 Interpreters : [interpreter-156, interpreter-155]

1683757019002|##############################
find 
 Template >>>> 
 titre : null
 Album : null
 Composers : [composer-155]
 Interpreters : []

1683757019002|##############################
find 
 Template >>>> 
 titre : null
 Album : null
 Composers : []
 Interpreters : [interpreter-157]

1683757019003|##############################
find 
 Template >>>> 
 titre : title-1059
 Album : album-title-155
 Composers : [composer-155]
 Interpreters : []

1683757019003|##############################
find 
 Template >>>> 
 titre : title-1060
 Album : album-title-155
 Composers : []
 Interpreters : [interpreter-157]

1683757019003|##############################
find 
 Template >>>> 
 titre : title-1061
 Album : album-title-155
 Composers : []
 Interpreters : [interpreter-157]

1683757019004|##############################
find 
 Template >>>> 
 titre : title-1067
 Album : null
 Composers : []
 Interpreters : []

1683757019004|##############################
find 
 Template >>>> 
 titre : title-1065
 Album : null
 Composers : []
 Interpreters : [interpreter-158, interpreter-159]

1683757019005|##############################
find 
 Template >>>> 
 titre : title-1069
 Album : album-title-156
 Composers : [composer-156]
 Interpreters : []

1683757019091|##############################
find 
 Template >>>> 
 titre : null
 Album : null
 Composers : [composer-156]
 Interpreters : []

1683757019954|##############################
find 
 Template >>>> 
 titre : title-986
 Album : album-title-144
 Composers : []
 Interpreters : []

1683757020388|##############################
find 
 Template >>>> 
 titre : title-990
 Album : null
 Composers : [composer-150]
 Interpreters : []

1683757020388|##############################
match 
 Template >>>> 
 titre : title-985
 Album : album-title-144
 Composers : [composer-150]
 Interpreters : [interpreter-150, interpreter-151]

1683757020404|@@@@@@@@@@@@@@@@@@@@@@@@@@@@@
resultat du match 
 Template >>>> 
 titre : title-985
 Album : album-title-144
 Composers : [composer-150]
 Interpreters : [interpreter-150, interpreter-151] : []

1683757020404|##############################
find 
 Template >>>> 
 titre : title-993
 Album : album-title-145
 Composers : []
 Interpreters : []

1683757020404|##############################
find 
 Template >>>> 
 titre : title-992
 Album : null
 Composers : [composer-150]
 Interpreters : []

1683757020405|##############################
find 
 Template >>>> 
 titre : null
 Album : album-title-145
 Composers : []
 Interpreters : []

1683757020405|##############################
find 
 Template >>>> 
 titre : null
 Album : null
 Composers : [composer-152]
 Interpreters : []

1683757020405|##############################
match 
 Template >>>> 
 titre : title-1008
 Album : null
 Composers : []
 Interpreters : []

1683757020415|@@@@@@@@@@@@@@@@@@@@@@@@@@@@@
resultat du match 
 Template >>>> 
 titre : title-1008
 Album : null
 Composers : []
 Interpreters : [] : []

1683757020415|##############################
find 
 Template >>>> 
 titre : title-1021
 Album : null
 Composers : []
 Interpreters : []

1683757020416|##############################
match 
 Template >>>> 
 titre : title-1024
 Album : album-title-150
 Composers : [composer-154]
 Interpreters : []

1683757020434|@@@@@@@@@@@@@@@@@@@@@@@@@@@@@
resultat du match 
 Template >>>> 
 titre : title-1024
 Album : album-title-150
 Composers : [composer-154]
 Interpreters : [] : [
Descriptor >>>> 
 Template >>>> 
 titre : title-1024
 Album : album-title-150
 Composers : [composer-154]
 Interpreters : [interpreter-156, interpreter-155]
 Node Address : 0d36782d-4be9-4012-a6a6-19318fb473d3]

1683757020434|##############################
find 
 Template >>>> 
 titre : null
 Album : album-title-151
 Composers : []
 Interpreters : []

1683757020434|##############################
match 
 Template >>>> 
 titre : title-1043
 Album : album-title-153
 Composers : []
 Interpreters : [interpreter-157]

1683757020451|@@@@@@@@@@@@@@@@@@@@@@@@@@@@@
resultat du match 
 Template >>>> 
 titre : title-1043
 Album : album-title-153
 Composers : []
 Interpreters : [interpreter-157] : [
Descriptor >>>> 
 Template >>>> 
 titre : title-1043
 Album : album-title-153
 Composers : [composer-155]
 Interpreters : [interpreter-157]
 Node Address : ef92a04b-af8d-459c-85ef-f93f65d5c48d]

1683757020451|##############################
find 
 Template >>>> 
 titre : title-1054
 Album : album-title-154
 Composers : [composer-155]
 Interpreters : []

1683757020451|##############################
find 
 Template >>>> 
 titre : title-1071
 Album : null
 Composers : []
 Interpreters : []

1683757020478|##############################
find 
 Template >>>> 
 titre : title-1073
 Album : null
 Composers : [composer-156]
 Interpreters : []

1683757020955|##############################
find 
 Template >>>> 
 titre : title-983
 Album : album-title-143
 Composers : [composer-148, composer-149]
 Interpreters : [interpreter-149, interpreter-148]

1683757021084|##############################
find 
 Template >>>> 
 titre : title-1002
 Album : null
 Composers : []
 Interpreters : []

1683757021085|##############################
find 
 Template >>>> 
 titre : title-1005
 Album : album-title-147
 Composers : [composer-151, composer-152]
 Interpreters : [interpreter-152]

1683757021085|##############################
find 
 Template >>>> 
 titre : null
 Album : album-title-149
 Composers : []
 Interpreters : []

1683757021086|##############################
find 
 Template >>>> 
 titre : title-1017
 Album : album-title-149
 Composers : []
 Interpreters : [interpreter-154, interpreter-153]

1683757021086|##############################
match 
 Template >>>> 
 titre : title-1028
 Album : album-title-150
 Composers : []
 Interpreters : [interpreter-156, interpreter-155]

1683757021143|@@@@@@@@@@@@@@@@@@@@@@@@@@@@@
resultat du match 
 Template >>>> 
 titre : title-1028
 Album : album-title-150
 Composers : []
 Interpreters : [interpreter-156, interpreter-155] : [
Descriptor >>>> 
 Template >>>> 
 titre : title-1028
 Album : album-title-150
 Composers : [composer-154]
 Interpreters : [interpreter-156, interpreter-155]
 Node Address : 0d36782d-4be9-4012-a6a6-19318fb473d3]

1683757021143|##############################
find 
 Template >>>> 
 titre : title-1040
 Album : album-title-152
 Composers : [composer-154]
 Interpreters : []

1683757021143|##############################
find 
 Template >>>> 
 titre : title-1041
 Album : album-title-153
 Composers : []
 Interpreters : [interpreter-157]

1683757021143|##############################
match 
 Template >>>> 
 titre : null
 Album : album-title-154
 Composers : []
 Interpreters : []

1683757021171|@@@@@@@@@@@@@@@@@@@@@@@@@@@@@
resultat du match 
 Template >>>> 
 titre : null
 Album : album-title-154
 Composers : []
 Interpreters : [] : []

1683757021171|##############################
find 
 Template >>>> 
 titre : title-1058
 Album : null
 Composers : []
 Interpreters : []

1683757021173|##############################
match 
 Template >>>> 
 titre : title-1066
 Album : album-title-156
 Composers : [composer-156]
 Interpreters : [interpreter-158, interpreter-159]

1683757021218|@@@@@@@@@@@@@@@@@@@@@@@@@@@@@
resultat du match 
 Template >>>> 
 titre : title-1066
 Album : album-title-156
 Composers : [composer-156]
 Interpreters : [interpreter-158, interpreter-159] : [
Descriptor >>>> 
 Template >>>> 
 titre : title-1066
 Album : album-title-156
 Composers : [composer-156]
 Interpreters : [interpreter-158, interpreter-159]
 Node Address : 423e97b9-1591-43a0-9749-383471cfc962]

1683757021954|##############################
match 
 Template >>>> 
 titre : title-982
 Album : null
 Composers : []
 Interpreters : []

1683757022111|@@@@@@@@@@@@@@@@@@@@@@@@@@@@@
resultat du match 
 Template >>>> 
 titre : title-982
 Album : null
 Composers : []
 Interpreters : [] : []

1683757022111|##############################
find 
 Template >>>> 
 titre : null
 Album : null
 Composers : []
 Interpreters : [interpreter-154]

1683757022112|##############################
match 
 Template >>>> 
 titre : title-1020
 Album : null
 Composers : [composer-153]
 Interpreters : [interpreter-154, interpreter-153]

1683757022253|@@@@@@@@@@@@@@@@@@@@@@@@@@@@@
resultat du match 
 Template >>>> 
 titre : title-1020
 Album : null
 Composers : [composer-153]
 Interpreters : [interpreter-154, interpreter-153] : [
Descriptor >>>> 
 Template >>>> 
 titre : title-1020
 Album : album-title-149
 Composers : [composer-153]
 Interpreters : [interpreter-154, interpreter-153]
 Node Address : 4889556d-02f3-41ee-a37a-7025185e3aba]

1683757022253|##############################
find 
 Template >>>> 
 titre : title-1027
 Album : null
 Composers : []
 Interpreters : []

1683757022270|##############################
find 
 Template >>>> 
 titre : title-1039
 Album : album-title-152
 Composers : [composer-154]
 Interpreters : []

1683757022271|##############################
find 
 Template >>>> 
 titre : title-1045
 Album : album-title-153
 Composers : [composer-155]
 Interpreters : []

1683757022271|##############################
match 
 Template >>>> 
 titre : title-1046
 Album : null
 Composers : []
 Interpreters : []

1683757022280|@@@@@@@@@@@@@@@@@@@@@@@@@@@@@
resultat du match 
 Template >>>> 
 titre : title-1046
 Album : null
 Composers : []
 Interpreters : [] : []

1683757022280|##############################
find 
 Template >>>> 
 titre : title-1053
 Album : null
 Composers : []
 Interpreters : []

1683757022280|##############################
find 
 Template >>>> 
 titre : title-1062
 Album : null
 Composers : []
 Interpreters : []

1683757022281|##############################
find 
 Template >>>> 
 titre : null
 Album : null
 Composers : []
 Interpreters : [interpreter-158]

1683757022281|##############################
find 
 Template >>>> 
 titre : title-1068
 Album : null
 Composers : []
 Interpreters : [interpreter-158, interpreter-159]

1683757022957|##############################
find 
 Template >>>> 
 titre : title-989
 Album : album-title-144
 Composers : []
 Interpreters : [interpreter-150, interpreter-151]

1683757023428|##############################
find 
 Template >>>> 
 titre : title-997
 Album : null
 Composers : [composer-151, composer-152]
 Interpreters : [interpreter-152]

1683757023469|##############################
match 
 Template >>>> 
 titre : title-1006
 Album : null
 Composers : []
 Interpreters : []

1683757023487|@@@@@@@@@@@@@@@@@@@@@@@@@@@@@
resultat du match 
 Template >>>> 
 titre : title-1006
 Album : null
 Composers : []
 Interpreters : [] : []

1683757023487|##############################
find 
 Template >>>> 
 titre : title-1019
 Album : album-title-149
 Composers : [composer-153]
 Interpreters : [interpreter-154, interpreter-153]

1683757023487|##############################
find 
 Template >>>> 
 titre : title-1016
 Album : album-title-149
 Composers : [composer-153]
 Interpreters : []

1683757023487|##############################
find 
 Template >>>> 
 titre : null
 Album : null
 Composers : []
 Interpreters : [interpreter-155]

1683757023488|##############################
find 
 Template >>>> 
 titre : null
 Album : album-title-152
 Composers : []
 Interpreters : []

1683757023488|##############################
find 
 Template >>>> 
 titre : title-1034
 Album : null
 Composers : []
 Interpreters : []

1683757023488|##############################
find 
 Template >>>> 
 titre : title-1050
 Album : null
 Composers : []
 Interpreters : [interpreter-157]

1683757023489|##############################
find 
 Template >>>> 
 titre : title-1052
 Album : album-title-154
 Composers : [composer-155]
 Interpreters : [interpreter-157]

1683757023489|##############################
find 
 Template >>>> 
 titre : title-1055
 Album : album-title-155
 Composers : [composer-155]
 Interpreters : [interpreter-157]

1683757023495|##############################
match 
 Template >>>> 
 titre : null
 Album : null
 Composers : []
 Interpreters : [interpreter-159]

1683757023519|@@@@@@@@@@@@@@@@@@@@@@@@@@@@@
resultat du match 
 Template >>>> 
 titre : null
 Album : null
 Composers : []
 Interpreters : [interpreter-159] : [
Descriptor >>>> 
 Template >>>> 
 titre : title-1083
 Album : album-title-158
 Composers : [composer-156]
 Interpreters : [interpreter-158, interpreter-159]
 Node Address : a9c8bd0b-d103-4f29-a108-a8cc973b0ad1, 
Descriptor >>>> 
 Template >>>> 
 titre : title-1069
 Album : album-title-156
 Composers : [composer-156]
 Interpreters : [interpreter-158, interpreter-159]
 Node Address : 423e97b9-1591-43a0-9749-383471cfc962, 
Descriptor >>>> 
 Template >>>> 
 titre : title-1077
 Album : album-title-158
 Composers : [composer-156]
 Interpreters : [interpreter-158, interpreter-159]
 Node Address : a9c8bd0b-d103-4f29-a108-a8cc973b0ad1, 
Descriptor >>>> 
 Template >>>> 
 titre : title-1064
 Album : album-title-156
 Composers : [composer-156]
 Interpreters : [interpreter-158, interpreter-159]
 Node Address : 423e97b9-1591-43a0-9749-383471cfc962, 
Descriptor >>>> 
 Template >>>> 
 titre : title-1078
 Album : album-title-158
 Composers : [composer-156]
 Interpreters : [interpreter-158, interpreter-159]
 Node Address : a9c8bd0b-d103-4f29-a108-a8cc973b0ad1, 
Descriptor >>>> 
 Template >>>> 
 titre : title-1076
 Album : album-title-158
 Composers : [composer-156]
 Interpreters : [interpreter-158, interpreter-159]
 Node Address : a9c8bd0b-d103-4f29-a108-a8cc973b0ad1, 
Descriptor >>>> 
 Template >>>> 
 titre : title-1080
 Album : album-title-158
 Composers : [composer-156]
 Interpreters : [interpreter-158, interpreter-159]
 Node Address : a9c8bd0b-d103-4f29-a108-a8cc973b0ad1, 
Descriptor >>>> 
 Template >>>> 
 titre : title-1068
 Album : album-title-156
 Composers : [composer-156]
 Interpreters : [interpreter-158, interpreter-159]
 Node Address : 423e97b9-1591-43a0-9749-383471cfc962, 
Descriptor >>>> 
 Template >>>> 
 titre : title-1075
 Album : album-title-158
 Composers : [composer-156]
 Interpreters : [interpreter-158, interpreter-159]
 Node Address : a9c8bd0b-d103-4f29-a108-a8cc973b0ad1, 
Descriptor >>>> 
 Template >>>> 
 titre : title-1067
 Album : album-title-156
 Composers : [composer-156]
 Interpreters : [interpreter-158, interpreter-159]
 Node Address : 423e97b9-1591-43a0-9749-383471cfc962, 
Descriptor >>>> 
 Template >>>> 
 titre : title-1082
 Album : album-title-158
 Composers : [composer-156]
 Interpreters : [interpreter-158, interpreter-159]
 Node Address : a9c8bd0b-d103-4f29-a108-a8cc973b0ad1, 
Descriptor >>>> 
 Template >>>> 
 titre : title-1079
 Album : album-title-158
 Composers : [composer-156]
 Interpreters : [interpreter-158, interpreter-159]
 Node Address : a9c8bd0b-d103-4f29-a108-a8cc973b0ad1, 
Descriptor >>>> 
 Template >>>> 
 titre : title-1065
 Album : album-title-156
 Composers : [composer-156]
 Interpreters : [interpreter-158, interpreter-159]
 Node Address : 423e97b9-1591-43a0-9749-383471cfc962, 
Descriptor >>>> 
 Template >>>> 
 titre : title-1066
 Album : album-title-156
 Composers : [composer-156]
 Interpreters : [interpreter-158, interpreter-159]
 Node Address : 423e97b9-1591-43a0-9749-383471cfc962, 
Descriptor >>>> 
 Template >>>> 
 titre : title-1081
 Album : album-title-158
 Composers : [composer-156]
 Interpreters : [interpreter-158, interpreter-159]
 Node Address : a9c8bd0b-d103-4f29-a108-a8cc973b0ad1, 
Descriptor >>>> 
 Template >>>> 
 titre : title-1063
 Album : album-title-156
 Composers : [composer-156]
 Interpreters : [interpreter-158, interpreter-159]
 Node Address : 423e97b9-1591-43a0-9749-383471cfc962]

1683757023519|##############################
find 
 Template >>>> 
 titre : title-1063
 Album : album-title-156
 Composers : []
 Interpreters : [interpreter-158, interpreter-159]

1683757023968|##############################
find 
 Template >>>> 
 titre : title-977
 Album : null
 Composers : []
 Interpreters : [interpreter-149, interpreter-148]

1683757023993|##############################
find 
 Template >>>> 
 titre : title-987
 Album : album-title-144
 Composers : []
 Interpreters : [interpreter-150, interpreter-151]

1683757023993|##############################
match 
 Template >>>> 
 titre : null
 Album : album-title-146
 Composers : []
 Interpreters : []

1683757024201|@@@@@@@@@@@@@@@@@@@@@@@@@@@@@
resultat du match 
 Template >>>> 
 titre : null
 Album : album-title-146
 Composers : []
 Interpreters : [] : [
Descriptor >>>> 
 Template >>>> 
 titre : title-999
 Album : album-title-146
 Composers : [composer-151, composer-152]
 Interpreters : [interpreter-152]
 Node Address : debbdc6d-75c8-4975-ae31-a4520c203a74, 
Descriptor >>>> 
 Template >>>> 
 titre : title-996
 Album : album-title-146
 Composers : [composer-151, composer-152]
 Interpreters : [interpreter-152]
 Node Address : debbdc6d-75c8-4975-ae31-a4520c203a74, 
Descriptor >>>> 
 Template >>>> 
 titre : title-997
 Album : album-title-146
 Composers : [composer-151, composer-152]
 Interpreters : [interpreter-152]
 Node Address : debbdc6d-75c8-4975-ae31-a4520c203a74, 
Descriptor >>>> 
 Template >>>> 
 titre : title-1002
 Album : album-title-146
 Composers : [composer-151, composer-152]
 Interpreters : [interpreter-152]
 Node Address : debbdc6d-75c8-4975-ae31-a4520c203a74, 
Descriptor >>>> 
 Template >>>> 
 titre : title-1000
 Album : album-title-146
 Composers : [composer-151, composer-152]
 Interpreters : [interpreter-152]
 Node Address : debbdc6d-75c8-4975-ae31-a4520c203a74, 
Descriptor >>>> 
 Template >>>> 
 titre : title-1001
 Album : album-title-146
 Composers : [composer-151, composer-152]
 Interpreters : [interpreter-152]
 Node Address : debbdc6d-75c8-4975-ae31-a4520c203a74, 
Descriptor >>>> 
 Template >>>> 
 titre : title-998
 Album : album-title-146
 Composers : [composer-151, composer-152]
 Interpreters : [interpreter-152]
 Node Address : debbdc6d-75c8-4975-ae31-a4520c203a74]

1683757024201|##############################
find 
 Template >>>> 
 titre : null
 Album : null
 Composers : []
 Interpreters : [interpreter-152]

1683757024202|##############################
find 
 Template >>>> 
 titre : title-1018
 Album : album-title-149
 Composers : [composer-153]
 Interpreters : [interpreter-154, interpreter-153]

1683757024202|##############################
find 
 Template >>>> 
 titre : title-1031
 Album : null
 Composers : [composer-154]
 Interpreters : []

1683757024202|##############################
find 
 Template >>>> 
 titre : title-1035
 Album : null
 Composers : []
 Interpreters : [interpreter-156, interpreter-155]

1683757024202|##############################
find 
 Template >>>> 
 titre : title-1057
 Album : null
 Composers : []
 Interpreters : []

1683757024203|##############################
find 
 Template >>>> 
 titre : title-1072
 Album : album-title-157
 Composers : []
 Interpreters : []

1683757025004|##############################
find 
 Template >>>> 
 titre : title-988
 Album : null
 Composers : []
 Interpreters : [interpreter-150, interpreter-151]

1683757025310|##############################
find 
 Template >>>> 
 titre : title-991
 Album : null
 Composers : [composer-150]
 Interpreters : [interpreter-150, interpreter-151]

1683757025310|##############################
find 
 Template >>>> 
 titre : title-1000
 Album : null
 Composers : []
 Interpreters : []

1683757025311|##############################
find 
 Template >>>> 
 titre : title-998
 Album : album-title-146
 Composers : [composer-151, composer-152]
 Interpreters : [interpreter-152]

1683757025311|##############################
match 
 Template >>>> 
 titre : title-1009
 Album : album-title-147
 Composers : []
 Interpreters : []

1683757025323|@@@@@@@@@@@@@@@@@@@@@@@@@@@@@
resultat du match 
 Template >>>> 
 titre : title-1009
 Album : album-title-147
 Composers : []
 Interpreters : [] : []

1683757025323|##############################
find 
 Template >>>> 
 titre : title-1003
 Album : null
 Composers : [composer-151, composer-152]
 Interpreters : [interpreter-152]

1683757025324|##############################
find 
 Template >>>> 
 titre : title-1010
 Album : album-title-148
 Composers : [composer-153]
 Interpreters : []

1683757025324|##############################
match 
 Template >>>> 
 titre : title-1032
 Album : album-title-151
 Composers : [composer-154]
 Interpreters : [interpreter-156, interpreter-155]

1683757025356|@@@@@@@@@@@@@@@@@@@@@@@@@@@@@
resultat du match 
 Template >>>> 
 titre : title-1032
 Album : album-title-151
 Composers : [composer-154]
 Interpreters : [interpreter-156, interpreter-155] : []

1683757025356|##############################
match 
 Template >>>> 
 titre : title-1038
 Album : null
 Composers : [composer-154]
 Interpreters : [interpreter-156, interpreter-155]

1683757025377|@@@@@@@@@@@@@@@@@@@@@@@@@@@@@
resultat du match 
 Template >>>> 
 titre : title-1038
 Album : null
 Composers : [composer-154]
 Interpreters : [interpreter-156, interpreter-155] : [
Descriptor >>>> 
 Template >>>> 
 titre : title-1038
 Album : album-title-152
 Composers : [composer-154]
 Interpreters : [interpreter-156, interpreter-155]
 Node Address : 974838f9-a8a2-4ac1-a35f-ebb6e701eb4d]

1683757025377|##############################
find 
 Template >>>> 
 titre : title-1047
 Album : null
 Composers : []
 Interpreters : [interpreter-157]

1683757025377|##############################
find 
 Template >>>> 
 titre : title-1051
 Album : null
 Composers : [composer-155]
 Interpreters : [interpreter-157]

1683757025378|##############################
find 
 Template >>>> 
 titre : null
 Album : album-title-155
 Composers : []
 Interpreters : []

1683757025378|##############################
find 
 Template >>>> 
 titre : null
 Album : album-title-157
 Composers : []
 Interpreters : []

