1684163014144|##############################
find 
 Template >>>> 
 titre : title-1579
 Album : album-title-229
 Composers : [composer-190]
 Interpreters : [interpreter-196, interpreter-195]

1684163014163|##############################
find 
 Template >>>> 
 titre : null
 Album : album-title-231
 Composers : []
 Interpreters : []

1684163014191|##############################
find 
 Template >>>> 
 titre : null
 Album : album-title-232
 Composers : []
 Interpreters : []

1684163014356|##############################
match 
 Template >>>> 
 titre : title-1606
 Album : null
 Composers : [composer-191, composer-192]
 Interpreters : []

1684163014458|@@@@@@@@@@@@@@@@@@@@@@@@@@@@@
resultat du match 
 Template >>>> 
 titre : title-1606
 Album : null
 Composers : [composer-191, composer-192]
 Interpreters : [] : []

1684163014458|##############################
find 
 Template >>>> 
 titre : title-1615
 Album : null
 Composers : [composer-193, composer-194]
 Interpreters : []

1684163014459|##############################
find 
 Template >>>> 
 titre : title-1617
 Album : album-title-234
 Composers : [composer-193, composer-194]
 Interpreters : []

1684163014459|##############################
find 
 Template >>>> 
 titre : title-1618
 Album : null
 Composers : []
 Interpreters : [interpreter-199]

1684163014460|##############################
find 
 Template >>>> 
 titre : title-1621
 Album : null
 Composers : [composer-193, composer-194]
 Interpreters : []

1684163014460|##############################
match 
 Template >>>> 
 titre : title-1648
 Album : album-title-239
 Composers : []
 Interpreters : []

1684163014488|@@@@@@@@@@@@@@@@@@@@@@@@@@@@@
resultat du match 
 Template >>>> 
 titre : title-1648
 Album : album-title-239
 Composers : []
 Interpreters : [] : [
Descriptor >>>> 
 Template >>>> 
 titre : title-1648
 Album : album-title-239
 Composers : [composer-195]
 Interpreters : [interpreter-201, interpreter-200]
 Node Address : e3ccaf1c-79d9-4b1b-a33e-02dcdabeaa4c]

1684163014488|##############################
match 
 Template >>>> 
 titre : title-1656
 Album : null
 Composers : [composer-197, composer-196]
 Interpreters : []

1684163014531|@@@@@@@@@@@@@@@@@@@@@@@@@@@@@
resultat du match 
 Template >>>> 
 titre : title-1656
 Album : null
 Composers : [composer-197, composer-196]
 Interpreters : [] : []

1684163014531|##############################
find 
 Template >>>> 
 titre : title-1668
 Album : null
 Composers : []
 Interpreters : [interpreter-202]

1684163015203|##############################
find 
 Template >>>> 
 titre : title-1581
 Album : null
 Composers : [composer-190]
 Interpreters : []

1684163015275|##############################
find 
 Template >>>> 
 titre : title-1587
 Album : album-title-230
 Composers : []
 Interpreters : []

1684163015275|##############################
find 
 Template >>>> 
 titre : null
 Album : null
 Composers : [composer-191]
 Interpreters : []

1684163015276|##############################
find 
 Template >>>> 
 titre : title-1602
 Album : null
 Composers : [composer-191, composer-192]
 Interpreters : [interpreter-198, interpreter-197]

1684163015276|##############################
find 
 Template >>>> 
 titre : null
 Album : null
 Composers : [composer-194]
 Interpreters : []

1684163015277|##############################
find 
 Template >>>> 
 titre : title-1626
 Album : null
 Composers : []
 Interpreters : []

1684163015277|##############################
find 
 Template >>>> 
 titre : title-1639
 Album : null
 Composers : [composer-195]
 Interpreters : []

1684163015278|##############################
match 
 Template >>>> 
 titre : title-1642
 Album : null
 Composers : [composer-195]
 Interpreters : [interpreter-201, interpreter-200]

1684163015316|@@@@@@@@@@@@@@@@@@@@@@@@@@@@@
resultat du match 
 Template >>>> 
 titre : title-1642
 Album : null
 Composers : [composer-195]
 Interpreters : [interpreter-201, interpreter-200] : [
Descriptor >>>> 
 Template >>>> 
 titre : title-1642
 Album : album-title-238
 Composers : [composer-195]
 Interpreters : [interpreter-201, interpreter-200]
 Node Address : 6e5b836f-2158-4af5-bc5f-de802e201a90]

1684163015316|##############################
find 
 Template >>>> 
 titre : title-1643
 Album : null
 Composers : [composer-195]
 Interpreters : [interpreter-201, interpreter-200]

1684163015316|##############################
find 
 Template >>>> 
 titre : null
 Album : album-title-239
 Composers : []
 Interpreters : []

1684163015317|##############################
find 
 Template >>>> 
 titre : title-1652
 Album : album-title-239
 Composers : [composer-195]
 Interpreters : []

1684163015317|##############################
find 
 Template >>>> 
 titre : null
 Album : null
 Composers : []
 Interpreters : [interpreter-202]

1684163015317|##############################
match 
 Template >>>> 
 titre : title-1663
 Album : album-title-241
 Composers : []
 Interpreters : [interpreter-202]

1684163015380|@@@@@@@@@@@@@@@@@@@@@@@@@@@@@
resultat du match 
 Template >>>> 
 titre : title-1663
 Album : album-title-241
 Composers : []
 Interpreters : [interpreter-202] : []

1684163015380|##############################
find 
 Template >>>> 
 titre : title-1662
 Album : album-title-241
 Composers : []
 Interpreters : [interpreter-202]

1684163015381|##############################
match 
 Template >>>> 
 titre : null
 Album : album-title-241
 Composers : []
 Interpreters : []

1684163015417|@@@@@@@@@@@@@@@@@@@@@@@@@@@@@
resultat du match 
 Template >>>> 
 titre : null
 Album : album-title-241
 Composers : []
 Interpreters : [] : []

1684163015417|##############################
find 
 Template >>>> 
 titre : title-1670
 Album : null
 Composers : [composer-197, composer-196]
 Interpreters : []

1684163016143|##############################
match 
 Template >>>> 
 titre : title-1583
 Album : album-title-229
 Composers : []
 Interpreters : []

1684163016571|@@@@@@@@@@@@@@@@@@@@@@@@@@@@@
resultat du match 
 Template >>>> 
 titre : title-1583
 Album : album-title-229
 Composers : []
 Interpreters : [] : [
Descriptor >>>> 
 Template >>>> 
 titre : title-1583
 Album : album-title-229
 Composers : [composer-190]
 Interpreters : [interpreter-196, interpreter-195]
 Node Address : be062fe7-eddb-4ea3-880d-70280b880ebc]

1684163016571|##############################
find 
 Template >>>> 
 titre : title-1590
 Album : album-title-230
 Composers : []
 Interpreters : [interpreter-196, interpreter-195]

1684163016600|##############################
find 
 Template >>>> 
 titre : null
 Album : null
 Composers : []
 Interpreters : [interpreter-197]

1684163016628|##############################
find 
 Template >>>> 
 titre : title-1592
 Album : album-title-231
 Composers : []
 Interpreters : [interpreter-198, interpreter-197]

1684163016635|##############################
match 
 Template >>>> 
 titre : title-1604
 Album : null
 Composers : [composer-191, composer-192]
 Interpreters : []

1684163016655|@@@@@@@@@@@@@@@@@@@@@@@@@@@@@
resultat du match 
 Template >>>> 
 titre : title-1604
 Album : null
 Composers : [composer-191, composer-192]
 Interpreters : [] : []

1684163016655|##############################
find 
 Template >>>> 
 titre : title-1630
 Album : album-title-236
 Composers : [composer-193, composer-194]
 Interpreters : [interpreter-199]

1684163016655|##############################
find 
 Template >>>> 
 titre : null
 Album : null
 Composers : []
 Interpreters : [interpreter-200]

1684163016656|##############################
find 
 Template >>>> 
 titre : null
 Album : album-title-238
 Composers : []
 Interpreters : []

1684163016656|##############################
find 
 Template >>>> 
 titre : title-1658
 Album : null
 Composers : []
 Interpreters : []

1684163016656|##############################
find 
 Template >>>> 
 titre : title-1655
 Album : album-title-240
 Composers : [composer-197, composer-196]
 Interpreters : [interpreter-202]

1684163016657|##############################
find 
 Template >>>> 
 titre : title-1667
 Album : null
 Composers : []
 Interpreters : [interpreter-202]

1684163016668|##############################
match 
 Template >>>> 
 titre : title-1673
 Album : null
 Composers : []
 Interpreters : [interpreter-202]

1684163016685|@@@@@@@@@@@@@@@@@@@@@@@@@@@@@
resultat du match 
 Template >>>> 
 titre : title-1673
 Album : null
 Composers : []
 Interpreters : [interpreter-202] : [
Descriptor >>>> 
 Template >>>> 
 titre : title-1673
 Album : album-title-242
 Composers : [composer-197, composer-196]
 Interpreters : [interpreter-202]
 Node Address : a9202259-3c9c-4949-8847-ec02379eed51]

1684163017086|##############################
find 
 Template >>>> 
 titre : title-1575
 Album : album-title-228
 Composers : [composer-190]
 Interpreters : []

1684163017169|##############################
match 
 Template >>>> 
 titre : null
 Album : null
 Composers : []
 Interpreters : [interpreter-196]

1684163017220|@@@@@@@@@@@@@@@@@@@@@@@@@@@@@
resultat du match 
 Template >>>> 
 titre : null
 Album : null
 Composers : []
 Interpreters : [interpreter-196] : [
Descriptor >>>> 
 Template >>>> 
 titre : title-1581
 Album : album-title-229
 Composers : [composer-190]
 Interpreters : [interpreter-196, interpreter-195]
 Node Address : be062fe7-eddb-4ea3-880d-70280b880ebc, 
Descriptor >>>> 
 Template >>>> 
 titre : title-1574
 Album : album-title-228
 Composers : [composer-190]
 Interpreters : [interpreter-196, interpreter-195]
 Node Address : 9e2a7530-7a69-40a0-bb00-a4dfa5862d5f, 
Descriptor >>>> 
 Template >>>> 
 titre : title-1585
 Album : album-title-230
 Composers : [composer-190]
 Interpreters : [interpreter-196, interpreter-195]
 Node Address : a3e50e48-06f3-43c5-927f-64ae14a09506, 
Descriptor >>>> 
 Template >>>> 
 titre : title-1582
 Album : album-title-229
 Composers : [composer-190]
 Interpreters : [interpreter-196, interpreter-195]
 Node Address : be062fe7-eddb-4ea3-880d-70280b880ebc, 
Descriptor >>>> 
 Template >>>> 
 titre : title-1576
 Album : album-title-228
 Composers : [composer-190]
 Interpreters : [interpreter-196, interpreter-195]
 Node Address : 9e2a7530-7a69-40a0-bb00-a4dfa5862d5f, 
Descriptor >>>> 
 Template >>>> 
 titre : title-1587
 Album : album-title-230
 Composers : [composer-190]
 Interpreters : [interpreter-196, interpreter-195]
 Node Address : a3e50e48-06f3-43c5-927f-64ae14a09506, 
Descriptor >>>> 
 Template >>>> 
 titre : title-1580
 Album : album-title-229
 Composers : [composer-190]
 Interpreters : [interpreter-196, interpreter-195]
 Node Address : be062fe7-eddb-4ea3-880d-70280b880ebc, 
Descriptor >>>> 
 Template >>>> 
 titre : title-1578
 Album : album-title-228
 Composers : [composer-190]
 Interpreters : [interpreter-196, interpreter-195]
 Node Address : 9e2a7530-7a69-40a0-bb00-a4dfa5862d5f, 
Descriptor >>>> 
 Template >>>> 
 titre : title-1584
 Album : album-title-230
 Composers : [composer-190]
 Interpreters : [interpreter-196, interpreter-195]
 Node Address : a3e50e48-06f3-43c5-927f-64ae14a09506, 
Descriptor >>>> 
 Template >>>> 
 titre : title-1583
 Album : album-title-229
 Composers : [composer-190]
 Interpreters : [interpreter-196, interpreter-195]
 Node Address : be062fe7-eddb-4ea3-880d-70280b880ebc, 
Descriptor >>>> 
 Template >>>> 
 titre : title-1572
 Album : album-title-228
 Composers : [composer-190]
 Interpreters : [interpreter-196, interpreter-195]
 Node Address : 9e2a7530-7a69-40a0-bb00-a4dfa5862d5f, 
Descriptor >>>> 
 Template >>>> 
 titre : title-1586
 Album : album-title-230
 Composers : [composer-190]
 Interpreters : [interpreter-196, interpreter-195]
 Node Address : a3e50e48-06f3-43c5-927f-64ae14a09506, 
Descriptor >>>> 
 Template >>>> 
 titre : title-1588
 Album : album-title-230
 Composers : [composer-190]
 Interpreters : [interpreter-196, interpreter-195]
 Node Address : a3e50e48-06f3-43c5-927f-64ae14a09506, 
Descriptor >>>> 
 Template >>>> 
 titre : title-1575
 Album : album-title-228
 Composers : [composer-190]
 Interpreters : [interpreter-196, interpreter-195]
 Node Address : 9e2a7530-7a69-40a0-bb00-a4dfa5862d5f, 
Descriptor >>>> 
 Template >>>> 
 titre : title-1573
 Album : album-title-228
 Composers : [composer-190]
 Interpreters : [interpreter-196, interpreter-195]
 Node Address : 9e2a7530-7a69-40a0-bb00-a4dfa5862d5f, 
Descriptor >>>> 
 Template >>>> 
 titre : title-1589
 Album : album-title-230
 Composers : [composer-190]
 Interpreters : [interpreter-196, interpreter-195]
 Node Address : a3e50e48-06f3-43c5-927f-64ae14a09506, 
Descriptor >>>> 
 Template >>>> 
 titre : title-1579
 Album : album-title-229
 Composers : [composer-190]
 Interpreters : [interpreter-196, interpreter-195]
 Node Address : be062fe7-eddb-4ea3-880d-70280b880ebc, 
Descriptor >>>> 
 Template >>>> 
 titre : title-1577
 Album : album-title-228
 Composers : [composer-190]
 Interpreters : [interpreter-196, interpreter-195]
 Node Address : 9e2a7530-7a69-40a0-bb00-a4dfa5862d5f, 
Descriptor >>>> 
 Template >>>> 
 titre : title-1590
 Album : album-title-230
 Composers : [composer-190]
 Interpreters : [interpreter-196, interpreter-195]
 Node Address : a3e50e48-06f3-43c5-927f-64ae14a09506]

1684163017220|##############################
match 
 Template >>>> 
 titre : null
 Album : album-title-229
 Composers : []
 Interpreters : []

1684163017241|@@@@@@@@@@@@@@@@@@@@@@@@@@@@@
resultat du match 
 Template >>>> 
 titre : null
 Album : album-title-229
 Composers : []
 Interpreters : [] : [
Descriptor >>>> 
 Template >>>> 
 titre : title-1581
 Album : album-title-229
 Composers : [composer-190]
 Interpreters : [interpreter-196, interpreter-195]
 Node Address : be062fe7-eddb-4ea3-880d-70280b880ebc, 
Descriptor >>>> 
 Template >>>> 
 titre : title-1582
 Album : album-title-229
 Composers : [composer-190]
 Interpreters : [interpreter-196, interpreter-195]
 Node Address : be062fe7-eddb-4ea3-880d-70280b880ebc, 
Descriptor >>>> 
 Template >>>> 
 titre : title-1580
 Album : album-title-229
 Composers : [composer-190]
 Interpreters : [interpreter-196, interpreter-195]
 Node Address : be062fe7-eddb-4ea3-880d-70280b880ebc, 
Descriptor >>>> 
 Template >>>> 
 titre : title-1583
 Album : album-title-229
 Composers : [composer-190]
 Interpreters : [interpreter-196, interpreter-195]
 Node Address : be062fe7-eddb-4ea3-880d-70280b880ebc, 
Descriptor >>>> 
 Template >>>> 
 titre : title-1579
 Album : album-title-229
 Composers : [composer-190]
 Interpreters : [interpreter-196, interpreter-195]
 Node Address : be062fe7-eddb-4ea3-880d-70280b880ebc]

1684163017241|##############################
find 
 Template >>>> 
 titre : title-1594
 Album : null
 Composers : [composer-191, composer-192]
 Interpreters : []

1684163017242|##############################
match 
 Template >>>> 
 titre : title-1613
 Album : album-title-234
 Composers : [composer-193, composer-194]
 Interpreters : [interpreter-199]

1684163017292|@@@@@@@@@@@@@@@@@@@@@@@@@@@@@
resultat du match 
 Template >>>> 
 titre : title-1613
 Album : album-title-234
 Composers : [composer-193, composer-194]
 Interpreters : [interpreter-199] : []

1684163017292|##############################
find 
 Template >>>> 
 titre : title-1623
 Album : album-title-235
 Composers : [composer-193, composer-194]
 Interpreters : []

1684163017292|##############################
find 
 Template >>>> 
 titre : title-1628
 Album : null
 Composers : []
 Interpreters : [interpreter-199]

1684163017292|##############################
find 
 Template >>>> 
 titre : title-1635
 Album : album-title-237
 Composers : [composer-195]
 Interpreters : [interpreter-201, interpreter-200]

1684163017293|##############################
find 
 Template >>>> 
 titre : title-1669
 Album : album-title-242
 Composers : [composer-197, composer-196]
 Interpreters : [interpreter-202]

1684163017293|##############################
match 
 Template >>>> 
 titre : null
 Album : album-title-242
 Composers : []
 Interpreters : []

1684163017379|@@@@@@@@@@@@@@@@@@@@@@@@@@@@@
resultat du match 
 Template >>>> 
 titre : null
 Album : album-title-242
 Composers : []
 Interpreters : [] : [
Descriptor >>>> 
 Template >>>> 
 titre : title-1669
 Album : album-title-242
 Composers : [composer-197, composer-196]
 Interpreters : [interpreter-202]
 Node Address : a9202259-3c9c-4949-8847-ec02379eed51, 
Descriptor >>>> 
 Template >>>> 
 titre : title-1671
 Album : album-title-242
 Composers : [composer-197, composer-196]
 Interpreters : [interpreter-202]
 Node Address : a9202259-3c9c-4949-8847-ec02379eed51, 
Descriptor >>>> 
 Template >>>> 
 titre : title-1670
 Album : album-title-242
 Composers : [composer-197, composer-196]
 Interpreters : [interpreter-202]
 Node Address : a9202259-3c9c-4949-8847-ec02379eed51, 
Descriptor >>>> 
 Template >>>> 
 titre : title-1673
 Album : album-title-242
 Composers : [composer-197, composer-196]
 Interpreters : [interpreter-202]
 Node Address : a9202259-3c9c-4949-8847-ec02379eed51, 
Descriptor >>>> 
 Template >>>> 
 titre : title-1668
 Album : album-title-242
 Composers : [composer-197, composer-196]
 Interpreters : [interpreter-202]
 Node Address : a9202259-3c9c-4949-8847-ec02379eed51, 
Descriptor >>>> 
 Template >>>> 
 titre : title-1674
 Album : album-title-242
 Composers : [composer-197, composer-196]
 Interpreters : [interpreter-202]
 Node Address : a9202259-3c9c-4949-8847-ec02379eed51, 
Descriptor >>>> 
 Template >>>> 
 titre : title-1672
 Album : album-title-242
 Composers : [composer-197, composer-196]
 Interpreters : [interpreter-202]
 Node Address : a9202259-3c9c-4949-8847-ec02379eed51, 
Descriptor >>>> 
 Template >>>> 
 titre : title-1667
 Album : album-title-242
 Composers : [composer-197, composer-196]
 Interpreters : [interpreter-202]
 Node Address : a9202259-3c9c-4949-8847-ec02379eed51]

1684163018144|##############################
find 
 Template >>>> 
 titre : title-1580
 Album : null
 Composers : []
 Interpreters : []

1684163018266|##############################
match 
 Template >>>> 
 titre : title-1589
 Album : album-title-230
 Composers : []
 Interpreters : []

1684163018342|@@@@@@@@@@@@@@@@@@@@@@@@@@@@@
resultat du match 
 Template >>>> 
 titre : title-1589
 Album : album-title-230
 Composers : []
 Interpreters : [] : []

1684163018342|##############################
match 
 Template >>>> 
 titre : title-1593
 Album : null
 Composers : []
 Interpreters : [interpreter-198, interpreter-197]

1684163018384|@@@@@@@@@@@@@@@@@@@@@@@@@@@@@
resultat du match 
 Template >>>> 
 titre : title-1593
 Album : null
 Composers : []
 Interpreters : [interpreter-198, interpreter-197] : []

1684163018384|##############################
match 
 Template >>>> 
 titre : title-1600
 Album : album-title-232
 Composers : []
 Interpreters : [interpreter-198, interpreter-197]

1684163018456|@@@@@@@@@@@@@@@@@@@@@@@@@@@@@
resultat du match 
 Template >>>> 
 titre : title-1600
 Album : album-title-232
 Composers : []
 Interpreters : [interpreter-198, interpreter-197] : [
Descriptor >>>> 
 Template >>>> 
 titre : title-1600
 Album : album-title-232
 Composers : [composer-191, composer-192]
 Interpreters : [interpreter-198, interpreter-197]
 Node Address : 57ce860b-e28d-4bb9-a9ee-c69c570cadde]

1684163018456|##############################
match 
 Template >>>> 
 titre : title-1601
 Album : null
 Composers : []
 Interpreters : []

1684163018528|@@@@@@@@@@@@@@@@@@@@@@@@@@@@@
resultat du match 
 Template >>>> 
 titre : title-1601
 Album : null
 Composers : []
 Interpreters : [] : [
Descriptor >>>> 
 Template >>>> 
 titre : title-1601
 Album : album-title-232
 Composers : [composer-191, composer-192]
 Interpreters : [interpreter-198, interpreter-197]
 Node Address : 57ce860b-e28d-4bb9-a9ee-c69c570cadde]

1684163018528|##############################
find 
 Template >>>> 
 titre : title-1605
 Album : null
 Composers : [composer-191, composer-192]
 Interpreters : [interpreter-198, interpreter-197]

1684163018528|##############################
find 
 Template >>>> 
 titre : title-1608
 Album : album-title-233
 Composers : []
 Interpreters : [interpreter-198, interpreter-197]

1684163018529|##############################
match 
 Template >>>> 
 titre : title-1607
 Album : album-title-233
 Composers : [composer-191, composer-192]
 Interpreters : []

1684163018557|@@@@@@@@@@@@@@@@@@@@@@@@@@@@@
resultat du match 
 Template >>>> 
 titre : title-1607
 Album : album-title-233
 Composers : [composer-191, composer-192]
 Interpreters : [] : [
Descriptor >>>> 
 Template >>>> 
 titre : title-1607
 Album : album-title-233
 Composers : [composer-191, composer-192]
 Interpreters : [interpreter-198, interpreter-197]
 Node Address : 5d929009-0f6f-4b80-9524-824cc7286fe1]

1684163018557|##############################
find 
 Template >>>> 
 titre : title-1632
 Album : album-title-236
 Composers : [composer-193, composer-194]
 Interpreters : []

1684163018558|##############################
find 
 Template >>>> 
 titre : title-1636
 Album : album-title-237
 Composers : [composer-195]
 Interpreters : []

1684163018558|##############################
find 
 Template >>>> 
 titre : title-1641
 Album : album-title-238
 Composers : []
 Interpreters : [interpreter-201, interpreter-200]

1684163018559|##############################
find 
 Template >>>> 
 titre : null
 Album : null
 Composers : [composer-198]
 Interpreters : []

1684163019144|##############################
find 
 Template >>>> 
 titre : title-1584
 Album : album-title-230
 Composers : [composer-190]
 Interpreters : [interpreter-196, interpreter-195]

1684163019763|##############################
match 
 Template >>>> 
 titre : title-1586
 Album : album-title-230
 Composers : [composer-190]
 Interpreters : []

1684163019800|@@@@@@@@@@@@@@@@@@@@@@@@@@@@@
resultat du match 
 Template >>>> 
 titre : title-1586
 Album : album-title-230
 Composers : [composer-190]
 Interpreters : [] : []

1684163019800|##############################
find 
 Template >>>> 
 titre : title-1585
 Album : null
 Composers : []
 Interpreters : [interpreter-196, interpreter-195]

1684163019801|##############################
match 
 Template >>>> 
 titre : null
 Album : null
 Composers : [composer-192]
 Interpreters : []

1684163019820|@@@@@@@@@@@@@@@@@@@@@@@@@@@@@
resultat du match 
 Template >>>> 
 titre : null
 Album : null
 Composers : [composer-192]
 Interpreters : [] : [
Descriptor >>>> 
 Template >>>> 
 titre : title-1604
 Album : album-title-233
 Composers : [composer-191, composer-192]
 Interpreters : [interpreter-198, interpreter-197]
 Node Address : 5d929009-0f6f-4b80-9524-824cc7286fe1, 
Descriptor >>>> 
 Template >>>> 
 titre : title-1596
 Album : album-title-231
 Composers : [composer-191, composer-192]
 Interpreters : [interpreter-198, interpreter-197]
 Node Address : 66aa3f69-4cd7-4dc9-93fc-6da859e973e0, 
Descriptor >>>> 
 Template >>>> 
 titre : title-1593
 Album : album-title-231
 Composers : [composer-191, composer-192]
 Interpreters : [interpreter-198, interpreter-197]
 Node Address : 66aa3f69-4cd7-4dc9-93fc-6da859e973e0, 
Descriptor >>>> 
 Template >>>> 
 titre : title-1592
 Album : album-title-231
 Composers : [composer-191, composer-192]
 Interpreters : [interpreter-198, interpreter-197]
 Node Address : 66aa3f69-4cd7-4dc9-93fc-6da859e973e0, 
Descriptor >>>> 
 Template >>>> 
 titre : title-1600
 Album : album-title-232
 Composers : [composer-191, composer-192]
 Interpreters : [interpreter-198, interpreter-197]
 Node Address : 57ce860b-e28d-4bb9-a9ee-c69c570cadde, 
Descriptor >>>> 
 Template >>>> 
 titre : title-1607
 Album : album-title-233
 Composers : [composer-191, composer-192]
 Interpreters : [interpreter-198, interpreter-197]
 Node Address : 5d929009-0f6f-4b80-9524-824cc7286fe1, 
Descriptor >>>> 
 Template >>>> 
 titre : title-1598
 Album : album-title-232
 Composers : [composer-191, composer-192]
 Interpreters : [interpreter-198, interpreter-197]
 Node Address : 57ce860b-e28d-4bb9-a9ee-c69c570cadde, 
Descriptor >>>> 
 Template >>>> 
 titre : title-1608
 Album : album-title-233
 Composers : [composer-191, composer-192]
 Interpreters : [interpreter-198, interpreter-197]
 Node Address : 5d929009-0f6f-4b80-9524-824cc7286fe1, 
Descriptor >>>> 
 Template >>>> 
 titre : title-1595
 Album : album-title-231
 Composers : [composer-191, composer-192]
 Interpreters : [interpreter-198, interpreter-197]
 Node Address : 66aa3f69-4cd7-4dc9-93fc-6da859e973e0, 
Descriptor >>>> 
 Template >>>> 
 titre : title-1597
 Album : album-title-232
 Composers : [composer-191, composer-192]
 Interpreters : [interpreter-198, interpreter-197]
 Node Address : 57ce860b-e28d-4bb9-a9ee-c69c570cadde, 
Descriptor >>>> 
 Template >>>> 
 titre : title-1594
 Album : album-title-231
 Composers : [composer-191, composer-192]
 Interpreters : [interpreter-198, interpreter-197]
 Node Address : 66aa3f69-4cd7-4dc9-93fc-6da859e973e0, 
Descriptor >>>> 
 Template >>>> 
 titre : title-1591
 Album : album-title-231
 Composers : [composer-191, composer-192]
 Interpreters : [interpreter-198, interpreter-197]
 Node Address : 66aa3f69-4cd7-4dc9-93fc-6da859e973e0, 
Descriptor >>>> 
 Template >>>> 
 titre : title-1602
 Album : album-title-233
 Composers : [composer-191, composer-192]
 Interpreters : [interpreter-198, interpreter-197]
 Node Address : 5d929009-0f6f-4b80-9524-824cc7286fe1, 
Descriptor >>>> 
 Template >>>> 
 titre : title-1603
 Album : album-title-233
 Composers : [composer-191, composer-192]
 Interpreters : [interpreter-198, interpreter-197]
 Node Address : 5d929009-0f6f-4b80-9524-824cc7286fe1, 
Descriptor >>>> 
 Template >>>> 
 titre : title-1599
 Album : album-title-232
 Composers : [composer-191, composer-192]
 Interpreters : [interpreter-198, interpreter-197]
 Node Address : 57ce860b-e28d-4bb9-a9ee-c69c570cadde, 
Descriptor >>>> 
 Template >>>> 
 titre : title-1605
 Album : album-title-233
 Composers : [composer-191, composer-192]
 Interpreters : [interpreter-198, interpreter-197]
 Node Address : 5d929009-0f6f-4b80-9524-824cc7286fe1, 
Descriptor >>>> 
 Template >>>> 
 titre : title-1606
 Album : album-title-233
 Composers : [composer-191, composer-192]
 Interpreters : [interpreter-198, interpreter-197]
 Node Address : 5d929009-0f6f-4b80-9524-824cc7286fe1, 
Descriptor >>>> 
 Template >>>> 
 titre : title-1601
 Album : album-title-232
 Composers : [composer-191, composer-192]
 Interpreters : [interpreter-198, interpreter-197]
 Node Address : 57ce860b-e28d-4bb9-a9ee-c69c570cadde]

1684163019820|##############################
find 
 Template >>>> 
 titre : title-1611
 Album : null
 Composers : [composer-193, composer-194]
 Interpreters : [interpreter-199]

1684163019821|##############################
find 
 Template >>>> 
 titre : null
 Album : null
 Composers : []
 Interpreters : [interpreter-199]

1684163019821|##############################
find 
 Template >>>> 
 titre : title-1610
 Album : album-title-234
 Composers : [composer-193, composer-194]
 Interpreters : []

1684163019822|##############################
find 
 Template >>>> 
 titre : title-1625
 Album : album-title-236
 Composers : []
 Interpreters : []

1684163019822|##############################
find 
 Template >>>> 
 titre : title-1627
 Album : null
 Composers : []
 Interpreters : [interpreter-199]

1684163019823|##############################
match 
 Template >>>> 
 titre : null
 Album : album-title-237
 Composers : []
 Interpreters : []

1684163019838|@@@@@@@@@@@@@@@@@@@@@@@@@@@@@
resultat du match 
 Template >>>> 
 titre : null
 Album : album-title-237
 Composers : []
 Interpreters : [] : [
Descriptor >>>> 
 Template >>>> 
 titre : title-1637
 Album : album-title-237
 Composers : [composer-195]
 Interpreters : [interpreter-201, interpreter-200]
 Node Address : 0e7bc7ce-37f2-4a3d-95d5-5e0bc4b568ce, 
Descriptor >>>> 
 Template >>>> 
 titre : title-1635
 Album : album-title-237
 Composers : [composer-195]
 Interpreters : [interpreter-201, interpreter-200]
 Node Address : 0e7bc7ce-37f2-4a3d-95d5-5e0bc4b568ce, 
Descriptor >>>> 
 Template >>>> 
 titre : title-1640
 Album : album-title-237
 Composers : [composer-195]
 Interpreters : [interpreter-201, interpreter-200]
 Node Address : 0e7bc7ce-37f2-4a3d-95d5-5e0bc4b568ce, 
Descriptor >>>> 
 Template >>>> 
 titre : title-1638
 Album : album-title-237
 Composers : [composer-195]
 Interpreters : [interpreter-201, interpreter-200]
 Node Address : 0e7bc7ce-37f2-4a3d-95d5-5e0bc4b568ce, 
Descriptor >>>> 
 Template >>>> 
 titre : title-1636
 Album : album-title-237
 Composers : [composer-195]
 Interpreters : [interpreter-201, interpreter-200]
 Node Address : 0e7bc7ce-37f2-4a3d-95d5-5e0bc4b568ce, 
Descriptor >>>> 
 Template >>>> 
 titre : title-1639
 Album : album-title-237
 Composers : [composer-195]
 Interpreters : [interpreter-201, interpreter-200]
 Node Address : 0e7bc7ce-37f2-4a3d-95d5-5e0bc4b568ce, 
Descriptor >>>> 
 Template >>>> 
 titre : title-1634
 Album : album-title-237
 Composers : [composer-195]
 Interpreters : [interpreter-201, interpreter-200]
 Node Address : 0e7bc7ce-37f2-4a3d-95d5-5e0bc4b568ce]

1684163019838|##############################
find 
 Template >>>> 
 titre : title-1664
 Album : null
 Composers : []
 Interpreters : []

1684163019838|##############################
find 
 Template >>>> 
 titre : title-1659
 Album : album-title-241
 Composers : []
 Interpreters : []

1684163020143|##############################
match 
 Template >>>> 
 titre : title-1582
 Album : album-title-229
 Composers : [composer-190]
 Interpreters : []

1684163020218|@@@@@@@@@@@@@@@@@@@@@@@@@@@@@
resultat du match 
 Template >>>> 
 titre : title-1582
 Album : album-title-229
 Composers : [composer-190]
 Interpreters : [] : []

1684163020218|##############################
find 
 Template >>>> 
 titre : title-1598
 Album : album-title-232
 Composers : [composer-191, composer-192]
 Interpreters : []

1684163020218|##############################
find 
 Template >>>> 
 titre : title-1603
 Album : null
 Composers : [composer-191, composer-192]
 Interpreters : []

1684163020219|##############################
find 
 Template >>>> 
 titre : null
 Album : album-title-233
 Composers : []
 Interpreters : []

1684163020219|##############################
find 
 Template >>>> 
 titre : title-1616
 Album : album-title-234
 Composers : []
 Interpreters : []

1684163020225|##############################
find 
 Template >>>> 
 titre : title-1614
 Album : null
 Composers : []
 Interpreters : []

1684163020226|##############################
find 
 Template >>>> 
 titre : title-1620
 Album : album-title-235
 Composers : [composer-193, composer-194]
 Interpreters : [interpreter-199]

1684163020226|##############################
find 
 Template >>>> 
 titre : null
 Album : album-title-235
 Composers : []
 Interpreters : []

1684163020226|##############################
find 
 Template >>>> 
 titre : title-1644
 Album : album-title-238
 Composers : [composer-195]
 Interpreters : []

1684163020227|##############################
find 
 Template >>>> 
 titre : title-1651
 Album : album-title-239
 Composers : []
 Interpreters : []

1684163020227|##############################
find 
 Template >>>> 
 titre : null
 Album : null
 Composers : [composer-196]
 Interpreters : []

1684163020227|##############################
find 
 Template >>>> 
 titre : title-1657
 Album : album-title-240
 Composers : []
 Interpreters : []

1684163020228|##############################
match 
 Template >>>> 
 titre : title-1660
 Album : null
 Composers : []
 Interpreters : [interpreter-202]

1684163020325|@@@@@@@@@@@@@@@@@@@@@@@@@@@@@
resultat du match 
 Template >>>> 
 titre : title-1660
 Album : null
 Composers : []
 Interpreters : [interpreter-202] : []

1684163020325|##############################
match 
 Template >>>> 
 titre : title-1672
 Album : album-title-242
 Composers : [composer-197, composer-196]
 Interpreters : [interpreter-202]

1684163020407|@@@@@@@@@@@@@@@@@@@@@@@@@@@@@
resultat du match 
 Template >>>> 
 titre : title-1672
 Album : album-title-242
 Composers : [composer-197, composer-196]
 Interpreters : [interpreter-202] : [
Descriptor >>>> 
 Template >>>> 
 titre : title-1672
 Album : album-title-242
 Composers : [composer-197, composer-196]
 Interpreters : [interpreter-202]
 Node Address : a9202259-3c9c-4949-8847-ec02379eed51]

1684163021143|##############################
find 
 Template >>>> 
 titre : title-1588
 Album : album-title-230
 Composers : []
 Interpreters : []

1684163021144|##############################
find 
 Template >>>> 
 titre : title-1597
 Album : album-title-232
 Composers : [composer-191, composer-192]
 Interpreters : [interpreter-198, interpreter-197]

1684163021183|##############################
find 
 Template >>>> 
 titre : null
 Album : null
 Composers : [composer-193]
 Interpreters : []

1684163021211|##############################
find 
 Template >>>> 
 titre : null
 Album : album-title-234
 Composers : []
 Interpreters : []

1684163021211|##############################
find 
 Template >>>> 
 titre : title-1624
 Album : album-title-235
 Composers : [composer-193, composer-194]
 Interpreters : [interpreter-199]

1684163021212|##############################
match 
 Template >>>> 
 titre : title-1619
 Album : album-title-235
 Composers : [composer-193, composer-194]
 Interpreters : []

1684163021358|@@@@@@@@@@@@@@@@@@@@@@@@@@@@@
resultat du match 
 Template >>>> 
 titre : title-1619
 Album : album-title-235
 Composers : [composer-193, composer-194]
 Interpreters : [] : []

1684163021358|##############################
find 
 Template >>>> 
 titre : title-1629
 Album : null
 Composers : [composer-193, composer-194]
 Interpreters : []

1684163021358|##############################
find 
 Template >>>> 
 titre : title-1631
 Album : null
 Composers : []
 Interpreters : [interpreter-199]

1684163021429|##############################
find 
 Template >>>> 
 titre : title-1640
 Album : album-title-237
 Composers : []
 Interpreters : []

1684163021430|##############################
find 
 Template >>>> 
 titre : null
 Album : null
 Composers : []
 Interpreters : [interpreter-201]

1684163021430|##############################
find 
 Template >>>> 
 titre : title-1646
 Album : null
 Composers : []
 Interpreters : [interpreter-201, interpreter-200]

1684163021431|##############################
match 
 Template >>>> 
 titre : null
 Album : album-title-240
 Composers : []
 Interpreters : []

1684163021457|@@@@@@@@@@@@@@@@@@@@@@@@@@@@@
resultat du match 
 Template >>>> 
 titre : null
 Album : album-title-240
 Composers : []
 Interpreters : [] : [
Descriptor >>>> 
 Template >>>> 
 titre : title-1655
 Album : album-title-240
 Composers : [composer-197, composer-196]
 Interpreters : [interpreter-202]
 Node Address : 2323ecff-5a99-4146-9194-0761751746c2, 
Descriptor >>>> 
 Template >>>> 
 titre : title-1654
 Album : album-title-240
 Composers : [composer-197, composer-196]
 Interpreters : [interpreter-202]
 Node Address : 2323ecff-5a99-4146-9194-0761751746c2, 
Descriptor >>>> 
 Template >>>> 
 titre : title-1658
 Album : album-title-240
 Composers : [composer-197, composer-196]
 Interpreters : [interpreter-202]
 Node Address : 2323ecff-5a99-4146-9194-0761751746c2, 
Descriptor >>>> 
 Template >>>> 
 titre : title-1656
 Album : album-title-240
 Composers : [composer-197, composer-196]
 Interpreters : [interpreter-202]
 Node Address : 2323ecff-5a99-4146-9194-0761751746c2, 
Descriptor >>>> 
 Template >>>> 
 titre : title-1657
 Album : album-title-240
 Composers : [composer-197, composer-196]
 Interpreters : [interpreter-202]
 Node Address : 2323ecff-5a99-4146-9194-0761751746c2]

1684163021457|##############################
find 
 Template >>>> 
 titre : title-1654
 Album : album-title-240
 Composers : [composer-197, composer-196]
 Interpreters : [interpreter-202]

1684163021458|##############################
match 
 Template >>>> 
 titre : title-1661
 Album : null
 Composers : []
 Interpreters : []

1684163021495|@@@@@@@@@@@@@@@@@@@@@@@@@@@@@
resultat du match 
 Template >>>> 
 titre : title-1661
 Album : null
 Composers : []
 Interpreters : [] : []

1684163021495|##############################
find 
 Template >>>> 
 titre : title-1671
 Album : null
 Composers : []
 Interpreters : []

1684163021495|##############################
find 
 Template >>>> 
 titre : null
 Album : album-title-243
 Composers : []
 Interpreters : []

1684163022188|##############################
find 
 Template >>>> 
 titre : title-1596
 Album : album-title-231
 Composers : []
 Interpreters : []

1684163022596|##############################
find 
 Template >>>> 
 titre : title-1595
 Album : null
 Composers : [composer-191, composer-192]
 Interpreters : []

1684163022597|##############################
match 
 Template >>>> 
 titre : title-1591
 Album : null
 Composers : []
 Interpreters : [interpreter-198, interpreter-197]

1684163022743|@@@@@@@@@@@@@@@@@@@@@@@@@@@@@
resultat du match 
 Template >>>> 
 titre : title-1591
 Album : null
 Composers : []
 Interpreters : [interpreter-198, interpreter-197] : [
Descriptor >>>> 
 Template >>>> 
 titre : title-1591
 Album : album-title-231
 Composers : [composer-191, composer-192]
 Interpreters : [interpreter-198, interpreter-197]
 Node Address : 66aa3f69-4cd7-4dc9-93fc-6da859e973e0]

1684163022743|##############################
match 
 Template >>>> 
 titre : null
 Album : null
 Composers : []
 Interpreters : [interpreter-198]

1684163022802|@@@@@@@@@@@@@@@@@@@@@@@@@@@@@
resultat du match 
 Template >>>> 
 titre : null
 Album : null
 Composers : []
 Interpreters : [interpreter-198] : [
Descriptor >>>> 
 Template >>>> 
 titre : title-1604
 Album : album-title-233
 Composers : [composer-191, composer-192]
 Interpreters : [interpreter-198, interpreter-197]
 Node Address : 5d929009-0f6f-4b80-9524-824cc7286fe1, 
Descriptor >>>> 
 Template >>>> 
 titre : title-1598
 Album : album-title-232
 Composers : [composer-191, composer-192]
 Interpreters : [interpreter-198, interpreter-197]
 Node Address : 57ce860b-e28d-4bb9-a9ee-c69c570cadde, 
Descriptor >>>> 
 Template >>>> 
 titre : title-1608
 Album : album-title-233
 Composers : [composer-191, composer-192]
 Interpreters : [interpreter-198, interpreter-197]
 Node Address : 5d929009-0f6f-4b80-9524-824cc7286fe1, 
Descriptor >>>> 
 Template >>>> 
 titre : title-1597
 Album : album-title-232
 Composers : [composer-191, composer-192]
 Interpreters : [interpreter-198, interpreter-197]
 Node Address : 57ce860b-e28d-4bb9-a9ee-c69c570cadde, 
Descriptor >>>> 
 Template >>>> 
 titre : title-1600
 Album : album-title-232
 Composers : [composer-191, composer-192]
 Interpreters : [interpreter-198, interpreter-197]
 Node Address : 57ce860b-e28d-4bb9-a9ee-c69c570cadde, 
Descriptor >>>> 
 Template >>>> 
 titre : title-1602
 Album : album-title-233
 Composers : [composer-191, composer-192]
 Interpreters : [interpreter-198, interpreter-197]
 Node Address : 5d929009-0f6f-4b80-9524-824cc7286fe1, 
Descriptor >>>> 
 Template >>>> 
 titre : title-1603
 Album : album-title-233
 Composers : [composer-191, composer-192]
 Interpreters : [interpreter-198, interpreter-197]
 Node Address : 5d929009-0f6f-4b80-9524-824cc7286fe1, 
Descriptor >>>> 
 Template >>>> 
 titre : title-1599
 Album : album-title-232
 Composers : [composer-191, composer-192]
 Interpreters : [interpreter-198, interpreter-197]
 Node Address : 57ce860b-e28d-4bb9-a9ee-c69c570cadde, 
Descriptor >>>> 
 Template >>>> 
 titre : title-1607
 Album : album-title-233
 Composers : [composer-191, composer-192]
 Interpreters : [interpreter-198, interpreter-197]
 Node Address : 5d929009-0f6f-4b80-9524-824cc7286fe1, 
Descriptor >>>> 
 Template >>>> 
 titre : title-1605
 Album : album-title-233
 Composers : [composer-191, composer-192]
 Interpreters : [interpreter-198, interpreter-197]
 Node Address : 5d929009-0f6f-4b80-9524-824cc7286fe1, 
Descriptor >>>> 
 Template >>>> 
 titre : title-1606
 Album : album-title-233
 Composers : [composer-191, composer-192]
 Interpreters : [interpreter-198, interpreter-197]
 Node Address : 5d929009-0f6f-4b80-9524-824cc7286fe1, 
Descriptor >>>> 
 Template >>>> 
 titre : title-1601
 Album : album-title-232
 Composers : [composer-191, composer-192]
 Interpreters : [interpreter-198, interpreter-197]
 Node Address : 57ce860b-e28d-4bb9-a9ee-c69c570cadde]

1684163022802|##############################
find 
 Template >>>> 
 titre : title-1599
 Album : album-title-232
 Composers : []
 Interpreters : [interpreter-198, interpreter-197]

1684163022814|##############################
find 
 Template >>>> 
 titre : title-1612
 Album : null
 Composers : []
 Interpreters : []

1684163023071|##############################
find 
 Template >>>> 
 titre : title-1609
 Album : null
 Composers : []
 Interpreters : []

1684163023397|##############################
match 
 Template >>>> 
 titre : title-1622
 Album : null
 Composers : []
 Interpreters : [interpreter-199]

1684163023567|@@@@@@@@@@@@@@@@@@@@@@@@@@@@@
resultat du match 
 Template >>>> 
 titre : title-1622
 Album : null
 Composers : []
 Interpreters : [interpreter-199] : [
Descriptor >>>> 
 Template >>>> 
 titre : title-1622
 Album : album-title-235
 Composers : [composer-193, composer-194]
 Interpreters : [interpreter-199]
 Node Address : 451b475c-e5d1-480f-a0a8-49a8896c0f09]

1684163023567|##############################
match 
 Template >>>> 
 titre : title-1633
 Album : album-title-236
 Composers : [composer-193, composer-194]
 Interpreters : [interpreter-199]

1684163023672|@@@@@@@@@@@@@@@@@@@@@@@@@@@@@
resultat du match 
 Template >>>> 
 titre : title-1633
 Album : album-title-236
 Composers : [composer-193, composer-194]
 Interpreters : [interpreter-199] : [
Descriptor >>>> 
 Template >>>> 
 titre : title-1633
 Album : album-title-236
 Composers : [composer-193, composer-194]
 Interpreters : [interpreter-199]
 Node Address : 110e9cd1-ea2d-4d7e-92ce-9e560fe8e3bb]

1684163023672|##############################
find 
 Template >>>> 
 titre : title-1638
 Album : null
 Composers : [composer-195]
 Interpreters : []

1684163023755|##############################
find 
 Template >>>> 
 titre : title-1649
 Album : album-title-239
 Composers : []
 Interpreters : []

1684163023756|##############################
find 
 Template >>>> 
 titre : title-1653
 Album : null
 Composers : []
 Interpreters : []

1684163023756|##############################
match 
 Template >>>> 
 titre : title-1674
 Album : null
 Composers : [composer-197, composer-196]
 Interpreters : []

1684163023898|@@@@@@@@@@@@@@@@@@@@@@@@@@@@@
resultat du match 
 Template >>>> 
 titre : title-1674
 Album : null
 Composers : [composer-197, composer-196]
 Interpreters : [] : [
Descriptor >>>> 
 Template >>>> 
 titre : title-1674
 Album : album-title-242
 Composers : [composer-197, composer-196]
 Interpreters : [interpreter-202]
 Node Address : a9202259-3c9c-4949-8847-ec02379eed51]

1684163023898|##############################
find 
 Template >>>> 
 titre : title-1682
 Album : album-title-243
 Composers : []
 Interpreters : [interpreter-203]

1684163023899|##############################
find 
 Template >>>> 
 titre : title-1573
 Album : album-title-228
 Composers : []
 Interpreters : []

1684163023899|##############################
find 
 Template >>>> 
 titre : null
 Album : album-title-230
 Composers : []
 Interpreters : []

1684163023900|##############################
match 
 Template >>>> 
 titre : null
 Album : album-title-236
 Composers : []
 Interpreters : []

1684163023916|@@@@@@@@@@@@@@@@@@@@@@@@@@@@@
resultat du match 
 Template >>>> 
 titre : null
 Album : album-title-236
 Composers : []
 Interpreters : [] : []

1684163023916|##############################
find 
 Template >>>> 
 titre : title-1634
 Album : null
 Composers : []
 Interpreters : [interpreter-201, interpreter-200]

1684163023917|##############################
find 
 Template >>>> 
 titre : title-1637
 Album : null
 Composers : []
 Interpreters : [interpreter-201, interpreter-200]

1684163023917|##############################
find 
 Template >>>> 
 titre : null
 Album : null
 Composers : [composer-195]
 Interpreters : []

1684163023920|##############################
find 
 Template >>>> 
 titre : title-1645
 Album : album-title-238
 Composers : [composer-195]
 Interpreters : []

1684163023933|##############################
match 
 Template >>>> 
 titre : title-1647
 Album : null
 Composers : []
 Interpreters : []

1684163023941|@@@@@@@@@@@@@@@@@@@@@@@@@@@@@
resultat du match 
 Template >>>> 
 titre : title-1647
 Album : null
 Composers : []
 Interpreters : [] : []

1684163023941|##############################
find 
 Template >>>> 
 titre : title-1650
 Album : null
 Composers : []
 Interpreters : []

1684163023941|##############################
match 
 Template >>>> 
 titre : null
 Album : null
 Composers : [composer-197]
 Interpreters : []

1684163023948|@@@@@@@@@@@@@@@@@@@@@@@@@@@@@
resultat du match 
 Template >>>> 
 titre : null
 Album : null
 Composers : [composer-197]
 Interpreters : [] : []

1684163023948|##############################
find 
 Template >>>> 
 titre : title-1665
 Album : album-title-241
 Composers : [composer-197, composer-196]
 Interpreters : []

1684163023949|##############################
find 
 Template >>>> 
 titre : title-1666
 Album : album-title-241
 Composers : [composer-197, composer-196]
 Interpreters : []

