1683757015943|##############################
find 
 Template >>>> 
 titre : title-425
 Album : album-title-62
 Composers : []
 Interpreters : []

1683757016051|##############################
find 
 Template >>>> 
 titre : null
 Album : album-title-65
 Composers : []
 Interpreters : []

1683757016284|##############################
find 
 Template >>>> 
 titre : title-444
 Album : album-title-65
 Composers : [composer-87]
 Interpreters : [interpreter-86]

1683757016285|##############################
match 
 Template >>>> 
 titre : title-458
 Album : album-title-67
 Composers : [composer-88]
 Interpreters : []

1683757016586|@@@@@@@@@@@@@@@@@@@@@@@@@@@@@
resultat du match 
 Template >>>> 
 titre : title-458
 Album : album-title-67
 Composers : [composer-88]
 Interpreters : [] : [
Descriptor >>>> 
 Template >>>> 
 titre : title-458
 Album : album-title-67
 Composers : [composer-88]
 Interpreters : [interpreter-87]
 Node Address : ba9baddf-a6f9-4811-9865-47040e89d408]

1683757016586|##############################
match 
 Template >>>> 
 titre : title-463
 Album : album-title-67
 Composers : []
 Interpreters : []

1683757016628|@@@@@@@@@@@@@@@@@@@@@@@@@@@@@
resultat du match 
 Template >>>> 
 titre : title-463
 Album : album-title-67
 Composers : []
 Interpreters : [] : []

1683757016628|##############################
find 
 Template >>>> 
 titre : title-459
 Album : album-title-67
 Composers : [composer-88]
 Interpreters : []

1683757016629|##############################
find 
 Template >>>> 
 titre : title-467
 Album : null
 Composers : []
 Interpreters : []

1683757016629|##############################
find 
 Template >>>> 
 titre : null
 Album : album-title-69
 Composers : []
 Interpreters : []

1683757016630|##############################
match 
 Template >>>> 
 titre : null
 Album : album-title-70
 Composers : []
 Interpreters : []

1683757016645|@@@@@@@@@@@@@@@@@@@@@@@@@@@@@
resultat du match 
 Template >>>> 
 titre : null
 Album : album-title-70
 Composers : []
 Interpreters : [] : [
Descriptor >>>> 
 Template >>>> 
 titre : title-481
 Album : album-title-70
 Composers : [composer-90]
 Interpreters : [interpreter-90, interpreter-91]
 Node Address : c52b1a21-9eee-40a9-8e35-bc8e1965231f, 
Descriptor >>>> 
 Template >>>> 
 titre : title-482
 Album : album-title-70
 Composers : [composer-90]
 Interpreters : [interpreter-90, interpreter-91]
 Node Address : c52b1a21-9eee-40a9-8e35-bc8e1965231f, 
Descriptor >>>> 
 Template >>>> 
 titre : title-480
 Album : album-title-70
 Composers : [composer-90]
 Interpreters : [interpreter-90, interpreter-91]
 Node Address : c52b1a21-9eee-40a9-8e35-bc8e1965231f, 
Descriptor >>>> 
 Template >>>> 
 titre : title-479
 Album : album-title-70
 Composers : [composer-90]
 Interpreters : [interpreter-90, interpreter-91]
 Node Address : c52b1a21-9eee-40a9-8e35-bc8e1965231f, 
Descriptor >>>> 
 Template >>>> 
 titre : title-483
 Album : album-title-70
 Composers : [composer-90]
 Interpreters : [interpreter-90, interpreter-91]
 Node Address : c52b1a21-9eee-40a9-8e35-bc8e1965231f, 
Descriptor >>>> 
 Template >>>> 
 titre : title-484
 Album : album-title-70
 Composers : [composer-90]
 Interpreters : [interpreter-90, interpreter-91]
 Node Address : c52b1a21-9eee-40a9-8e35-bc8e1965231f, 
Descriptor >>>> 
 Template >>>> 
 titre : title-478
 Album : album-title-70
 Composers : [composer-90]
 Interpreters : [interpreter-90, interpreter-91]
 Node Address : c52b1a21-9eee-40a9-8e35-bc8e1965231f]

1683757016645|##############################
match 
 Template >>>> 
 titre : title-478
 Album : album-title-70
 Composers : []
 Interpreters : [interpreter-90, interpreter-91]

1683757016649|@@@@@@@@@@@@@@@@@@@@@@@@@@@@@
resultat du match 
 Template >>>> 
 titre : title-478
 Album : album-title-70
 Composers : []
 Interpreters : [interpreter-90, interpreter-91] : []

1683757016649|##############################
match 
 Template >>>> 
 titre : null
 Album : album-title-71
 Composers : []
 Interpreters : []

1683757016673|@@@@@@@@@@@@@@@@@@@@@@@@@@@@@
resultat du match 
 Template >>>> 
 titre : null
 Album : album-title-71
 Composers : []
 Interpreters : [] : []

1683757016673|##############################
match 
 Template >>>> 
 titre : title-488
 Album : null
 Composers : [composer-90]
 Interpreters : [interpreter-90, interpreter-91]

1683757016737|@@@@@@@@@@@@@@@@@@@@@@@@@@@@@
resultat du match 
 Template >>>> 
 titre : title-488
 Album : null
 Composers : [composer-90]
 Interpreters : [interpreter-90, interpreter-91] : [
Descriptor >>>> 
 Template >>>> 
 titre : title-488
 Album : album-title-71
 Composers : [composer-90]
 Interpreters : [interpreter-90, interpreter-91]
 Node Address : c3c606e4-674e-466e-b05f-6139c393ffa7]

1683757016737|##############################
find 
 Template >>>> 
 titre : title-486
 Album : album-title-71
 Composers : [composer-90]
 Interpreters : [interpreter-90, interpreter-91]

1683757016737|##############################
find 
 Template >>>> 
 titre : null
 Album : null
 Composers : []
 Interpreters : [interpreter-93]

1683757016944|##############################
match 
 Template >>>> 
 titre : null
 Album : null
 Composers : [composer-87]
 Interpreters : []

1683757016984|@@@@@@@@@@@@@@@@@@@@@@@@@@@@@
resultat du match 
 Template >>>> 
 titre : null
 Album : null
 Composers : [composer-87]
 Interpreters : [] : [
Descriptor >>>> 
 Template >>>> 
 titre : title-447
 Album : album-title-65
 Composers : [composer-87]
 Interpreters : [interpreter-86]
 Node Address : 768efcf1-5213-4d4f-bc00-ed3315d8009e, 
Descriptor >>>> 
 Template >>>> 
 titre : title-441
 Album : album-title-65
 Composers : [composer-87]
 Interpreters : [interpreter-86]
 Node Address : 768efcf1-5213-4d4f-bc00-ed3315d8009e, 
Descriptor >>>> 
 Template >>>> 
 titre : title-439
 Album : album-title-64
 Composers : [composer-87]
 Interpreters : [interpreter-86]
 Node Address : 96099d76-8638-4280-90aa-8397f9bf0276, 
Descriptor >>>> 
 Template >>>> 
 titre : title-433
 Album : album-title-64
 Composers : [composer-87]
 Interpreters : [interpreter-86]
 Node Address : 96099d76-8638-4280-90aa-8397f9bf0276, 
Descriptor >>>> 
 Template >>>> 
 titre : title-435
 Album : album-title-64
 Composers : [composer-87]
 Interpreters : [interpreter-86]
 Node Address : 96099d76-8638-4280-90aa-8397f9bf0276, 
Descriptor >>>> 
 Template >>>> 
 titre : title-434
 Album : album-title-64
 Composers : [composer-87]
 Interpreters : [interpreter-86]
 Node Address : 96099d76-8638-4280-90aa-8397f9bf0276, 
Descriptor >>>> 
 Template >>>> 
 titre : title-436
 Album : album-title-64
 Composers : [composer-87]
 Interpreters : [interpreter-86]
 Node Address : 96099d76-8638-4280-90aa-8397f9bf0276, 
Descriptor >>>> 
 Template >>>> 
 titre : title-442
 Album : album-title-65
 Composers : [composer-87]
 Interpreters : [interpreter-86]
 Node Address : 768efcf1-5213-4d4f-bc00-ed3315d8009e, 
Descriptor >>>> 
 Template >>>> 
 titre : title-446
 Album : album-title-65
 Composers : [composer-87]
 Interpreters : [interpreter-86]
 Node Address : 768efcf1-5213-4d4f-bc00-ed3315d8009e, 
Descriptor >>>> 
 Template >>>> 
 titre : title-437
 Album : album-title-64
 Composers : [composer-87]
 Interpreters : [interpreter-86]
 Node Address : 96099d76-8638-4280-90aa-8397f9bf0276, 
Descriptor >>>> 
 Template >>>> 
 titre : title-443
 Album : album-title-65
 Composers : [composer-87]
 Interpreters : [interpreter-86]
 Node Address : 768efcf1-5213-4d4f-bc00-ed3315d8009e, 
Descriptor >>>> 
 Template >>>> 
 titre : title-438
 Album : album-title-64
 Composers : [composer-87]
 Interpreters : [interpreter-86]
 Node Address : 96099d76-8638-4280-90aa-8397f9bf0276, 
Descriptor >>>> 
 Template >>>> 
 titre : title-432
 Album : album-title-64
 Composers : [composer-87]
 Interpreters : [interpreter-86]
 Node Address : 96099d76-8638-4280-90aa-8397f9bf0276, 
Descriptor >>>> 
 Template >>>> 
 titre : title-440
 Album : album-title-64
 Composers : [composer-87]
 Interpreters : [interpreter-86]
 Node Address : 96099d76-8638-4280-90aa-8397f9bf0276, 
Descriptor >>>> 
 Template >>>> 
 titre : title-444
 Album : album-title-65
 Composers : [composer-87]
 Interpreters : [interpreter-86]
 Node Address : 768efcf1-5213-4d4f-bc00-ed3315d8009e, 
Descriptor >>>> 
 Template >>>> 
 titre : title-445
 Album : album-title-65
 Composers : [composer-87]
 Interpreters : [interpreter-86]
 Node Address : 768efcf1-5213-4d4f-bc00-ed3315d8009e]

1683757016984|##############################
find 
 Template >>>> 
 titre : title-436
 Album : null
 Composers : [composer-87]
 Interpreters : []

1683757016985|##############################
match 
 Template >>>> 
 titre : title-442
 Album : album-title-65
 Composers : [composer-87]
 Interpreters : []

1683757017200|@@@@@@@@@@@@@@@@@@@@@@@@@@@@@
resultat du match 
 Template >>>> 
 titre : title-442
 Album : album-title-65
 Composers : [composer-87]
 Interpreters : [] : [
Descriptor >>>> 
 Template >>>> 
 titre : title-442
 Album : album-title-65
 Composers : [composer-87]
 Interpreters : [interpreter-86]
 Node Address : 768efcf1-5213-4d4f-bc00-ed3315d8009e]

1683757017200|##############################
find 
 Template >>>> 
 titre : null
 Album : album-title-66
 Composers : []
 Interpreters : []

1683757017201|##############################
match 
 Template >>>> 
 titre : title-449
 Album : album-title-66
 Composers : []
 Interpreters : []

1683757017325|@@@@@@@@@@@@@@@@@@@@@@@@@@@@@
resultat du match 
 Template >>>> 
 titre : title-449
 Album : album-title-66
 Composers : []
 Interpreters : [] : []

1683757017325|##############################
find 
 Template >>>> 
 titre : null
 Album : null
 Composers : []
 Interpreters : [interpreter-88]

1683757017354|##############################
find 
 Template >>>> 
 titre : null
 Album : album-title-68
 Composers : []
 Interpreters : []

1683757017355|##############################
find 
 Template >>>> 
 titre : title-484
 Album : album-title-70
 Composers : [composer-90]
 Interpreters : []

1683757017355|##############################
find 
 Template >>>> 
 titre : null
 Album : null
 Composers : []
 Interpreters : [interpreter-91]

1683757017355|##############################
find 
 Template >>>> 
 titre : null
 Album : null
 Composers : [composer-91]
 Interpreters : []

1683757017356|##############################
find 
 Template >>>> 
 titre : title-501
 Album : album-title-73
 Composers : []
 Interpreters : []

1683757017356|##############################
find 
 Template >>>> 
 titre : title-500
 Album : album-title-73
 Composers : []
 Interpreters : [interpreter-92]

1683757017972|##############################
find 
 Template >>>> 
 titre : title-418
 Album : null
 Composers : []
 Interpreters : []

1683757017982|##############################
find 
 Template >>>> 
 titre : title-415
 Album : album-title-61
 Composers : [composer-83, composer-84]
 Interpreters : []

1683757017983|##############################
find 
 Template >>>> 
 titre : null
 Album : null
 Composers : [composer-85]
 Interpreters : []

1683757017983|##############################
find 
 Template >>>> 
 titre : title-431
 Album : null
 Composers : []
 Interpreters : []

1683757017984|##############################
find 
 Template >>>> 
 titre : title-432
 Album : null
 Composers : [composer-87]
 Interpreters : []

1683757017984|##############################
find 
 Template >>>> 
 titre : null
 Album : null
 Composers : [composer-88]
 Interpreters : []

1683757017985|##############################
match 
 Template >>>> 
 titre : title-475
 Album : album-title-69
 Composers : []
 Interpreters : [interpreter-89, interpreter-88]

1683757018047|@@@@@@@@@@@@@@@@@@@@@@@@@@@@@
resultat du match 
 Template >>>> 
 titre : title-475
 Album : album-title-69
 Composers : []
 Interpreters : [interpreter-89, interpreter-88] : [
Descriptor >>>> 
 Template >>>> 
 titre : title-475
 Album : album-title-69
 Composers : [composer-89]
 Interpreters : [interpreter-89, interpreter-88]
 Node Address : a9c8bd0b-d103-4f29-a108-a8cc973b0ad1]

1683757018047|##############################
find 
 Template >>>> 
 titre : title-474
 Album : null
 Composers : []
 Interpreters : [interpreter-89, interpreter-88]

1683757018048|##############################
find 
 Template >>>> 
 titre : null
 Album : null
 Composers : []
 Interpreters : [interpreter-92]

1683757018048|##############################
find 
 Template >>>> 
 titre : title-499
 Album : null
 Composers : []
 Interpreters : [interpreter-92]

1683757018943|##############################
find 
 Template >>>> 
 titre : title-422
 Album : null
 Composers : [composer-85, composer-86]
 Interpreters : []

1683757019310|##############################
match 
 Template >>>> 
 titre : null
 Album : null
 Composers : [composer-86]
 Interpreters : []

1683757019317|@@@@@@@@@@@@@@@@@@@@@@@@@@@@@
resultat du match 
 Template >>>> 
 titre : null
 Album : null
 Composers : [composer-86]
 Interpreters : [] : [
Descriptor >>>> 
 Template >>>> 
 titre : title-426
 Album : album-title-63
 Composers : [composer-85, composer-86]
 Interpreters : [interpreter-85]
 Node Address : db52d3b5-bb81-4838-a0b1-d0209c609f60, 
Descriptor >>>> 
 Template >>>> 
 titre : title-420
 Album : album-title-62
 Composers : [composer-85, composer-86]
 Interpreters : [interpreter-85]
 Node Address : 4d32586d-3e5b-450b-a5d8-71cdffcfcaac, 
Descriptor >>>> 
 Template >>>> 
 titre : title-424
 Album : album-title-62
 Composers : [composer-85, composer-86]
 Interpreters : [interpreter-85]
 Node Address : 4d32586d-3e5b-450b-a5d8-71cdffcfcaac, 
Descriptor >>>> 
 Template >>>> 
 titre : title-425
 Album : album-title-62
 Composers : [composer-85, composer-86]
 Interpreters : [interpreter-85]
 Node Address : 4d32586d-3e5b-450b-a5d8-71cdffcfcaac, 
Descriptor >>>> 
 Template >>>> 
 titre : title-423
 Album : album-title-62
 Composers : [composer-85, composer-86]
 Interpreters : [interpreter-85]
 Node Address : 4d32586d-3e5b-450b-a5d8-71cdffcfcaac, 
Descriptor >>>> 
 Template >>>> 
 titre : title-427
 Album : album-title-63
 Composers : [composer-85, composer-86]
 Interpreters : [interpreter-85]
 Node Address : db52d3b5-bb81-4838-a0b1-d0209c609f60, 
Descriptor >>>> 
 Template >>>> 
 titre : title-422
 Album : album-title-62
 Composers : [composer-85, composer-86]
 Interpreters : [interpreter-85]
 Node Address : 4d32586d-3e5b-450b-a5d8-71cdffcfcaac, 
Descriptor >>>> 
 Template >>>> 
 titre : title-429
 Album : album-title-63
 Composers : [composer-85, composer-86]
 Interpreters : [interpreter-85]
 Node Address : db52d3b5-bb81-4838-a0b1-d0209c609f60, 
Descriptor >>>> 
 Template >>>> 
 titre : title-430
 Album : album-title-63
 Composers : [composer-85, composer-86]
 Interpreters : [interpreter-85]
 Node Address : db52d3b5-bb81-4838-a0b1-d0209c609f60, 
Descriptor >>>> 
 Template >>>> 
 titre : title-431
 Album : album-title-63
 Composers : [composer-85, composer-86]
 Interpreters : [interpreter-85]
 Node Address : db52d3b5-bb81-4838-a0b1-d0209c609f60, 
Descriptor >>>> 
 Template >>>> 
 titre : title-421
 Album : album-title-62
 Composers : [composer-85, composer-86]
 Interpreters : [interpreter-85]
 Node Address : 4d32586d-3e5b-450b-a5d8-71cdffcfcaac, 
Descriptor >>>> 
 Template >>>> 
 titre : title-428
 Album : album-title-63
 Composers : [composer-85, composer-86]
 Interpreters : [interpreter-85]
 Node Address : db52d3b5-bb81-4838-a0b1-d0209c609f60]

1683757019317|##############################
match 
 Template >>>> 
 titre : title-439
 Album : null
 Composers : [composer-87]
 Interpreters : []

1683757019329|@@@@@@@@@@@@@@@@@@@@@@@@@@@@@
resultat du match 
 Template >>>> 
 titre : title-439
 Album : null
 Composers : [composer-87]
 Interpreters : [] : [
Descriptor >>>> 
 Template >>>> 
 titre : title-439
 Album : album-title-64
 Composers : [composer-87]
 Interpreters : [interpreter-86]
 Node Address : 96099d76-8638-4280-90aa-8397f9bf0276]

1683757019329|##############################
find 
 Template >>>> 
 titre : title-453
 Album : album-title-66
 Composers : []
 Interpreters : [interpreter-87]

1683757019330|##############################
find 
 Template >>>> 
 titre : title-454
 Album : album-title-66
 Composers : []
 Interpreters : [interpreter-87]

1683757019348|##############################
find 
 Template >>>> 
 titre : title-451
 Album : null
 Composers : [composer-88]
 Interpreters : [interpreter-87]

1683757019349|##############################
find 
 Template >>>> 
 titre : title-448
 Album : album-title-66
 Composers : []
 Interpreters : []

1683757019349|##############################
find 
 Template >>>> 
 titre : null
 Album : null
 Composers : []
 Interpreters : [interpreter-87]

1683757019349|##############################
find 
 Template >>>> 
 titre : title-461
 Album : album-title-67
 Composers : [composer-88]
 Interpreters : []

1683757019350|##############################
find 
 Template >>>> 
 titre : title-462
 Album : null
 Composers : []
 Interpreters : [interpreter-87]

1683757019350|##############################
find 
 Template >>>> 
 titre : null
 Album : album-title-73
 Composers : []
 Interpreters : []

1683757019944|##############################
find 
 Template >>>> 
 titre : title-420
 Album : null
 Composers : [composer-85, composer-86]
 Interpreters : []

1683757019974|##############################
find 
 Template >>>> 
 titre : title-429
 Album : album-title-63
 Composers : []
 Interpreters : [interpreter-85]

1683757019975|##############################
find 
 Template >>>> 
 titre : null
 Album : album-title-64
 Composers : []
 Interpreters : []

1683757019976|##############################
match 
 Template >>>> 
 titre : title-464
 Album : null
 Composers : [composer-88]
 Interpreters : []

1683757019986|@@@@@@@@@@@@@@@@@@@@@@@@@@@@@
resultat du match 
 Template >>>> 
 titre : title-464
 Album : null
 Composers : [composer-88]
 Interpreters : [] : []

1683757019986|##############################
find 
 Template >>>> 
 titre : title-468
 Album : album-title-68
 Composers : [composer-89]
 Interpreters : [interpreter-89, interpreter-88]

1683757020007|##############################
match 
 Template >>>> 
 titre : title-490
 Album : null
 Composers : []
 Interpreters : [interpreter-90, interpreter-91]

1683757020134|@@@@@@@@@@@@@@@@@@@@@@@@@@@@@
resultat du match 
 Template >>>> 
 titre : title-490
 Album : null
 Composers : []
 Interpreters : [interpreter-90, interpreter-91] : []

1683757020134|##############################
match 
 Template >>>> 
 titre : title-496
 Album : album-title-72
 Composers : [composer-91]
 Interpreters : [interpreter-92]

1683757020152|@@@@@@@@@@@@@@@@@@@@@@@@@@@@@
resultat du match 
 Template >>>> 
 titre : title-496
 Album : album-title-72
 Composers : [composer-91]
 Interpreters : [interpreter-92] : [
Descriptor >>>> 
 Template >>>> 
 titre : title-496
 Album : album-title-72
 Composers : [composer-91]
 Interpreters : [interpreter-92]
 Node Address : 270035f8-a22a-425b-9505-262a09ae8916]

1683757020152|##############################
match 
 Template >>>> 
 titre : title-505
 Album : album-title-74
 Composers : [composer-92]
 Interpreters : [interpreter-93, interpreter-94]

1683757020166|@@@@@@@@@@@@@@@@@@@@@@@@@@@@@
resultat du match 
 Template >>>> 
 titre : title-505
 Album : album-title-74
 Composers : [composer-92]
 Interpreters : [interpreter-93, interpreter-94] : [
Descriptor >>>> 
 Template >>>> 
 titre : title-505
 Album : album-title-74
 Composers : [composer-92]
 Interpreters : [interpreter-93, interpreter-94]
 Node Address : 64c59e42-e36e-4296-bb57-3d589d2174aa]

1683757020166|##############################
find 
 Template >>>> 
 titre : title-506
 Album : album-title-74
 Composers : [composer-92]
 Interpreters : [interpreter-93, interpreter-94]

1683757020942|##############################
find 
 Template >>>> 
 titre : title-416
 Album : null
 Composers : []
 Interpreters : [interpreter-83, interpreter-84]

1683757020943|##############################
find 
 Template >>>> 
 titre : title-411
 Album : null
 Composers : []
 Interpreters : []

1683757020943|##############################
find 
 Template >>>> 
 titre : title-437
 Album : album-title-64
 Composers : [composer-87]
 Interpreters : [interpreter-86]

1683757020944|##############################
find 
 Template >>>> 
 titre : title-455
 Album : null
 Composers : [composer-88]
 Interpreters : [interpreter-87]

1683757020946|##############################
find 
 Template >>>> 
 titre : title-457
 Album : album-title-67
 Composers : []
 Interpreters : [interpreter-87]

1683757021026|##############################
find 
 Template >>>> 
 titre : null
 Album : null
 Composers : [composer-89]
 Interpreters : []

1683757021026|##############################
match 
 Template >>>> 
 titre : title-470
 Album : album-title-68
 Composers : []
 Interpreters : []

1683757021047|@@@@@@@@@@@@@@@@@@@@@@@@@@@@@
resultat du match 
 Template >>>> 
 titre : title-470
 Album : album-title-68
 Composers : []
 Interpreters : [] : []

1683757021047|##############################
find 
 Template >>>> 
 titre : null
 Album : null
 Composers : [composer-90]
 Interpreters : []

1683757021047|##############################
find 
 Template >>>> 
 titre : title-489
 Album : album-title-71
 Composers : [composer-90]
 Interpreters : []

1683757021048|##############################
match 
 Template >>>> 
 titre : title-492
 Album : album-title-72
 Composers : [composer-91]
 Interpreters : [interpreter-92]

1683757021080|@@@@@@@@@@@@@@@@@@@@@@@@@@@@@
resultat du match 
 Template >>>> 
 titre : title-492
 Album : album-title-72
 Composers : [composer-91]
 Interpreters : [interpreter-92] : [
Descriptor >>>> 
 Template >>>> 
 titre : title-492
 Album : album-title-72
 Composers : [composer-91]
 Interpreters : [interpreter-92]
 Node Address : 270035f8-a22a-425b-9505-262a09ae8916]

1683757021080|##############################
find 
 Template >>>> 
 titre : null
 Album : album-title-72
 Composers : []
 Interpreters : []

1683757021095|##############################
find 
 Template >>>> 
 titre : title-511
 Album : album-title-75
 Composers : [composer-92]
 Interpreters : []

1683757021942|##############################
match 
 Template >>>> 
 titre : null
 Album : album-title-61
 Composers : []
 Interpreters : []

1683757022036|@@@@@@@@@@@@@@@@@@@@@@@@@@@@@
resultat du match 
 Template >>>> 
 titre : null
 Album : album-title-61
 Composers : []
 Interpreters : [] : []

1683757022036|##############################
find 
 Template >>>> 
 titre : title-423
 Album : null
 Composers : [composer-85, composer-86]
 Interpreters : []

1683757022036|##############################
match 
 Template >>>> 
 titre : title-424
 Album : null
 Composers : []
 Interpreters : []

1683757022071|@@@@@@@@@@@@@@@@@@@@@@@@@@@@@
resultat du match 
 Template >>>> 
 titre : title-424
 Album : null
 Composers : []
 Interpreters : [] : [
Descriptor >>>> 
 Template >>>> 
 titre : title-424
 Album : album-title-62
 Composers : [composer-85, composer-86]
 Interpreters : [interpreter-85]
 Node Address : 4d32586d-3e5b-450b-a5d8-71cdffcfcaac]

1683757022071|##############################
find 
 Template >>>> 
 titre : title-428
 Album : album-title-63
 Composers : [composer-85, composer-86]
 Interpreters : []

1683757022072|##############################
find 
 Template >>>> 
 titre : title-427
 Album : album-title-63
 Composers : [composer-85, composer-86]
 Interpreters : []

1683757022072|##############################
find 
 Template >>>> 
 titre : title-434
 Album : null
 Composers : []
 Interpreters : [interpreter-86]

1683757022073|##############################
find 
 Template >>>> 
 titre : title-445
 Album : null
 Composers : []
 Interpreters : []

1683757022073|##############################
find 
 Template >>>> 
 titre : title-441
 Album : album-title-65
 Composers : []
 Interpreters : []

1683757022073|##############################
find 
 Template >>>> 
 titre : null
 Album : album-title-67
 Composers : []
 Interpreters : []

1683757022074|##############################
find 
 Template >>>> 
 titre : title-456
 Album : album-title-67
 Composers : [composer-88]
 Interpreters : []

1683757022083|##############################
find 
 Template >>>> 
 titre : title-465
 Album : album-title-68
 Composers : []
 Interpreters : []

1683757022170|##############################
find 
 Template >>>> 
 titre : title-473
 Album : null
 Composers : []
 Interpreters : [interpreter-89, interpreter-88]

1683757022170|##############################
find 
 Template >>>> 
 titre : title-481
 Album : null
 Composers : [composer-90]
 Interpreters : [interpreter-90, interpreter-91]

1683757022171|##############################
find 
 Template >>>> 
 titre : title-485
 Album : null
 Composers : [composer-90]
 Interpreters : []

1683757022171|##############################
find 
 Template >>>> 
 titre : title-495
 Album : null
 Composers : [composer-91]
 Interpreters : []

1683757022171|##############################
match 
 Template >>>> 
 titre : title-508
 Album : null
 Composers : [composer-92]
 Interpreters : []

1683757022240|@@@@@@@@@@@@@@@@@@@@@@@@@@@@@
resultat du match 
 Template >>>> 
 titre : title-508
 Album : null
 Composers : [composer-92]
 Interpreters : [] : [
Descriptor >>>> 
 Template >>>> 
 titre : title-508
 Album : album-title-74
 Composers : [composer-92]
 Interpreters : [interpreter-93, interpreter-94]
 Node Address : 64c59e42-e36e-4296-bb57-3d589d2174aa]

1683757022240|##############################
find 
 Template >>>> 
 titre : title-504
 Album : album-title-74
 Composers : [composer-92]
 Interpreters : [interpreter-93, interpreter-94]

1683757022918|##############################
match 
 Template >>>> 
 titre : title-419
 Album : null
 Composers : []
 Interpreters : [interpreter-83, interpreter-84]

1683757022922|@@@@@@@@@@@@@@@@@@@@@@@@@@@@@
resultat du match 
 Template >>>> 
 titre : title-419
 Album : null
 Composers : []
 Interpreters : [interpreter-83, interpreter-84] : []

1683757022943|##############################
match 
 Template >>>> 
 titre : title-417
 Album : album-title-61
 Composers : [composer-83, composer-84]
 Interpreters : [interpreter-83, interpreter-84]

1683757023049|@@@@@@@@@@@@@@@@@@@@@@@@@@@@@
resultat du match 
 Template >>>> 
 titre : title-417
 Album : album-title-61
 Composers : [composer-83, composer-84]
 Interpreters : [interpreter-83, interpreter-84] : []

1683757023049|##############################
find 
 Template >>>> 
 titre : title-421
 Album : null
 Composers : [composer-85, composer-86]
 Interpreters : [interpreter-85]

1683757023178|##############################
find 
 Template >>>> 
 titre : title-430
 Album : null
 Composers : [composer-85, composer-86]
 Interpreters : []

1683757023199|##############################
find 
 Template >>>> 
 titre : null
 Album : null
 Composers : []
 Interpreters : [interpreter-86]

1683757023199|##############################
match 
 Template >>>> 
 titre : title-447
 Album : null
 Composers : [composer-87]
 Interpreters : [interpreter-86]

1683757023205|@@@@@@@@@@@@@@@@@@@@@@@@@@@@@
resultat du match 
 Template >>>> 
 titre : title-447
 Album : null
 Composers : [composer-87]
 Interpreters : [interpreter-86] : [
Descriptor >>>> 
 Template >>>> 
 titre : title-447
 Album : album-title-65
 Composers : [composer-87]
 Interpreters : [interpreter-86]
 Node Address : 768efcf1-5213-4d4f-bc00-ed3315d8009e]

1683757023205|##############################
find 
 Template >>>> 
 titre : title-472
 Album : null
 Composers : [composer-89]
 Interpreters : [interpreter-89, interpreter-88]

1683757023206|##############################
find 
 Template >>>> 
 titre : title-479
 Album : album-title-70
 Composers : []
 Interpreters : [interpreter-90, interpreter-91]

1683757023206|##############################
find 
 Template >>>> 
 titre : title-483
 Album : album-title-70
 Composers : []
 Interpreters : []

1683757023207|##############################
find 
 Template >>>> 
 titre : title-487
 Album : album-title-71
 Composers : [composer-90]
 Interpreters : [interpreter-90, interpreter-91]

1683757023207|##############################
match 
 Template >>>> 
 titre : title-491
 Album : null
 Composers : []
 Interpreters : [interpreter-90, interpreter-91]

1683757023220|@@@@@@@@@@@@@@@@@@@@@@@@@@@@@
resultat du match 
 Template >>>> 
 titre : title-491
 Album : null
 Composers : []
 Interpreters : [interpreter-90, interpreter-91] : [
Descriptor >>>> 
 Template >>>> 
 titre : title-491
 Album : album-title-71
 Composers : [composer-90]
 Interpreters : [interpreter-90, interpreter-91]
 Node Address : c3c606e4-674e-466e-b05f-6139c393ffa7]

1683757023220|##############################
match 
 Template >>>> 
 titre : null
 Album : album-title-74
 Composers : []
 Interpreters : []

1683757023223|@@@@@@@@@@@@@@@@@@@@@@@@@@@@@
resultat du match 
 Template >>>> 
 titre : null
 Album : album-title-74
 Composers : []
 Interpreters : [] : [
Descriptor >>>> 
 Template >>>> 
 titre : title-505
 Album : album-title-74
 Composers : [composer-92]
 Interpreters : [interpreter-93, interpreter-94]
 Node Address : 64c59e42-e36e-4296-bb57-3d589d2174aa, 
Descriptor >>>> 
 Template >>>> 
 titre : title-508
 Album : album-title-74
 Composers : [composer-92]
 Interpreters : [interpreter-93, interpreter-94]
 Node Address : 64c59e42-e36e-4296-bb57-3d589d2174aa, 
Descriptor >>>> 
 Template >>>> 
 titre : title-506
 Album : album-title-74
 Composers : [composer-92]
 Interpreters : [interpreter-93, interpreter-94]
 Node Address : 64c59e42-e36e-4296-bb57-3d589d2174aa, 
Descriptor >>>> 
 Template >>>> 
 titre : title-504
 Album : album-title-74
 Composers : [composer-92]
 Interpreters : [interpreter-93, interpreter-94]
 Node Address : 64c59e42-e36e-4296-bb57-3d589d2174aa, 
Descriptor >>>> 
 Template >>>> 
 titre : title-503
 Album : album-title-74
 Composers : [composer-92]
 Interpreters : [interpreter-93, interpreter-94]
 Node Address : 64c59e42-e36e-4296-bb57-3d589d2174aa, 
Descriptor >>>> 
 Template >>>> 
 titre : title-507
 Album : album-title-74
 Composers : [composer-92]
 Interpreters : [interpreter-93, interpreter-94]
 Node Address : 64c59e42-e36e-4296-bb57-3d589d2174aa, 
Descriptor >>>> 
 Template >>>> 
 titre : title-509
 Album : album-title-74
 Composers : [composer-92]
 Interpreters : [interpreter-93, interpreter-94]
 Node Address : 64c59e42-e36e-4296-bb57-3d589d2174aa]

1683757023223|##############################
find 
 Template >>>> 
 titre : null
 Album : null
 Composers : []
 Interpreters : [interpreter-94]

1683757023957|##############################
match 
 Template >>>> 
 titre : title-438
 Album : album-title-64
 Composers : [composer-87]
 Interpreters : []

1683757024379|@@@@@@@@@@@@@@@@@@@@@@@@@@@@@
resultat du match 
 Template >>>> 
 titre : title-438
 Album : album-title-64
 Composers : [composer-87]
 Interpreters : [] : [
Descriptor >>>> 
 Template >>>> 
 titre : title-438
 Album : album-title-64
 Composers : [composer-87]
 Interpreters : [interpreter-86]
 Node Address : 96099d76-8638-4280-90aa-8397f9bf0276]

1683757024379|##############################
find 
 Template >>>> 
 titre : title-435
 Album : null
 Composers : []
 Interpreters : [interpreter-86]

1683757024379|##############################
find 
 Template >>>> 
 titre : title-450
 Album : null
 Composers : [composer-88]
 Interpreters : []

1683757024379|##############################
find 
 Template >>>> 
 titre : title-469
 Album : null
 Composers : [composer-89]
 Interpreters : [interpreter-89, interpreter-88]

1683757024380|##############################
match 
 Template >>>> 
 titre : title-477
 Album : album-title-69
 Composers : []
 Interpreters : []

1683757024395|@@@@@@@@@@@@@@@@@@@@@@@@@@@@@
resultat du match 
 Template >>>> 
 titre : title-477
 Album : album-title-69
 Composers : []
 Interpreters : [] : [
Descriptor >>>> 
 Template >>>> 
 titre : title-477
 Album : album-title-69
 Composers : [composer-89]
 Interpreters : [interpreter-89, interpreter-88]
 Node Address : a9c8bd0b-d103-4f29-a108-a8cc973b0ad1]

1683757024395|##############################
find 
 Template >>>> 
 titre : title-494
 Album : album-title-72
 Composers : []
 Interpreters : []

1683757024395|##############################
find 
 Template >>>> 
 titre : title-498
 Album : album-title-73
 Composers : []
 Interpreters : [interpreter-92]

1683757024395|##############################
match 
 Template >>>> 
 titre : title-497
 Album : album-title-73
 Composers : []
 Interpreters : []

1683757024417|@@@@@@@@@@@@@@@@@@@@@@@@@@@@@
resultat du match 
 Template >>>> 
 titre : title-497
 Album : album-title-73
 Composers : []
 Interpreters : [] : []

1683757024417|##############################
find 
 Template >>>> 
 titre : title-503
 Album : null
 Composers : []
 Interpreters : [interpreter-93, interpreter-94]

1683757024417|##############################
find 
 Template >>>> 
 titre : title-509
 Album : null
 Composers : [composer-92]
 Interpreters : []

1683757024418|##############################
find 
 Template >>>> 
 titre : null
 Album : null
 Composers : [composer-92]
 Interpreters : []

1683757024999|##############################
find 
 Template >>>> 
 titre : null
 Album : album-title-62
 Composers : []
 Interpreters : []

1683757025002|##############################
find 
 Template >>>> 
 titre : null
 Album : null
 Composers : []
 Interpreters : [interpreter-85]

1683757025002|##############################
match 
 Template >>>> 
 titre : null
 Album : album-title-63
 Composers : []
 Interpreters : []

1683757025064|@@@@@@@@@@@@@@@@@@@@@@@@@@@@@
resultat du match 
 Template >>>> 
 titre : null
 Album : album-title-63
 Composers : []
 Interpreters : [] : [
Descriptor >>>> 
 Template >>>> 
 titre : title-426
 Album : album-title-63
 Composers : [composer-85, composer-86]
 Interpreters : [interpreter-85]
 Node Address : db52d3b5-bb81-4838-a0b1-d0209c609f60, 
Descriptor >>>> 
 Template >>>> 
 titre : title-427
 Album : album-title-63
 Composers : [composer-85, composer-86]
 Interpreters : [interpreter-85]
 Node Address : db52d3b5-bb81-4838-a0b1-d0209c609f60, 
Descriptor >>>> 
 Template >>>> 
 titre : title-429
 Album : album-title-63
 Composers : [composer-85, composer-86]
 Interpreters : [interpreter-85]
 Node Address : db52d3b5-bb81-4838-a0b1-d0209c609f60, 
Descriptor >>>> 
 Template >>>> 
 titre : title-430
 Album : album-title-63
 Composers : [composer-85, composer-86]
 Interpreters : [interpreter-85]
 Node Address : db52d3b5-bb81-4838-a0b1-d0209c609f60, 
Descriptor >>>> 
 Template >>>> 
 titre : title-431
 Album : album-title-63
 Composers : [composer-85, composer-86]
 Interpreters : [interpreter-85]
 Node Address : db52d3b5-bb81-4838-a0b1-d0209c609f60, 
Descriptor >>>> 
 Template >>>> 
 titre : title-428
 Album : album-title-63
 Composers : [composer-85, composer-86]
 Interpreters : [interpreter-85]
 Node Address : db52d3b5-bb81-4838-a0b1-d0209c609f60]

1683757025064|##############################
find 
 Template >>>> 
 titre : title-426
 Album : album-title-63
 Composers : []
 Interpreters : []

1683757025065|##############################
match 
 Template >>>> 
 titre : title-440
 Album : album-title-64
 Composers : []
 Interpreters : []

1683757025117|@@@@@@@@@@@@@@@@@@@@@@@@@@@@@
resultat du match 
 Template >>>> 
 titre : title-440
 Album : album-title-64
 Composers : []
 Interpreters : [] : [
Descriptor >>>> 
 Template >>>> 
 titre : title-440
 Album : album-title-64
 Composers : [composer-87]
 Interpreters : [interpreter-86]
 Node Address : 96099d76-8638-4280-90aa-8397f9bf0276]

1683757025117|##############################
match 
 Template >>>> 
 titre : title-433
 Album : album-title-64
 Composers : [composer-87]
 Interpreters : [interpreter-86]

1683757025239|@@@@@@@@@@@@@@@@@@@@@@@@@@@@@
resultat du match 
 Template >>>> 
 titre : title-433
 Album : album-title-64
 Composers : [composer-87]
 Interpreters : [interpreter-86] : []

1683757025239|##############################
find 
 Template >>>> 
 titre : title-443
 Album : album-title-65
 Composers : []
 Interpreters : []

1683757025252|##############################
find 
 Template >>>> 
 titre : title-446
 Album : album-title-65
 Composers : [composer-87]
 Interpreters : [interpreter-86]

1683757025252|##############################
find 
 Template >>>> 
 titre : title-452
 Album : album-title-66
 Composers : [composer-88]
 Interpreters : [interpreter-87]

1683757025252|##############################
match 
 Template >>>> 
 titre : title-460
 Album : null
 Composers : []
 Interpreters : [interpreter-87]

1683757025262|@@@@@@@@@@@@@@@@@@@@@@@@@@@@@
resultat du match 
 Template >>>> 
 titre : title-460
 Album : null
 Composers : []
 Interpreters : [interpreter-87] : [
Descriptor >>>> 
 Template >>>> 
 titre : title-460
 Album : album-title-67
 Composers : [composer-88]
 Interpreters : [interpreter-87]
 Node Address : ba9baddf-a6f9-4811-9865-47040e89d408]

1683757025263|##############################
find 
 Template >>>> 
 titre : title-466
 Album : null
 Composers : []
 Interpreters : [interpreter-89, interpreter-88]

1683757025263|##############################
match 
 Template >>>> 
 titre : null
 Album : null
 Composers : []
 Interpreters : [interpreter-89]

1683757025271|@@@@@@@@@@@@@@@@@@@@@@@@@@@@@
resultat du match 
 Template >>>> 
 titre : null
 Album : null
 Composers : []
 Interpreters : [interpreter-89] : [
Descriptor >>>> 
 Template >>>> 
 titre : title-475
 Album : album-title-69
 Composers : [composer-89]
 Interpreters : [interpreter-89, interpreter-88]
 Node Address : a9c8bd0b-d103-4f29-a108-a8cc973b0ad1, 
Descriptor >>>> 
 Template >>>> 
 titre : title-471
 Album : album-title-69
 Composers : [composer-89]
 Interpreters : [interpreter-89, interpreter-88]
 Node Address : a9c8bd0b-d103-4f29-a108-a8cc973b0ad1, 
Descriptor >>>> 
 Template >>>> 
 titre : title-474
 Album : album-title-69
 Composers : [composer-89]
 Interpreters : [interpreter-89, interpreter-88]
 Node Address : a9c8bd0b-d103-4f29-a108-a8cc973b0ad1, 
Descriptor >>>> 
 Template >>>> 
 titre : title-476
 Album : album-title-69
 Composers : [composer-89]
 Interpreters : [interpreter-89, interpreter-88]
 Node Address : a9c8bd0b-d103-4f29-a108-a8cc973b0ad1, 
Descriptor >>>> 
 Template >>>> 
 titre : title-473
 Album : album-title-69
 Composers : [composer-89]
 Interpreters : [interpreter-89, interpreter-88]
 Node Address : a9c8bd0b-d103-4f29-a108-a8cc973b0ad1, 
Descriptor >>>> 
 Template >>>> 
 titre : title-477
 Album : album-title-69
 Composers : [composer-89]
 Interpreters : [interpreter-89, interpreter-88]
 Node Address : a9c8bd0b-d103-4f29-a108-a8cc973b0ad1, 
Descriptor >>>> 
 Template >>>> 
 titre : title-472
 Album : album-title-69
 Composers : [composer-89]
 Interpreters : [interpreter-89, interpreter-88]
 Node Address : a9c8bd0b-d103-4f29-a108-a8cc973b0ad1]

1683757025271|##############################
match 
 Template >>>> 
 titre : title-476
 Album : null
 Composers : [composer-89]
 Interpreters : [interpreter-89, interpreter-88]

1683757025277|@@@@@@@@@@@@@@@@@@@@@@@@@@@@@
resultat du match 
 Template >>>> 
 titre : title-476
 Album : null
 Composers : [composer-89]
 Interpreters : [interpreter-89, interpreter-88] : [
Descriptor >>>> 
 Template >>>> 
 titre : title-476
 Album : album-title-69
 Composers : [composer-89]
 Interpreters : [interpreter-89, interpreter-88]
 Node Address : a9c8bd0b-d103-4f29-a108-a8cc973b0ad1]

1683757025277|##############################
find 
 Template >>>> 
 titre : title-471
 Album : null
 Composers : [composer-89]
 Interpreters : [interpreter-89, interpreter-88]

1683757025286|##############################
find 
 Template >>>> 
 titre : null
 Album : null
 Composers : []
 Interpreters : [interpreter-90]

1683757025294|##############################
find 
 Template >>>> 
 titre : title-482
 Album : null
 Composers : []
 Interpreters : [interpreter-90, interpreter-91]

1683757025303|##############################
find 
 Template >>>> 
 titre : title-480
 Album : album-title-70
 Composers : [composer-90]
 Interpreters : [interpreter-90, interpreter-91]

1683757025304|##############################
find 
 Template >>>> 
 titre : title-493
 Album : null
 Composers : []
 Interpreters : [interpreter-92]

1683757025304|##############################
find 
 Template >>>> 
 titre : title-502
 Album : album-title-73
 Composers : [composer-91]
 Interpreters : []

1683757025304|##############################
find 
 Template >>>> 
 titre : title-507
 Album : album-title-74
 Composers : []
 Interpreters : []

