1683583851346|##############################
find 
 Template >>>> 
 titre : title-161
 Album : album-title-24
 Composers : []
 Interpreters : [interpreter-38]

1683583851360|##############################
find 
 Template >>>> 
 titre : title-179
 Album : album-title-27
 Composers : []
 Interpreters : []

1683583851436|##############################
find 
 Template >>>> 
 titre : null
 Album : null
 Composers : [composer-40]
 Interpreters : []

1683583851437|##############################
find 
 Template >>>> 
 titre : null
 Album : album-title-29
 Composers : []
 Interpreters : []

1683583851440|##############################
find 
 Template >>>> 
 titre : title-196
 Album : null
 Composers : [composer-41, composer-42]
 Interpreters : []

1683583851476|##############################
find 
 Template >>>> 
 titre : null
 Album : album-title-32
 Composers : []
 Interpreters : []

1683583851569|##############################
find 
 Template >>>> 
 titre : title-232
 Album : null
 Composers : []
 Interpreters : [interpreter-53, interpreter-54]

1683583852345|##############################
find 
 Template >>>> 
 titre : title-158
 Album : null
 Composers : [composer-34]
 Interpreters : []

1683583852347|##############################
find 
 Template >>>> 
 titre : null
 Album : album-title-25
 Composers : []
 Interpreters : []

1683583852347|##############################
find 
 Template >>>> 
 titre : title-168
 Album : null
 Composers : []
 Interpreters : [interpreter-39]

1683583852347|##############################
find 
 Template >>>> 
 titre : title-170
 Album : album-title-25
 Composers : [composer-36, composer-35]
 Interpreters : []

1683583852348|##############################
find 
 Template >>>> 
 titre : null
 Album : null
 Composers : [composer-37]
 Interpreters : []

1683583852348|##############################
find 
 Template >>>> 
 titre : null
 Album : null
 Composers : [composer-38]
 Interpreters : []

1683583852348|##############################
find 
 Template >>>> 
 titre : title-190
 Album : null
 Composers : []
 Interpreters : [interpreter-42, interpreter-43]

1683583852348|##############################
find 
 Template >>>> 
 titre : title-186
 Album : null
 Composers : []
 Interpreters : [interpreter-42, interpreter-43]

1683583852348|##############################
find 
 Template >>>> 
 titre : title-202
 Album : null
 Composers : [composer-43, composer-44]
 Interpreters : [interpreter-45, interpreter-46]

1683583852349|##############################
find 
 Template >>>> 
 titre : title-198
 Album : null
 Composers : [composer-43, composer-44]
 Interpreters : []

1683583852349|##############################
find 
 Template >>>> 
 titre : title-206
 Album : null
 Composers : []
 Interpreters : []

1683583852351|##############################
find 
 Template >>>> 
 titre : title-204
 Album : album-title-31
 Composers : [composer-45]
 Interpreters : []

1683583852352|##############################
find 
 Template >>>> 
 titre : title-211
 Album : album-title-32
 Composers : [composer-47, composer-46]
 Interpreters : [interpreter-49]

1683583852352|##############################
find 
 Template >>>> 
 titre : title-221
 Album : null
 Composers : []
 Interpreters : []

1683583852352|##############################
find 
 Template >>>> 
 titre : title-228
 Album : null
 Composers : []
 Interpreters : []

1683583852352|##############################
find 
 Template >>>> 
 titre : title-235
 Album : null
 Composers : [composer-51, composer-52]
 Interpreters : [interpreter-53, interpreter-54]

1683583852352|##############################
find 
 Template >>>> 
 titre : null
 Album : null
 Composers : [composer-52]
 Interpreters : []

1683583853346|##############################
find 
 Template >>>> 
 titre : null
 Album : album-title-26
 Composers : []
 Interpreters : []

1683583853347|##############################
find 
 Template >>>> 
 titre : title-183
 Album : album-title-27
 Composers : [composer-38, composer-39]
 Interpreters : []

1683583853347|##############################
find 
 Template >>>> 
 titre : title-199
 Album : album-title-30
 Composers : []
 Interpreters : [interpreter-45, interpreter-46]

1683583853347|##############################
find 
 Template >>>> 
 titre : null
 Album : null
 Composers : []
 Interpreters : [interpreter-45]

1683583853347|##############################
find 
 Template >>>> 
 titre : null
 Album : null
 Composers : []
 Interpreters : [interpreter-49]

1683583853347|##############################
find 
 Template >>>> 
 titre : title-214
 Album : null
 Composers : [composer-47, composer-46]
 Interpreters : []

1683583853348|##############################
find 
 Template >>>> 
 titre : title-223
 Album : album-title-33
 Composers : []
 Interpreters : [interpreter-50, interpreter-51]

1683583853348|##############################
find 
 Template >>>> 
 titre : title-222
 Album : album-title-33
 Composers : []
 Interpreters : []

1683583853348|##############################
find 
 Template >>>> 
 titre : title-217
 Album : album-title-33
 Composers : []
 Interpreters : [interpreter-50, interpreter-51]

1683583853348|##############################
find 
 Template >>>> 
 titre : title-234
 Album : null
 Composers : [composer-51, composer-52]
 Interpreters : []

1683583854346|##############################
find 
 Template >>>> 
 titre : null
 Album : null
 Composers : [composer-35]
 Interpreters : []

1683583854346|##############################
find 
 Template >>>> 
 titre : title-169
 Album : null
 Composers : [composer-36, composer-35]
 Interpreters : []

1683583854346|##############################
find 
 Template >>>> 
 titre : title-173
 Album : album-title-26
 Composers : []
 Interpreters : [interpreter-40]

1683583854347|##############################
find 
 Template >>>> 
 titre : title-181
 Album : null
 Composers : [composer-38, composer-39]
 Interpreters : [interpreter-41]

1683583854347|##############################
find 
 Template >>>> 
 titre : null
 Album : null
 Composers : []
 Interpreters : [interpreter-41]

1683583854347|##############################
find 
 Template >>>> 
 titre : title-178
 Album : null
 Composers : []
 Interpreters : [interpreter-41]

1683583854347|##############################
find 
 Template >>>> 
 titre : null
 Album : album-title-27
 Composers : []
 Interpreters : []

1683583854347|##############################
find 
 Template >>>> 
 titre : title-189
 Album : null
 Composers : []
 Interpreters : [interpreter-42, interpreter-43]

1683583854347|##############################
find 
 Template >>>> 
 titre : null
 Album : null
 Composers : []
 Interpreters : [interpreter-43]

1683583854347|##############################
find 
 Template >>>> 
 titre : null
 Album : null
 Composers : []
 Interpreters : [interpreter-44]

1683583854347|##############################
find 
 Template >>>> 
 titre : title-194
 Album : null
 Composers : []
 Interpreters : [interpreter-44]

1683583854348|##############################
find 
 Template >>>> 
 titre : title-200
 Album : album-title-30
 Composers : []
 Interpreters : [interpreter-45, interpreter-46]

1683583854352|##############################
find 
 Template >>>> 
 titre : null
 Album : null
 Composers : [composer-43]
 Interpreters : []

1683583854352|##############################
find 
 Template >>>> 
 titre : null
 Album : null
 Composers : []
 Interpreters : [interpreter-47]

1683583854352|##############################
find 
 Template >>>> 
 titre : title-226
 Album : null
 Composers : []
 Interpreters : [interpreter-52]

1683583854352|##############################
find 
 Template >>>> 
 titre : title-237
 Album : null
 Composers : [composer-51, composer-52]
 Interpreters : []

1683583854352|##############################
find 
 Template >>>> 
 titre : null
 Album : null
 Composers : [composer-51]
 Interpreters : []

1683583855346|##############################
find 
 Template >>>> 
 titre : title-167
 Album : null
 Composers : [composer-36, composer-35]
 Interpreters : []

1683583855346|##############################
find 
 Template >>>> 
 titre : title-175
 Album : null
 Composers : [composer-37]
 Interpreters : []

1683583855346|##############################
find 
 Template >>>> 
 titre : null
 Album : null
 Composers : []
 Interpreters : [interpreter-40]

1683583855346|##############################
find 
 Template >>>> 
 titre : title-184
 Album : null
 Composers : [composer-38, composer-39]
 Interpreters : []

1683583855348|##############################
find 
 Template >>>> 
 titre : title-195
 Album : album-title-29
 Composers : []
 Interpreters : []

1683583855348|##############################
find 
 Template >>>> 
 titre : null
 Album : null
 Composers : []
 Interpreters : [interpreter-46]

1683583855348|##############################
find 
 Template >>>> 
 titre : null
 Album : null
 Composers : [composer-44]
 Interpreters : []

1683583855348|##############################
find 
 Template >>>> 
 titre : title-201
 Album : null
 Composers : [composer-43, composer-44]
 Interpreters : []

1683583855348|##############################
find 
 Template >>>> 
 titre : null
 Album : album-title-30
 Composers : []
 Interpreters : []

1683583855348|##############################
find 
 Template >>>> 
 titre : title-209
 Album : null
 Composers : []
 Interpreters : [interpreter-47, interpreter-48]

1683583855349|##############################
find 
 Template >>>> 
 titre : title-213
 Album : null
 Composers : []
 Interpreters : [interpreter-49]

1683583855350|##############################
find 
 Template >>>> 
 titre : title-216
 Album : album-title-33
 Composers : [composer-48, composer-49]
 Interpreters : []

1683583855350|##############################
find 
 Template >>>> 
 titre : null
 Album : null
 Composers : []
 Interpreters : [interpreter-51]

1683583855350|##############################
find 
 Template >>>> 
 titre : null
 Album : null
 Composers : []
 Interpreters : [interpreter-54]

1683583856347|##############################
find 
 Template >>>> 
 titre : title-182
 Album : null
 Composers : [composer-38, composer-39]
 Interpreters : []

1683583856347|##############################
find 
 Template >>>> 
 titre : title-187
 Album : null
 Composers : []
 Interpreters : [interpreter-42, interpreter-43]

1683583856347|##############################
find 
 Template >>>> 
 titre : null
 Album : album-title-28
 Composers : []
 Interpreters : []

1683583856347|##############################
find 
 Template >>>> 
 titre : title-191
 Album : null
 Composers : []
 Interpreters : []

1683583856347|##############################
find 
 Template >>>> 
 titre : title-208
 Album : null
 Composers : [composer-45]
 Interpreters : [interpreter-47, interpreter-48]

1683583856348|##############################
find 
 Template >>>> 
 titre : null
 Album : null
 Composers : [composer-48]
 Interpreters : []

1683583856348|##############################
find 
 Template >>>> 
 titre : null
 Album : null
 Composers : [composer-49]
 Interpreters : []

1683583856348|##############################
find 
 Template >>>> 
 titre : null
 Album : album-title-33
 Composers : []
 Interpreters : []

1683583856348|##############################
find 
 Template >>>> 
 titre : title-230
 Album : album-title-34
 Composers : []
 Interpreters : []

1683583856348|##############################
find 
 Template >>>> 
 titre : title-227
 Album : album-title-34
 Composers : []
 Interpreters : [interpreter-52]

1683583856348|##############################
find 
 Template >>>> 
 titre : null
 Album : album-title-35
 Composers : []
 Interpreters : []

1683583856349|##############################
find 
 Template >>>> 
 titre : null
 Album : null
 Composers : []
 Interpreters : [interpreter-55]

1683583857346|##############################
find 
 Template >>>> 
 titre : title-160
 Album : null
 Composers : [composer-34]
 Interpreters : []

1683583857346|##############################
find 
 Template >>>> 
 titre : title-171
 Album : null
 Composers : []
 Interpreters : []

1683583857346|##############################
find 
 Template >>>> 
 titre : title-165
 Album : album-title-25
 Composers : []
 Interpreters : []

1683583857346|##############################
find 
 Template >>>> 
 titre : title-174
 Album : null
 Composers : []
 Interpreters : [interpreter-40]

1683583857346|##############################
find 
 Template >>>> 
 titre : title-176
 Album : album-title-26
 Composers : [composer-37]
 Interpreters : [interpreter-40]

1683583857347|##############################
find 
 Template >>>> 
 titre : title-188
 Album : album-title-28
 Composers : [composer-40]
 Interpreters : []

1683583857347|##############################
find 
 Template >>>> 
 titre : title-192
 Album : null
 Composers : []
 Interpreters : [interpreter-44]

1683583857347|##############################
find 
 Template >>>> 
 titre : null
 Album : null
 Composers : [composer-41]
 Interpreters : []

1683583857347|##############################
find 
 Template >>>> 
 titre : null
 Album : null
 Composers : [composer-42]
 Interpreters : []

1683583857348|##############################
find 
 Template >>>> 
 titre : null
 Album : null
 Composers : [composer-47]
 Interpreters : []

1683583857348|##############################
find 
 Template >>>> 
 titre : null
 Album : album-title-34
 Composers : []
 Interpreters : []

1683583857348|##############################
find 
 Template >>>> 
 titre : title-224
 Album : album-title-34
 Composers : []
 Interpreters : []

1683583857348|##############################
find 
 Template >>>> 
 titre : title-238
 Album : album-title-35
 Composers : []
 Interpreters : [interpreter-53, interpreter-54]

1683583857349|##############################
find 
 Template >>>> 
 titre : title-243
 Album : null
 Composers : [composer-54, composer-53]
 Interpreters : [interpreter-55]

1683583858346|##############################
find 
 Template >>>> 
 titre : null
 Album : null
 Composers : [composer-36]
 Interpreters : []

1683583858347|##############################
find 
 Template >>>> 
 titre : title-205
 Album : null
 Composers : []
 Interpreters : [interpreter-47, interpreter-48]

1683583858347|##############################
find 
 Template >>>> 
 titre : null
 Album : null
 Composers : []
 Interpreters : [interpreter-48]

1683583858348|##############################
find 
 Template >>>> 
 titre : null
 Album : null
 Composers : []
 Interpreters : [interpreter-50]

1683583858348|##############################
find 
 Template >>>> 
 titre : null
 Album : null
 Composers : [composer-50]
 Interpreters : []

1683583858348|##############################
find 
 Template >>>> 
 titre : null
 Album : null
 Composers : []
 Interpreters : [interpreter-52]

1683583858348|##############################
find 
 Template >>>> 
 titre : title-225
 Album : album-title-34
 Composers : []
 Interpreters : []

1683583858348|##############################
find 
 Template >>>> 
 titre : title-233
 Album : null
 Composers : []
 Interpreters : [interpreter-53, interpreter-54]

1683583858348|##############################
find 
 Template >>>> 
 titre : title-231
 Album : null
 Composers : []
 Interpreters : []

1683583859347|##############################
find 
 Template >>>> 
 titre : title-164
 Album : null
 Composers : [composer-34]
 Interpreters : [interpreter-38]

1683583859347|##############################
find 
 Template >>>> 
 titre : title-166
 Album : album-title-25
 Composers : [composer-36, composer-35]
 Interpreters : [interpreter-39]

1683583859347|##############################
find 
 Template >>>> 
 titre : null
 Album : null
 Composers : []
 Interpreters : [interpreter-39]

1683583859347|##############################
find 
 Template >>>> 
 titre : title-185
 Album : null
 Composers : []
 Interpreters : []

1683583859347|##############################
find 
 Template >>>> 
 titre : title-180
 Album : null
 Composers : [composer-38, composer-39]
 Interpreters : [interpreter-41]

1683583859348|##############################
find 
 Template >>>> 
 titre : null
 Album : null
 Composers : [composer-39]
 Interpreters : []

1683583859348|##############################
find 
 Template >>>> 
 titre : null
 Album : null
 Composers : []
 Interpreters : [interpreter-42]

1683583859348|##############################
find 
 Template >>>> 
 titre : title-193
 Album : null
 Composers : []
 Interpreters : [interpreter-44]

1683583859348|##############################
find 
 Template >>>> 
 titre : null
 Album : null
 Composers : [composer-45]
 Interpreters : []

1683583859348|##############################
find 
 Template >>>> 
 titre : title-207
 Album : album-title-31
 Composers : []
 Interpreters : []

1683583859348|##############################
find 
 Template >>>> 
 titre : title-212
 Album : null
 Composers : []
 Interpreters : []

1683583859349|##############################
find 
 Template >>>> 
 titre : title-218
 Album : null
 Composers : [composer-48, composer-49]
 Interpreters : []

1683583859349|##############################
find 
 Template >>>> 
 titre : title-244
 Album : null
 Composers : [composer-54, composer-53]
 Interpreters : []

1683583860346|##############################
find 
 Template >>>> 
 titre : title-159
 Album : null
 Composers : [composer-34]
 Interpreters : [interpreter-38]

1683583860346|##############################
find 
 Template >>>> 
 titre : null
 Album : album-title-24
 Composers : []
 Interpreters : []

1683583860346|##############################
find 
 Template >>>> 
 titre : title-172
 Album : album-title-25
 Composers : []
 Interpreters : []

1683583860346|##############################
find 
 Template >>>> 
 titre : title-177
 Album : album-title-26
 Composers : []
 Interpreters : []

1683583860348|##############################
find 
 Template >>>> 
 titre : title-197
 Album : null
 Composers : [composer-41, composer-42]
 Interpreters : []

1683583860348|##############################
find 
 Template >>>> 
 titre : title-203
 Album : null
 Composers : []
 Interpreters : []

1683583860348|##############################
find 
 Template >>>> 
 titre : null
 Album : album-title-31
 Composers : []
 Interpreters : []

1683583860348|##############################
find 
 Template >>>> 
 titre : title-210
 Album : null
 Composers : []
 Interpreters : []

1683583860348|##############################
find 
 Template >>>> 
 titre : null
 Album : null
 Composers : [composer-46]
 Interpreters : []

1683583860348|##############################
find 
 Template >>>> 
 titre : title-215
 Album : album-title-32
 Composers : [composer-47, composer-46]
 Interpreters : []

1683583860349|##############################
find 
 Template >>>> 
 titre : title-220
 Album : album-title-33
 Composers : [composer-48, composer-49]
 Interpreters : [interpreter-50, interpreter-51]

1683583860349|##############################
find 
 Template >>>> 
 titre : title-219
 Album : null
 Composers : []
 Interpreters : [interpreter-50, interpreter-51]

1683583860349|##############################
find 
 Template >>>> 
 titre : title-229
 Album : album-title-34
 Composers : [composer-50]
 Interpreters : []

1683583860349|##############################
find 
 Template >>>> 
 titre : null
 Album : null
 Composers : []
 Interpreters : [interpreter-53]

1683583860349|##############################
find 
 Template >>>> 
 titre : title-236
 Album : null
 Composers : [composer-51, composer-52]
 Interpreters : []

1683583860349|##############################
find 
 Template >>>> 
 titre : null
 Album : album-title-36
 Composers : []
 Interpreters : []

