1683642295987|##############################
find 
 Template >>>> 
 titre : null
 Album : null
 Composers : []
 Interpreters : [interpreter-104]

1683642296108|##############################
find 
 Template >>>> 
 titre : null
 Album : null
 Composers : [composer-107]
 Interpreters : []

1683642296278|##############################
match 
 Template >>>> 
 titre : title-630
 Album : null
 Composers : [composer-107]
 Interpreters : []

1683642297062|@@@@@@@@@@@@@@@@@@@@@@@@@@@@@
resultat du match 
 Template >>>> 
 titre : title-630
 Album : null
 Composers : [composer-107]
 Interpreters : [] : []

1683642297062|##############################
find 
 Template >>>> 
 titre : title-631
 Album : album-title-93
 Composers : [composer-107]
 Interpreters : []

1683642297062|##############################
find 
 Template >>>> 
 titre : null
 Album : album-title-95
 Composers : []
 Interpreters : []

1683642297063|##############################
match 
 Template >>>> 
 titre : title-661
 Album : null
 Composers : []
 Interpreters : [interpreter-110, interpreter-111]

1683642297278|@@@@@@@@@@@@@@@@@@@@@@@@@@@@@
resultat du match 
 Template >>>> 
 titre : title-661
 Album : null
 Composers : []
 Interpreters : [interpreter-110, interpreter-111] : []

1683642297278|##############################
find 
 Template >>>> 
 titre : title-682
 Album : album-title-100
 Composers : []
 Interpreters : [interpreter-114, interpreter-115]

1683642297303|##############################
find 
 Template >>>> 
 titre : title-690
 Album : null
 Composers : [composer-113]
 Interpreters : [interpreter-114, interpreter-115]

1683642297305|##############################
find 
 Template >>>> 
 titre : null
 Album : album-title-101
 Composers : []
 Interpreters : []

1683642297305|##############################
find 
 Template >>>> 
 titre : null
 Album : album-title-102
 Composers : []
 Interpreters : []

1683642297305|##############################
find 
 Template >>>> 
 titre : title-604
 Album : null
 Composers : [composer-104, composer-105]
 Interpreters : [interpreter-103, interpreter-102]

1683642297306|##############################
find 
 Template >>>> 
 titre : null
 Album : album-title-89
 Composers : []
 Interpreters : []

1683642297306|##############################
find 
 Template >>>> 
 titre : title-612
 Album : null
 Composers : []
 Interpreters : [interpreter-105, interpreter-104]

1683642297306|##############################
match 
 Template >>>> 
 titre : title-627
 Album : null
 Composers : []
 Interpreters : []

1683642297429|@@@@@@@@@@@@@@@@@@@@@@@@@@@@@
resultat du match 
 Template >>>> 
 titre : title-627
 Album : null
 Composers : []
 Interpreters : [] : [
Descriptor >>>> 
 Template >>>> 
 titre : title-627
 Album : album-title-92
 Composers : [composer-107]
 Interpreters : [interpreter-107, interpreter-106]
 Node Address : c7224e93-f3af-4df8-971e-efe188879564]

1683642297429|##############################
find 
 Template >>>> 
 titre : title-634
 Album : album-title-93
 Composers : [composer-107]
 Interpreters : []

1683642297444|##############################
find 
 Template >>>> 
 titre : null
 Album : null
 Composers : []
 Interpreters : [interpreter-109]

1683642297444|##############################
find 
 Template >>>> 
 titre : null
 Album : null
 Composers : []
 Interpreters : [interpreter-110]

1683642297445|##############################
find 
 Template >>>> 
 titre : null
 Album : null
 Composers : []
 Interpreters : [interpreter-111]

1683642297445|##############################
find 
 Template >>>> 
 titre : null
 Album : album-title-98
 Composers : []
 Interpreters : []

1683642297445|##############################
find 
 Template >>>> 
 titre : title-671
 Album : null
 Composers : []
 Interpreters : [interpreter-113, interpreter-112]

1683642297447|##############################
find 
 Template >>>> 
 titre : title-677
 Album : album-title-99
 Composers : [composer-111, composer-112]
 Interpreters : []

1683642297447|##############################
find 
 Template >>>> 
 titre : title-678
 Album : null
 Composers : []
 Interpreters : []

1683642297449|##############################
match 
 Template >>>> 
 titre : title-685
 Album : null
 Composers : [composer-113]
 Interpreters : []

1683642297467|@@@@@@@@@@@@@@@@@@@@@@@@@@@@@
resultat du match 
 Template >>>> 
 titre : title-685
 Album : null
 Composers : [composer-113]
 Interpreters : [] : []

1683642297467|##############################
find 
 Template >>>> 
 titre : title-684
 Album : null
 Composers : []
 Interpreters : []

1683642297988|##############################
find 
 Template >>>> 
 titre : title-613
 Album : null
 Composers : []
 Interpreters : []

1683642297988|##############################
find 
 Template >>>> 
 titre : title-629
 Album : null
 Composers : []
 Interpreters : []

1683642297988|##############################
match 
 Template >>>> 
 titre : null
 Album : null
 Composers : []
 Interpreters : [interpreter-107]

1683642298049|@@@@@@@@@@@@@@@@@@@@@@@@@@@@@
resultat du match 
 Template >>>> 
 titre : null
 Album : null
 Composers : []
 Interpreters : [interpreter-107] : [
Descriptor >>>> 
 Template >>>> 
 titre : title-626
 Album : album-title-92
 Composers : [composer-107]
 Interpreters : [interpreter-107, interpreter-106]
 Node Address : c7224e93-f3af-4df8-971e-efe188879564, 
Descriptor >>>> 
 Template >>>> 
 titre : title-630
 Album : album-title-92
 Composers : [composer-107]
 Interpreters : [interpreter-107, interpreter-106]
 Node Address : c7224e93-f3af-4df8-971e-efe188879564, 
Descriptor >>>> 
 Template >>>> 
 titre : title-629
 Album : album-title-92
 Composers : [composer-107]
 Interpreters : [interpreter-107, interpreter-106]
 Node Address : c7224e93-f3af-4df8-971e-efe188879564, 
Descriptor >>>> 
 Template >>>> 
 titre : title-627
 Album : album-title-92
 Composers : [composer-107]
 Interpreters : [interpreter-107, interpreter-106]
 Node Address : c7224e93-f3af-4df8-971e-efe188879564, 
Descriptor >>>> 
 Template >>>> 
 titre : title-628
 Album : album-title-92
 Composers : [composer-107]
 Interpreters : [interpreter-107, interpreter-106]
 Node Address : c7224e93-f3af-4df8-971e-efe188879564, 
Descriptor >>>> 
 Template >>>> 
 titre : title-625
 Album : album-title-92
 Composers : [composer-107]
 Interpreters : [interpreter-107, interpreter-106]
 Node Address : c7224e93-f3af-4df8-971e-efe188879564]

1683642298049|##############################
find 
 Template >>>> 
 titre : title-642
 Album : album-title-94
 Composers : []
 Interpreters : [interpreter-109, interpreter-108]

1683642298050|##############################
match 
 Template >>>> 
 titre : title-654
 Album : album-title-95
 Composers : [composer-108]
 Interpreters : []

1683642298086|@@@@@@@@@@@@@@@@@@@@@@@@@@@@@
resultat du match 
 Template >>>> 
 titre : title-654
 Album : album-title-95
 Composers : [composer-108]
 Interpreters : [] : [
Descriptor >>>> 
 Template >>>> 
 titre : title-654
 Album : album-title-95
 Composers : [composer-108]
 Interpreters : [interpreter-109, interpreter-108]
 Node Address : 72a93a68-3fc9-405f-aedb-af3133c2cfa8]

1683642298086|##############################
find 
 Template >>>> 
 titre : title-659
 Album : album-title-96
 Composers : []
 Interpreters : []

1683642298087|##############################
find 
 Template >>>> 
 titre : title-670
 Album : album-title-98
 Composers : [composer-111, composer-112]
 Interpreters : []

1683642298087|##############################
find 
 Template >>>> 
 titre : title-673
 Album : album-title-98
 Composers : [composer-111, composer-112]
 Interpreters : []

1683642298087|##############################
match 
 Template >>>> 
 titre : title-675
 Album : null
 Composers : [composer-111, composer-112]
 Interpreters : [interpreter-113, interpreter-112]

1683642298115|@@@@@@@@@@@@@@@@@@@@@@@@@@@@@
resultat du match 
 Template >>>> 
 titre : title-675
 Album : null
 Composers : [composer-111, composer-112]
 Interpreters : [interpreter-113, interpreter-112] : [
Descriptor >>>> 
 Template >>>> 
 titre : title-675
 Album : album-title-99
 Composers : [composer-111, composer-112]
 Interpreters : [interpreter-113, interpreter-112]
 Node Address : 480ec4d5-8fc8-447f-8c03-a13caf33ceac]

1683642298115|##############################
match 
 Template >>>> 
 titre : null
 Album : null
 Composers : [composer-113]
 Interpreters : []

1683642298169|@@@@@@@@@@@@@@@@@@@@@@@@@@@@@
resultat du match 
 Template >>>> 
 titre : null
 Album : null
 Composers : [composer-113]
 Interpreters : [] : [
Descriptor >>>> 
 Template >>>> 
 titre : title-682
 Album : album-title-100
 Composers : [composer-113]
 Interpreters : [interpreter-114, interpreter-115]
 Node Address : f8e59edf-33ba-416c-af03-7098f992cd7c, 
Descriptor >>>> 
 Template >>>> 
 titre : title-685
 Album : album-title-100
 Composers : [composer-113]
 Interpreters : [interpreter-114, interpreter-115]
 Node Address : f8e59edf-33ba-416c-af03-7098f992cd7c, 
Descriptor >>>> 
 Template >>>> 
 titre : title-680
 Album : album-title-100
 Composers : [composer-113]
 Interpreters : [interpreter-114, interpreter-115]
 Node Address : f8e59edf-33ba-416c-af03-7098f992cd7c, 
Descriptor >>>> 
 Template >>>> 
 titre : title-684
 Album : album-title-100
 Composers : [composer-113]
 Interpreters : [interpreter-114, interpreter-115]
 Node Address : f8e59edf-33ba-416c-af03-7098f992cd7c, 
Descriptor >>>> 
 Template >>>> 
 titre : title-683
 Album : album-title-100
 Composers : [composer-113]
 Interpreters : [interpreter-114, interpreter-115]
 Node Address : f8e59edf-33ba-416c-af03-7098f992cd7c, 
Descriptor >>>> 
 Template >>>> 
 titre : title-681
 Album : album-title-100
 Composers : [composer-113]
 Interpreters : [interpreter-114, interpreter-115]
 Node Address : f8e59edf-33ba-416c-af03-7098f992cd7c]

1683642298169|##############################
find 
 Template >>>> 
 titre : title-692
 Album : album-title-101
 Composers : [composer-113]
 Interpreters : [interpreter-114, interpreter-115]

1683642298987|##############################
find 
 Template >>>> 
 titre : title-607
 Album : null
 Composers : [composer-104, composer-105]
 Interpreters : []

1683642299368|##############################
find 
 Template >>>> 
 titre : title-605
 Album : album-title-89
 Composers : []
 Interpreters : []

1683642299368|##############################
find 
 Template >>>> 
 titre : title-615
 Album : null
 Composers : [composer-106]
 Interpreters : [interpreter-105, interpreter-104]

1683642299368|##############################
find 
 Template >>>> 
 titre : null
 Album : null
 Composers : []
 Interpreters : [interpreter-105]

1683642299368|##############################
find 
 Template >>>> 
 titre : title-622
 Album : null
 Composers : [composer-106]
 Interpreters : [interpreter-105, interpreter-104]

1683642299369|##############################
find 
 Template >>>> 
 titre : title-647
 Album : null
 Composers : []
 Interpreters : []

1683642299369|##############################
find 
 Template >>>> 
 titre : null
 Album : album-title-96
 Composers : []
 Interpreters : []

1683642299369|##############################
find 
 Template >>>> 
 titre : title-657
 Album : null
 Composers : []
 Interpreters : []

1683642299369|##############################
find 
 Template >>>> 
 titre : title-664
 Album : null
 Composers : [composer-110, composer-109]
 Interpreters : [interpreter-110, interpreter-111]

1683642299369|##############################
find 
 Template >>>> 
 titre : title-663
 Album : null
 Composers : []
 Interpreters : []

1683642299370|##############################
find 
 Template >>>> 
 titre : title-669
 Album : null
 Composers : []
 Interpreters : [interpreter-113, interpreter-112]

1683642299370|##############################
find 
 Template >>>> 
 titre : title-672
 Album : album-title-98
 Composers : []
 Interpreters : []

1683642299370|##############################
find 
 Template >>>> 
 titre : null
 Album : album-title-99
 Composers : []
 Interpreters : []

1683642299370|##############################
match 
 Template >>>> 
 titre : null
 Album : null
 Composers : []
 Interpreters : [interpreter-115]

1683642299403|@@@@@@@@@@@@@@@@@@@@@@@@@@@@@
resultat du match 
 Template >>>> 
 titre : null
 Album : null
 Composers : []
 Interpreters : [interpreter-115] : [
Descriptor >>>> 
 Template >>>> 
 titre : title-682
 Album : album-title-100
 Composers : [composer-113]
 Interpreters : [interpreter-114, interpreter-115]
 Node Address : f8e59edf-33ba-416c-af03-7098f992cd7c, 
Descriptor >>>> 
 Template >>>> 
 titre : title-687
 Album : album-title-101
 Composers : [composer-113]
 Interpreters : [interpreter-114, interpreter-115]
 Node Address : 5b4388ef-aeaf-40a2-b652-113486993d2e, 
Descriptor >>>> 
 Template >>>> 
 titre : title-686
 Album : album-title-101
 Composers : [composer-113]
 Interpreters : [interpreter-114, interpreter-115]
 Node Address : 5b4388ef-aeaf-40a2-b652-113486993d2e, 
Descriptor >>>> 
 Template >>>> 
 titre : title-692
 Album : album-title-101
 Composers : [composer-113]
 Interpreters : [interpreter-114, interpreter-115]
 Node Address : 5b4388ef-aeaf-40a2-b652-113486993d2e, 
Descriptor >>>> 
 Template >>>> 
 titre : title-684
 Album : album-title-100
 Composers : [composer-113]
 Interpreters : [interpreter-114, interpreter-115]
 Node Address : f8e59edf-33ba-416c-af03-7098f992cd7c, 
Descriptor >>>> 
 Template >>>> 
 titre : title-683
 Album : album-title-100
 Composers : [composer-113]
 Interpreters : [interpreter-114, interpreter-115]
 Node Address : f8e59edf-33ba-416c-af03-7098f992cd7c, 
Descriptor >>>> 
 Template >>>> 
 titre : title-685
 Album : album-title-100
 Composers : [composer-113]
 Interpreters : [interpreter-114, interpreter-115]
 Node Address : f8e59edf-33ba-416c-af03-7098f992cd7c, 
Descriptor >>>> 
 Template >>>> 
 titre : title-680
 Album : album-title-100
 Composers : [composer-113]
 Interpreters : [interpreter-114, interpreter-115]
 Node Address : f8e59edf-33ba-416c-af03-7098f992cd7c, 
Descriptor >>>> 
 Template >>>> 
 titre : title-691
 Album : album-title-101
 Composers : [composer-113]
 Interpreters : [interpreter-114, interpreter-115]
 Node Address : 5b4388ef-aeaf-40a2-b652-113486993d2e, 
Descriptor >>>> 
 Template >>>> 
 titre : title-690
 Album : album-title-101
 Composers : [composer-113]
 Interpreters : [interpreter-114, interpreter-115]
 Node Address : 5b4388ef-aeaf-40a2-b652-113486993d2e, 
Descriptor >>>> 
 Template >>>> 
 titre : title-681
 Album : album-title-100
 Composers : [composer-113]
 Interpreters : [interpreter-114, interpreter-115]
 Node Address : f8e59edf-33ba-416c-af03-7098f992cd7c, 
Descriptor >>>> 
 Template >>>> 
 titre : title-688
 Album : album-title-101
 Composers : [composer-113]
 Interpreters : [interpreter-114, interpreter-115]
 Node Address : 5b4388ef-aeaf-40a2-b652-113486993d2e, 
Descriptor >>>> 
 Template >>>> 
 titre : title-689
 Album : album-title-101
 Composers : [composer-113]
 Interpreters : [interpreter-114, interpreter-115]
 Node Address : 5b4388ef-aeaf-40a2-b652-113486993d2e]

1683642299403|##############################
find 
 Template >>>> 
 titre : title-686
 Album : album-title-101
 Composers : [composer-113]
 Interpreters : []

1683642299403|##############################
find 
 Template >>>> 
 titre : title-689
 Album : null
 Composers : []
 Interpreters : []

1683642299987|##############################
match 
 Template >>>> 
 titre : title-608
 Album : null
 Composers : [composer-104, composer-105]
 Interpreters : []

1683642299990|@@@@@@@@@@@@@@@@@@@@@@@@@@@@@
resultat du match 
 Template >>>> 
 titre : title-608
 Album : null
 Composers : [composer-104, composer-105]
 Interpreters : [] : []

1683642299990|##############################
find 
 Template >>>> 
 titre : title-606
 Album : null
 Composers : [composer-104, composer-105]
 Interpreters : [interpreter-103, interpreter-102]

1683642299996|##############################
match 
 Template >>>> 
 titre : title-617
 Album : null
 Composers : []
 Interpreters : [interpreter-105, interpreter-104]

1683642300069|@@@@@@@@@@@@@@@@@@@@@@@@@@@@@
resultat du match 
 Template >>>> 
 titre : title-617
 Album : null
 Composers : []
 Interpreters : [interpreter-105, interpreter-104] : []

1683642300069|##############################
find 
 Template >>>> 
 titre : title-620
 Album : album-title-91
 Composers : []
 Interpreters : [interpreter-105, interpreter-104]

1683642300069|##############################
find 
 Template >>>> 
 titre : null
 Album : null
 Composers : []
 Interpreters : [interpreter-106]

1683642300070|##############################
find 
 Template >>>> 
 titre : null
 Album : album-title-94
 Composers : []
 Interpreters : []

1683642300070|##############################
match 
 Template >>>> 
 titre : title-638
 Album : album-title-94
 Composers : [composer-108]
 Interpreters : []

1683642300159|@@@@@@@@@@@@@@@@@@@@@@@@@@@@@
resultat du match 
 Template >>>> 
 titre : title-638
 Album : album-title-94
 Composers : [composer-108]
 Interpreters : [] : [
Descriptor >>>> 
 Template >>>> 
 titre : title-638
 Album : album-title-94
 Composers : [composer-108]
 Interpreters : [interpreter-109, interpreter-108]
 Node Address : 4a604ea0-a7f5-4b5e-959a-2fda02e8d94d]

1683642300159|##############################
match 
 Template >>>> 
 titre : title-640
 Album : album-title-94
 Composers : [composer-108]
 Interpreters : []

1683642300189|@@@@@@@@@@@@@@@@@@@@@@@@@@@@@
resultat du match 
 Template >>>> 
 titre : title-640
 Album : album-title-94
 Composers : [composer-108]
 Interpreters : [] : []

1683642300189|##############################
find 
 Template >>>> 
 titre : title-643
 Album : null
 Composers : [composer-108]
 Interpreters : [interpreter-109, interpreter-108]

1683642300189|##############################
find 
 Template >>>> 
 titre : title-652
 Album : album-title-95
 Composers : []
 Interpreters : []

1683642300189|##############################
find 
 Template >>>> 
 titre : title-651
 Album : album-title-95
 Composers : [composer-108]
 Interpreters : [interpreter-109, interpreter-108]

1683642300189|##############################
match 
 Template >>>> 
 titre : title-653
 Album : null
 Composers : [composer-108]
 Interpreters : [interpreter-109, interpreter-108]

1683642300210|@@@@@@@@@@@@@@@@@@@@@@@@@@@@@
resultat du match 
 Template >>>> 
 titre : title-653
 Album : null
 Composers : [composer-108]
 Interpreters : [interpreter-109, interpreter-108] : [
Descriptor >>>> 
 Template >>>> 
 titre : title-653
 Album : album-title-95
 Composers : [composer-108]
 Interpreters : [interpreter-109, interpreter-108]
 Node Address : 72a93a68-3fc9-405f-aedb-af3133c2cfa8]

1683642300210|##############################
find 
 Template >>>> 
 titre : null
 Album : album-title-97
 Composers : []
 Interpreters : []

1683642300211|##############################
find 
 Template >>>> 
 titre : title-674
 Album : album-title-98
 Composers : []
 Interpreters : [interpreter-113, interpreter-112]

1683642300211|##############################
find 
 Template >>>> 
 titre : null
 Album : null
 Composers : [composer-111]
 Interpreters : []

1683642300211|##############################
find 
 Template >>>> 
 titre : null
 Album : null
 Composers : []
 Interpreters : [interpreter-113]

1683642300214|##############################
find 
 Template >>>> 
 titre : title-683
 Album : album-title-100
 Composers : [composer-113]
 Interpreters : [interpreter-114, interpreter-115]

1683642300214|##############################
match 
 Template >>>> 
 titre : title-681
 Album : null
 Composers : [composer-113]
 Interpreters : []

1683642300521|@@@@@@@@@@@@@@@@@@@@@@@@@@@@@
resultat du match 
 Template >>>> 
 titre : title-681
 Album : null
 Composers : [composer-113]
 Interpreters : [] : [
Descriptor >>>> 
 Template >>>> 
 titre : title-681
 Album : album-title-100
 Composers : [composer-113]
 Interpreters : [interpreter-114, interpreter-115]
 Node Address : f8e59edf-33ba-416c-af03-7098f992cd7c]

1683642300521|##############################
find 
 Template >>>> 
 titre : null
 Album : null
 Composers : []
 Interpreters : [interpreter-117]

1683642300987|##############################
find 
 Template >>>> 
 titre : title-609
 Album : album-title-89
 Composers : [composer-104, composer-105]
 Interpreters : [interpreter-103, interpreter-102]

1683642300989|##############################
find 
 Template >>>> 
 titre : title-611
 Album : album-title-90
 Composers : []
 Interpreters : [interpreter-105, interpreter-104]

1683642300989|##############################
find 
 Template >>>> 
 titre : null
 Album : album-title-91
 Composers : []
 Interpreters : []

1683642300989|##############################
find 
 Template >>>> 
 titre : title-628
 Album : album-title-92
 Composers : []
 Interpreters : [interpreter-107, interpreter-106]

1683642300989|##############################
match 
 Template >>>> 
 titre : null
 Album : album-title-93
 Composers : []
 Interpreters : []

1683642301002|@@@@@@@@@@@@@@@@@@@@@@@@@@@@@
resultat du match 
 Template >>>> 
 titre : null
 Album : album-title-93
 Composers : []
 Interpreters : [] : []

1683642301002|##############################
find 
 Template >>>> 
 titre : title-633
 Album : album-title-93
 Composers : []
 Interpreters : []

1683642301014|##############################
find 
 Template >>>> 
 titre : null
 Album : null
 Composers : []
 Interpreters : [interpreter-108]

1683642301019|##############################
match 
 Template >>>> 
 titre : title-650
 Album : null
 Composers : [composer-108]
 Interpreters : [interpreter-109, interpreter-108]

1683642301057|@@@@@@@@@@@@@@@@@@@@@@@@@@@@@
resultat du match 
 Template >>>> 
 titre : title-650
 Album : null
 Composers : [composer-108]
 Interpreters : [interpreter-109, interpreter-108] : []

1683642301057|##############################
find 
 Template >>>> 
 titre : title-679
 Album : album-title-99
 Composers : [composer-111, composer-112]
 Interpreters : []

1683642301058|##############################
find 
 Template >>>> 
 titre : null
 Album : album-title-100
 Composers : []
 Interpreters : []

1683642301058|##############################
find 
 Template >>>> 
 titre : null
 Album : null
 Composers : []
 Interpreters : [interpreter-114]

1683642301058|##############################
match 
 Template >>>> 
 titre : title-687
 Album : null
 Composers : []
 Interpreters : [interpreter-114, interpreter-115]

1683642301092|@@@@@@@@@@@@@@@@@@@@@@@@@@@@@
resultat du match 
 Template >>>> 
 titre : title-687
 Album : null
 Composers : []
 Interpreters : [interpreter-114, interpreter-115] : []

1683642301988|##############################
find 
 Template >>>> 
 titre : title-619
 Album : album-title-91
 Composers : []
 Interpreters : []

1683642301989|##############################
find 
 Template >>>> 
 titre : title-623
 Album : null
 Composers : [composer-106]
 Interpreters : []

1683642301993|##############################
match 
 Template >>>> 
 titre : title-644
 Album : null
 Composers : [composer-108]
 Interpreters : [interpreter-109, interpreter-108]

1683642302029|@@@@@@@@@@@@@@@@@@@@@@@@@@@@@
resultat du match 
 Template >>>> 
 titre : title-644
 Album : null
 Composers : [composer-108]
 Interpreters : [interpreter-109, interpreter-108] : [
Descriptor >>>> 
 Template >>>> 
 titre : title-644
 Album : album-title-94
 Composers : [composer-108]
 Interpreters : [interpreter-109, interpreter-108]
 Node Address : 4a604ea0-a7f5-4b5e-959a-2fda02e8d94d]

1683642302029|##############################
find 
 Template >>>> 
 titre : title-646
 Album : null
 Composers : [composer-108]
 Interpreters : []

1683642302030|##############################
find 
 Template >>>> 
 titre : title-660
 Album : album-title-96
 Composers : []
 Interpreters : []

1683642302030|##############################
find 
 Template >>>> 
 titre : title-658
 Album : null
 Composers : [composer-110, composer-109]
 Interpreters : [interpreter-110, interpreter-111]

1683642302030|##############################
match 
 Template >>>> 
 titre : title-666
 Album : album-title-97
 Composers : [composer-110, composer-109]
 Interpreters : [interpreter-110, interpreter-111]

1683642302064|@@@@@@@@@@@@@@@@@@@@@@@@@@@@@
resultat du match 
 Template >>>> 
 titre : title-666
 Album : album-title-97
 Composers : [composer-110, composer-109]
 Interpreters : [interpreter-110, interpreter-111] : []

1683642302064|##############################
match 
 Template >>>> 
 titre : title-691
 Album : album-title-101
 Composers : []
 Interpreters : []

1683642302087|@@@@@@@@@@@@@@@@@@@@@@@@@@@@@
resultat du match 
 Template >>>> 
 titre : title-691
 Album : album-title-101
 Composers : []
 Interpreters : [] : [
Descriptor >>>> 
 Template >>>> 
 titre : title-691
 Album : album-title-101
 Composers : [composer-113]
 Interpreters : [interpreter-114, interpreter-115]
 Node Address : 5b4388ef-aeaf-40a2-b652-113486993d2e]

1683642302087|##############################
match 
 Template >>>> 
 titre : title-693
 Album : album-title-102
 Composers : []
 Interpreters : []

1683642302110|@@@@@@@@@@@@@@@@@@@@@@@@@@@@@
resultat du match 
 Template >>>> 
 titre : title-693
 Album : album-title-102
 Composers : []
 Interpreters : [] : []

1683642302989|##############################
find 
 Template >>>> 
 titre : null
 Album : album-title-90
 Composers : []
 Interpreters : []

1683642302990|##############################
find 
 Template >>>> 
 titre : title-624
 Album : album-title-91
 Composers : [composer-106]
 Interpreters : []

1683642302991|##############################
match 
 Template >>>> 
 titre : null
 Album : album-title-92
 Composers : []
 Interpreters : []

1683642303098|@@@@@@@@@@@@@@@@@@@@@@@@@@@@@
resultat du match 
 Template >>>> 
 titre : null
 Album : album-title-92
 Composers : []
 Interpreters : [] : [
Descriptor >>>> 
 Template >>>> 
 titre : title-626
 Album : album-title-92
 Composers : [composer-107]
 Interpreters : [interpreter-107, interpreter-106]
 Node Address : c7224e93-f3af-4df8-971e-efe188879564, 
Descriptor >>>> 
 Template >>>> 
 titre : title-630
 Album : album-title-92
 Composers : [composer-107]
 Interpreters : [interpreter-107, interpreter-106]
 Node Address : c7224e93-f3af-4df8-971e-efe188879564, 
Descriptor >>>> 
 Template >>>> 
 titre : title-629
 Album : album-title-92
 Composers : [composer-107]
 Interpreters : [interpreter-107, interpreter-106]
 Node Address : c7224e93-f3af-4df8-971e-efe188879564, 
Descriptor >>>> 
 Template >>>> 
 titre : title-627
 Album : album-title-92
 Composers : [composer-107]
 Interpreters : [interpreter-107, interpreter-106]
 Node Address : c7224e93-f3af-4df8-971e-efe188879564, 
Descriptor >>>> 
 Template >>>> 
 titre : title-628
 Album : album-title-92
 Composers : [composer-107]
 Interpreters : [interpreter-107, interpreter-106]
 Node Address : c7224e93-f3af-4df8-971e-efe188879564, 
Descriptor >>>> 
 Template >>>> 
 titre : title-625
 Album : album-title-92
 Composers : [composer-107]
 Interpreters : [interpreter-107, interpreter-106]
 Node Address : c7224e93-f3af-4df8-971e-efe188879564]

1683642303098|##############################
find 
 Template >>>> 
 titre : title-625
 Album : null
 Composers : []
 Interpreters : []

1683642303099|##############################
find 
 Template >>>> 
 titre : title-626
 Album : album-title-92
 Composers : []
 Interpreters : [interpreter-107, interpreter-106]

1683642303099|##############################
match 
 Template >>>> 
 titre : title-636
 Album : album-title-93
 Composers : []
 Interpreters : []

1683642303175|@@@@@@@@@@@@@@@@@@@@@@@@@@@@@
resultat du match 
 Template >>>> 
 titre : title-636
 Album : album-title-93
 Composers : []
 Interpreters : [] : [
Descriptor >>>> 
 Template >>>> 
 titre : title-636
 Album : album-title-93
 Composers : [composer-107]
 Interpreters : [interpreter-107, interpreter-106]
 Node Address : b2fb3cdb-d92a-490c-83be-c1ba1e999680]

1683642303175|##############################
find 
 Template >>>> 
 titre : title-648
 Album : null
 Composers : []
 Interpreters : []

1683642303175|##############################
match 
 Template >>>> 
 titre : title-655
 Album : null
 Composers : [composer-110, composer-109]
 Interpreters : [interpreter-110, interpreter-111]

1683642303269|@@@@@@@@@@@@@@@@@@@@@@@@@@@@@
resultat du match 
 Template >>>> 
 titre : title-655
 Album : null
 Composers : [composer-110, composer-109]
 Interpreters : [interpreter-110, interpreter-111] : []

1683642303269|##############################
match 
 Template >>>> 
 titre : title-662
 Album : null
 Composers : []
 Interpreters : []

1683642303289|@@@@@@@@@@@@@@@@@@@@@@@@@@@@@
resultat du match 
 Template >>>> 
 titre : title-662
 Album : null
 Composers : []
 Interpreters : [] : []

1683642303289|##############################
find 
 Template >>>> 
 titre : title-696
 Album : null
 Composers : []
 Interpreters : [interpreter-116, interpreter-117]

1683642303290|##############################
match 
 Template >>>> 
 titre : null
 Album : null
 Composers : [composer-114]
 Interpreters : []

1683642303303|@@@@@@@@@@@@@@@@@@@@@@@@@@@@@
resultat du match 
 Template >>>> 
 titre : null
 Album : null
 Composers : [composer-114]
 Interpreters : [] : [
Descriptor >>>> 
 Template >>>> 
 titre : title-697
 Album : album-title-102
 Composers : [composer-114]
 Interpreters : [interpreter-116, interpreter-117]
 Node Address : c7224e93-f3af-4df8-971e-efe188879564, 
Descriptor >>>> 
 Template >>>> 
 titre : title-695
 Album : album-title-102
 Composers : [composer-114]
 Interpreters : [interpreter-116, interpreter-117]
 Node Address : c7224e93-f3af-4df8-971e-efe188879564, 
Descriptor >>>> 
 Template >>>> 
 titre : title-696
 Album : album-title-102
 Composers : [composer-114]
 Interpreters : [interpreter-116, interpreter-117]
 Node Address : c7224e93-f3af-4df8-971e-efe188879564, 
Descriptor >>>> 
 Template >>>> 
 titre : title-693
 Album : album-title-102
 Composers : [composer-114]
 Interpreters : [interpreter-116, interpreter-117]
 Node Address : c7224e93-f3af-4df8-971e-efe188879564, 
Descriptor >>>> 
 Template >>>> 
 titre : title-694
 Album : album-title-102
 Composers : [composer-114]
 Interpreters : [interpreter-116, interpreter-117]
 Node Address : c7224e93-f3af-4df8-971e-efe188879564]

1683642303992|##############################
find 
 Template >>>> 
 titre : title-610
 Album : null
 Composers : [composer-104, composer-105]
 Interpreters : [interpreter-103, interpreter-102]

1683642303992|##############################
find 
 Template >>>> 
 titre : title-616
 Album : album-title-90
 Composers : []
 Interpreters : [interpreter-105, interpreter-104]

1683642303992|##############################
find 
 Template >>>> 
 titre : null
 Album : null
 Composers : [composer-106]
 Interpreters : []

1683642303993|##############################
find 
 Template >>>> 
 titre : title-621
 Album : album-title-91
 Composers : [composer-106]
 Interpreters : [interpreter-105, interpreter-104]

1683642303993|##############################
find 
 Template >>>> 
 titre : title-637
 Album : null
 Composers : []
 Interpreters : []

1683642303993|##############################
find 
 Template >>>> 
 titre : title-649
 Album : null
 Composers : []
 Interpreters : [interpreter-109, interpreter-108]

1683642304017|##############################
find 
 Template >>>> 
 titre : title-656
 Album : album-title-96
 Composers : [composer-110, composer-109]
 Interpreters : [interpreter-110, interpreter-111]

1683642304017|##############################
match 
 Template >>>> 
 titre : title-667
 Album : album-title-97
 Composers : [composer-110, composer-109]
 Interpreters : [interpreter-110, interpreter-111]

1683642304082|@@@@@@@@@@@@@@@@@@@@@@@@@@@@@
resultat du match 
 Template >>>> 
 titre : title-667
 Album : album-title-97
 Composers : [composer-110, composer-109]
 Interpreters : [interpreter-110, interpreter-111] : []

1683642304082|##############################
match 
 Template >>>> 
 titre : null
 Album : null
 Composers : []
 Interpreters : [interpreter-112]

1683642304110|@@@@@@@@@@@@@@@@@@@@@@@@@@@@@
resultat du match 
 Template >>>> 
 titre : null
 Album : null
 Composers : []
 Interpreters : [interpreter-112] : [
Descriptor >>>> 
 Template >>>> 
 titre : title-679
 Album : album-title-99
 Composers : [composer-111, composer-112]
 Interpreters : [interpreter-113, interpreter-112]
 Node Address : 480ec4d5-8fc8-447f-8c03-a13caf33ceac, 
Descriptor >>>> 
 Template >>>> 
 titre : title-672
 Album : album-title-98
 Composers : [composer-111, composer-112]
 Interpreters : [interpreter-113, interpreter-112]
 Node Address : 8e9f511c-b642-4add-b08b-66e7bcc2f5bf, 
Descriptor >>>> 
 Template >>>> 
 titre : title-675
 Album : album-title-99
 Composers : [composer-111, composer-112]
 Interpreters : [interpreter-113, interpreter-112]
 Node Address : 480ec4d5-8fc8-447f-8c03-a13caf33ceac, 
Descriptor >>>> 
 Template >>>> 
 titre : title-671
 Album : album-title-98
 Composers : [composer-111, composer-112]
 Interpreters : [interpreter-113, interpreter-112]
 Node Address : 8e9f511c-b642-4add-b08b-66e7bcc2f5bf, 
Descriptor >>>> 
 Template >>>> 
 titre : title-677
 Album : album-title-99
 Composers : [composer-111, composer-112]
 Interpreters : [interpreter-113, interpreter-112]
 Node Address : 480ec4d5-8fc8-447f-8c03-a13caf33ceac, 
Descriptor >>>> 
 Template >>>> 
 titre : title-673
 Album : album-title-98
 Composers : [composer-111, composer-112]
 Interpreters : [interpreter-113, interpreter-112]
 Node Address : 8e9f511c-b642-4add-b08b-66e7bcc2f5bf, 
Descriptor >>>> 
 Template >>>> 
 titre : title-674
 Album : album-title-98
 Composers : [composer-111, composer-112]
 Interpreters : [interpreter-113, interpreter-112]
 Node Address : 8e9f511c-b642-4add-b08b-66e7bcc2f5bf, 
Descriptor >>>> 
 Template >>>> 
 titre : title-670
 Album : album-title-98
 Composers : [composer-111, composer-112]
 Interpreters : [interpreter-113, interpreter-112]
 Node Address : 8e9f511c-b642-4add-b08b-66e7bcc2f5bf, 
Descriptor >>>> 
 Template >>>> 
 titre : title-669
 Album : album-title-98
 Composers : [composer-111, composer-112]
 Interpreters : [interpreter-113, interpreter-112]
 Node Address : 8e9f511c-b642-4add-b08b-66e7bcc2f5bf, 
Descriptor >>>> 
 Template >>>> 
 titre : title-676
 Album : album-title-99
 Composers : [composer-111, composer-112]
 Interpreters : [interpreter-113, interpreter-112]
 Node Address : 480ec4d5-8fc8-447f-8c03-a13caf33ceac, 
Descriptor >>>> 
 Template >>>> 
 titre : title-678
 Album : album-title-99
 Composers : [composer-111, composer-112]
 Interpreters : [interpreter-113, interpreter-112]
 Node Address : 480ec4d5-8fc8-447f-8c03-a13caf33ceac]

1683642304111|##############################
find 
 Template >>>> 
 titre : title-680
 Album : null
 Composers : []
 Interpreters : [interpreter-114, interpreter-115]

1683642304111|##############################
find 
 Template >>>> 
 titre : title-697
 Album : null
 Composers : []
 Interpreters : [interpreter-116, interpreter-117]

1683642304988|##############################
find 
 Template >>>> 
 titre : title-614
 Album : null
 Composers : []
 Interpreters : []

1683642304989|##############################
match 
 Template >>>> 
 titre : title-618
 Album : album-title-91
 Composers : []
 Interpreters : [interpreter-105, interpreter-104]

1683642305023|@@@@@@@@@@@@@@@@@@@@@@@@@@@@@
resultat du match 
 Template >>>> 
 titre : title-618
 Album : album-title-91
 Composers : []
 Interpreters : [interpreter-105, interpreter-104] : [
Descriptor >>>> 
 Template >>>> 
 titre : title-618
 Album : album-title-91
 Composers : [composer-106]
 Interpreters : [interpreter-105, interpreter-104]
 Node Address : e9fb26fd-56b3-43e8-93be-b396c714131e]

1683642305023|##############################
find 
 Template >>>> 
 titre : title-635
 Album : null
 Composers : [composer-107]
 Interpreters : []

1683642305075|##############################
find 
 Template >>>> 
 titre : title-632
 Album : null
 Composers : [composer-107]
 Interpreters : [interpreter-107, interpreter-106]

1683642305075|##############################
match 
 Template >>>> 
 titre : title-645
 Album : null
 Composers : []
 Interpreters : []

1683642305140|@@@@@@@@@@@@@@@@@@@@@@@@@@@@@
resultat du match 
 Template >>>> 
 titre : title-645
 Album : null
 Composers : []
 Interpreters : [] : [
Descriptor >>>> 
 Template >>>> 
 titre : title-645
 Album : album-title-94
 Composers : [composer-108]
 Interpreters : [interpreter-109, interpreter-108]
 Node Address : 4a604ea0-a7f5-4b5e-959a-2fda02e8d94d]

1683642305140|##############################
find 
 Template >>>> 
 titre : null
 Album : null
 Composers : [composer-108]
 Interpreters : []

1683642305141|##############################
match 
 Template >>>> 
 titre : title-639
 Album : null
 Composers : []
 Interpreters : []

1683642305165|@@@@@@@@@@@@@@@@@@@@@@@@@@@@@
resultat du match 
 Template >>>> 
 titre : title-639
 Album : null
 Composers : []
 Interpreters : [] : []

1683642305165|##############################
match 
 Template >>>> 
 titre : title-641
 Album : null
 Composers : [composer-108]
 Interpreters : []

1683642305231|@@@@@@@@@@@@@@@@@@@@@@@@@@@@@
resultat du match 
 Template >>>> 
 titre : title-641
 Album : null
 Composers : [composer-108]
 Interpreters : [] : [
Descriptor >>>> 
 Template >>>> 
 titre : title-641
 Album : album-title-94
 Composers : [composer-108]
 Interpreters : [interpreter-109, interpreter-108]
 Node Address : 4a604ea0-a7f5-4b5e-959a-2fda02e8d94d]

1683642305231|##############################
find 
 Template >>>> 
 titre : null
 Album : null
 Composers : [composer-109]
 Interpreters : []

1683642305236|##############################
find 
 Template >>>> 
 titre : null
 Album : null
 Composers : [composer-110]
 Interpreters : []

1683642305236|##############################
find 
 Template >>>> 
 titre : title-668
 Album : album-title-97
 Composers : [composer-110, composer-109]
 Interpreters : [interpreter-110, interpreter-111]

1683642305237|##############################
find 
 Template >>>> 
 titre : title-665
 Album : album-title-97
 Composers : []
 Interpreters : []

1683642305237|##############################
match 
 Template >>>> 
 titre : null
 Album : null
 Composers : [composer-112]
 Interpreters : []

1683642305241|@@@@@@@@@@@@@@@@@@@@@@@@@@@@@
resultat du match 
 Template >>>> 
 titre : null
 Album : null
 Composers : [composer-112]
 Interpreters : [] : [
Descriptor >>>> 
 Template >>>> 
 titre : title-679
 Album : album-title-99
 Composers : [composer-111, composer-112]
 Interpreters : [interpreter-113, interpreter-112]
 Node Address : 480ec4d5-8fc8-447f-8c03-a13caf33ceac, 
Descriptor >>>> 
 Template >>>> 
 titre : title-672
 Album : album-title-98
 Composers : [composer-111, composer-112]
 Interpreters : [interpreter-113, interpreter-112]
 Node Address : 8e9f511c-b642-4add-b08b-66e7bcc2f5bf, 
Descriptor >>>> 
 Template >>>> 
 titre : title-675
 Album : album-title-99
 Composers : [composer-111, composer-112]
 Interpreters : [interpreter-113, interpreter-112]
 Node Address : 480ec4d5-8fc8-447f-8c03-a13caf33ceac, 
Descriptor >>>> 
 Template >>>> 
 titre : title-671
 Album : album-title-98
 Composers : [composer-111, composer-112]
 Interpreters : [interpreter-113, interpreter-112]
 Node Address : 8e9f511c-b642-4add-b08b-66e7bcc2f5bf, 
Descriptor >>>> 
 Template >>>> 
 titre : title-677
 Album : album-title-99
 Composers : [composer-111, composer-112]
 Interpreters : [interpreter-113, interpreter-112]
 Node Address : 480ec4d5-8fc8-447f-8c03-a13caf33ceac, 
Descriptor >>>> 
 Template >>>> 
 titre : title-673
 Album : album-title-98
 Composers : [composer-111, composer-112]
 Interpreters : [interpreter-113, interpreter-112]
 Node Address : 8e9f511c-b642-4add-b08b-66e7bcc2f5bf, 
Descriptor >>>> 
 Template >>>> 
 titre : title-674
 Album : album-title-98
 Composers : [composer-111, composer-112]
 Interpreters : [interpreter-113, interpreter-112]
 Node Address : 8e9f511c-b642-4add-b08b-66e7bcc2f5bf, 
Descriptor >>>> 
 Template >>>> 
 titre : title-670
 Album : album-title-98
 Composers : [composer-111, composer-112]
 Interpreters : [interpreter-113, interpreter-112]
 Node Address : 8e9f511c-b642-4add-b08b-66e7bcc2f5bf, 
Descriptor >>>> 
 Template >>>> 
 titre : title-669
 Album : album-title-98
 Composers : [composer-111, composer-112]
 Interpreters : [interpreter-113, interpreter-112]
 Node Address : 8e9f511c-b642-4add-b08b-66e7bcc2f5bf, 
Descriptor >>>> 
 Template >>>> 
 titre : title-676
 Album : album-title-99
 Composers : [composer-111, composer-112]
 Interpreters : [interpreter-113, interpreter-112]
 Node Address : 480ec4d5-8fc8-447f-8c03-a13caf33ceac, 
Descriptor >>>> 
 Template >>>> 
 titre : title-678
 Album : album-title-99
 Composers : [composer-111, composer-112]
 Interpreters : [interpreter-113, interpreter-112]
 Node Address : 480ec4d5-8fc8-447f-8c03-a13caf33ceac]

1683642305241|##############################
find 
 Template >>>> 
 titre : title-676
 Album : album-title-99
 Composers : []
 Interpreters : [interpreter-113, interpreter-112]

1683642305241|##############################
match 
 Template >>>> 
 titre : title-688
 Album : album-title-101
 Composers : []
 Interpreters : []

1683642305259|@@@@@@@@@@@@@@@@@@@@@@@@@@@@@
resultat du match 
 Template >>>> 
 titre : title-688
 Album : album-title-101
 Composers : []
 Interpreters : [] : [
Descriptor >>>> 
 Template >>>> 
 titre : title-688
 Album : album-title-101
 Composers : [composer-113]
 Interpreters : [interpreter-114, interpreter-115]
 Node Address : 5b4388ef-aeaf-40a2-b652-113486993d2e]

1683642305259|##############################
find 
 Template >>>> 
 titre : null
 Album : null
 Composers : []
 Interpreters : [interpreter-116]

