1682967143581|##############################
find 
 Template >>>> 
 titre : title-279
 Album : null
 Composers : []
 Interpreters : [interpreter-62]

1682967145283|@@@@@@@@@@@@@@@@@@@@@@@@@@@@
resultat du find 
 Template >>>> 
 titre : title-279
 Album : null
 Composers : []
 Interpreters : [interpreter-62] : null

1682967145283|##############################
find 
 Template >>>> 
 titre : null
 Album : null
 Composers : []
 Interpreters : [interpreter-62]

1682967146115|@@@@@@@@@@@@@@@@@@@@@@@@@@@@
resultat du find 
 Template >>>> 
 titre : null
 Album : null
 Composers : []
 Interpreters : [interpreter-62] : null

1682967146115|##############################
find 
 Template >>>> 
 titre : title-286
 Album : null
 Composers : [composer-62, composer-63]
 Interpreters : []

1682967146152|@@@@@@@@@@@@@@@@@@@@@@@@@@@@
resultat du find 
 Template >>>> 
 titre : title-286
 Album : null
 Composers : [composer-62, composer-63]
 Interpreters : [] : null

1682967146152|##############################
find 
 Template >>>> 
 titre : title-292
 Album : null
 Composers : [composer-64]
 Interpreters : [interpreter-65]

1682967146191|@@@@@@@@@@@@@@@@@@@@@@@@@@@@
resultat du find 
 Template >>>> 
 titre : title-292
 Album : null
 Composers : [composer-64]
 Interpreters : [interpreter-65] : null

1682967146191|##############################
find 
 Template >>>> 
 titre : title-299
 Album : album-title-44
 Composers : [composer-65]
 Interpreters : [interpreter-67, interpreter-66]

1682967146229|@@@@@@@@@@@@@@@@@@@@@@@@@@@@
resultat du find 
 Template >>>> 
 titre : title-299
 Album : album-title-44
 Composers : [composer-65]
 Interpreters : [interpreter-67, interpreter-66] : null

1682967146229|##############################
find 
 Template >>>> 
 titre : title-308
 Album : album-title-45
 Composers : [composer-66]
 Interpreters : [interpreter-68]

1682967146282|@@@@@@@@@@@@@@@@@@@@@@@@@@@@
resultat du find 
 Template >>>> 
 titre : title-308
 Album : album-title-45
 Composers : [composer-66]
 Interpreters : [interpreter-68] : null

1682967146282|##############################
match 
 Template >>>> 
 titre : null
 Album : null
 Composers : [composer-70]
 Interpreters : []

1682967146341|@@@@@@@@@@@@@@@@@@@@@@@@@@@@@
resultat du match 
 Template >>>> 
 titre : null
 Album : null
 Composers : [composer-70]
 Interpreters : [] : []

1682967146341|##############################
find 
 Template >>>> 
 titre : title-339
 Album : album-title-50
 Composers : [composer-74, composer-75]
 Interpreters : [interpreter-75]

1682967146357|@@@@@@@@@@@@@@@@@@@@@@@@@@@@
resultat du find 
 Template >>>> 
 titre : title-339
 Album : album-title-50
 Composers : [composer-74, composer-75]
 Interpreters : [interpreter-75] : null

1682967146357|##############################
find 
 Template >>>> 
 titre : title-348
 Album : null
 Composers : [composer-74, composer-75]
 Interpreters : [interpreter-75]

1682967146433|@@@@@@@@@@@@@@@@@@@@@@@@@@@@
resultat du find 
 Template >>>> 
 titre : title-348
 Album : null
 Composers : [composer-74, composer-75]
 Interpreters : [interpreter-75] : null

1682967146433|##############################
find 
 Template >>>> 
 titre : title-357
 Album : null
 Composers : [composer-76, composer-77]
 Interpreters : []

1682967146516|@@@@@@@@@@@@@@@@@@@@@@@@@@@@
resultat du find 
 Template >>>> 
 titre : title-357
 Album : null
 Composers : [composer-76, composer-77]
 Interpreters : [] : null

1682967146516|##############################
find 
 Template >>>> 
 titre : title-287
 Album : null
 Composers : [composer-62, composer-63]
 Interpreters : [interpreter-63, interpreter-64]

1682967146581|@@@@@@@@@@@@@@@@@@@@@@@@@@@@
resultat du find 
 Template >>>> 
 titre : title-287
 Album : null
 Composers : [composer-62, composer-63]
 Interpreters : [interpreter-63, interpreter-64] : null

1682967146581|##############################
find 
 Template >>>> 
 titre : title-283
 Album : album-title-42
 Composers : []
 Interpreters : []

1682967146716|@@@@@@@@@@@@@@@@@@@@@@@@@@@@
resultat du find 
 Template >>>> 
 titre : title-283
 Album : album-title-42
 Composers : []
 Interpreters : [] : null

1682967146716|##############################
find 
 Template >>>> 
 titre : title-290
 Album : album-title-43
 Composers : [composer-64]
 Interpreters : [interpreter-65]

1682967146755|@@@@@@@@@@@@@@@@@@@@@@@@@@@@
resultat du find 
 Template >>>> 
 titre : title-290
 Album : album-title-43
 Composers : [composer-64]
 Interpreters : [interpreter-65] : null

1682967146755|##############################
find 
 Template >>>> 
 titre : title-294
 Album : album-title-43
 Composers : []
 Interpreters : [interpreter-65]

1682967146784|@@@@@@@@@@@@@@@@@@@@@@@@@@@@
resultat du find 
 Template >>>> 
 titre : title-294
 Album : album-title-43
 Composers : []
 Interpreters : [interpreter-65] : null

1682967146784|##############################
find 
 Template >>>> 
 titre : title-303
 Album : album-title-44
 Composers : [composer-65]
 Interpreters : [interpreter-67, interpreter-66]

1682967146805|@@@@@@@@@@@@@@@@@@@@@@@@@@@@
resultat du find 
 Template >>>> 
 titre : title-303
 Album : album-title-44
 Composers : [composer-65]
 Interpreters : [interpreter-67, interpreter-66] : null

1682967146805|##############################
find 
 Template >>>> 
 titre : title-312
 Album : null
 Composers : []
 Interpreters : []

1682967146884|@@@@@@@@@@@@@@@@@@@@@@@@@@@@
resultat du find 
 Template >>>> 
 titre : title-312
 Album : null
 Composers : []
 Interpreters : [] : null

1682967146884|##############################
match 
 Template >>>> 
 titre : null
 Album : null
 Composers : [composer-67]
 Interpreters : []

1682967146936|@@@@@@@@@@@@@@@@@@@@@@@@@@@@@
resultat du match 
 Template >>>> 
 titre : null
 Album : null
 Composers : [composer-67]
 Interpreters : [] : []

1682967146936|##############################
match 
 Template >>>> 
 titre : title-314
 Album : album-title-46
 Composers : [composer-67, composer-68]
 Interpreters : [interpreter-69]

1682967147106|@@@@@@@@@@@@@@@@@@@@@@@@@@@@@
resultat du match 
 Template >>>> 
 titre : title-314
 Album : album-title-46
 Composers : [composer-67, composer-68]
 Interpreters : [interpreter-69] : []

1682967147106|##############################
find 
 Template >>>> 
 titre : title-323
 Album : null
 Composers : []
 Interpreters : []

1682967147125|@@@@@@@@@@@@@@@@@@@@@@@@@@@@
resultat du find 
 Template >>>> 
 titre : title-323
 Album : null
 Composers : []
 Interpreters : [] : null

1682967147125|##############################
match 
 Template >>>> 
 titre : title-342
 Album : null
 Composers : [composer-74, composer-75]
 Interpreters : []

1682967147359|@@@@@@@@@@@@@@@@@@@@@@@@@@@@@
resultat du match 
 Template >>>> 
 titre : title-342
 Album : null
 Composers : [composer-74, composer-75]
 Interpreters : [] : []

1682967147359|##############################
find 
 Template >>>> 
 titre : title-351
 Album : album-title-52
 Composers : [composer-76, composer-77]
 Interpreters : []

1682967147480|@@@@@@@@@@@@@@@@@@@@@@@@@@@@
resultat du find 
 Template >>>> 
 titre : title-351
 Album : album-title-52
 Composers : [composer-76, composer-77]
 Interpreters : [] : null

1682967147480|##############################
find 
 Template >>>> 
 titre : title-285
 Album : null
 Composers : [composer-62, composer-63]
 Interpreters : []

1682967151159|@@@@@@@@@@@@@@@@@@@@@@@@@@@@
resultat du find 
 Template >>>> 
 titre : title-285
 Album : null
 Composers : [composer-62, composer-63]
 Interpreters : [] : null

1682967151159|##############################
find 
 Template >>>> 
 titre : null
 Album : null
 Composers : []
 Interpreters : [interpreter-65]

1682967151775|@@@@@@@@@@@@@@@@@@@@@@@@@@@@
resultat du find 
 Template >>>> 
 titre : null
 Album : null
 Composers : []
 Interpreters : [interpreter-65] : null

1682967151775|##############################
find 
 Template >>>> 
 titre : null
 Album : null
 Composers : [composer-64]
 Interpreters : []

1682967151790|@@@@@@@@@@@@@@@@@@@@@@@@@@@@
resultat du find 
 Template >>>> 
 titre : null
 Album : null
 Composers : [composer-64]
 Interpreters : [] : null

1682967151790|##############################
find 
 Template >>>> 
 titre : title-310
 Album : null
 Composers : []
 Interpreters : [interpreter-68]

1682967151881|@@@@@@@@@@@@@@@@@@@@@@@@@@@@
resultat du find 
 Template >>>> 
 titre : title-310
 Album : null
 Composers : []
 Interpreters : [interpreter-68] : null

1682967151881|##############################
find 
 Template >>>> 
 titre : title-316
 Album : null
 Composers : [composer-67, composer-68]
 Interpreters : [interpreter-69]

1682967151884|@@@@@@@@@@@@@@@@@@@@@@@@@@@@
resultat du find 
 Template >>>> 
 titre : title-316
 Album : null
 Composers : [composer-67, composer-68]
 Interpreters : [interpreter-69] : null

1682967151884|##############################
find 
 Template >>>> 
 titre : title-322
 Album : album-title-47
 Composers : [composer-70, composer-69]
 Interpreters : []

1682967152067|@@@@@@@@@@@@@@@@@@@@@@@@@@@@
resultat du find 
 Template >>>> 
 titre : title-322
 Album : album-title-47
 Composers : [composer-70, composer-69]
 Interpreters : [] : null

1682967152067|##############################
find 
 Template >>>> 
 titre : null
 Album : null
 Composers : []
 Interpreters : [interpreter-74]

1682967152274|@@@@@@@@@@@@@@@@@@@@@@@@@@@@
resultat du find 
 Template >>>> 
 titre : null
 Album : null
 Composers : []
 Interpreters : [interpreter-74] : null

1682967152274|##############################
find 
 Template >>>> 
 titre : title-340
 Album : album-title-50
 Composers : []
 Interpreters : []

1682967152438|@@@@@@@@@@@@@@@@@@@@@@@@@@@@
resultat du find 
 Template >>>> 
 titre : title-340
 Album : album-title-50
 Composers : []
 Interpreters : [] : null

1682967152438|##############################
find 
 Template >>>> 
 titre : title-349
 Album : null
 Composers : []
 Interpreters : [interpreter-75]

1682967152697|@@@@@@@@@@@@@@@@@@@@@@@@@@@@
resultat du find 
 Template >>>> 
 titre : title-349
 Album : null
 Composers : []
 Interpreters : [interpreter-75] : null

1682967152697|##############################
find 
 Template >>>> 
 titre : title-354
 Album : album-title-52
 Composers : []
 Interpreters : [interpreter-76, interpreter-77]

1682967152864|@@@@@@@@@@@@@@@@@@@@@@@@@@@@
resultat du find 
 Template >>>> 
 titre : title-354
 Album : album-title-52
 Composers : []
 Interpreters : [interpreter-76, interpreter-77] : null

1682967152864|##############################
match 
 Template >>>> 
 titre : null
 Album : null
 Composers : []
 Interpreters : [interpreter-64]

1682967152878|@@@@@@@@@@@@@@@@@@@@@@@@@@@@@
resultat du match 
 Template >>>> 
 titre : null
 Album : null
 Composers : []
 Interpreters : [interpreter-64] : []

1682967152878|##############################
find 
 Template >>>> 
 titre : null
 Album : album-title-42
 Composers : []
 Interpreters : []

1682967153009|@@@@@@@@@@@@@@@@@@@@@@@@@@@@
resultat du find 
 Template >>>> 
 titre : null
 Album : album-title-42
 Composers : []
 Interpreters : [] : null

1682967153009|##############################
find 
 Template >>>> 
 titre : title-281
 Album : album-title-42
 Composers : [composer-62, composer-63]
 Interpreters : []

1682967153040|@@@@@@@@@@@@@@@@@@@@@@@@@@@@
resultat du find 
 Template >>>> 
 titre : title-281
 Album : album-title-42
 Composers : [composer-62, composer-63]
 Interpreters : [] : null

1682967153040|##############################
find 
 Template >>>> 
 titre : title-282
 Album : null
 Composers : [composer-62, composer-63]
 Interpreters : [interpreter-63, interpreter-64]

1682967153163|@@@@@@@@@@@@@@@@@@@@@@@@@@@@
resultat du find 
 Template >>>> 
 titre : title-282
 Album : null
 Composers : [composer-62, composer-63]
 Interpreters : [interpreter-63, interpreter-64] : null

1682967153163|##############################
find 
 Template >>>> 
 titre : null
 Album : null
 Composers : [composer-62]
 Interpreters : []

1682967153418|@@@@@@@@@@@@@@@@@@@@@@@@@@@@
resultat du find 
 Template >>>> 
 titre : null
 Album : null
 Composers : [composer-62]
 Interpreters : [] : null

1682967153418|##############################
find 
 Template >>>> 
 titre : null
 Album : album-title-43
 Composers : []
 Interpreters : []

1682967153459|@@@@@@@@@@@@@@@@@@@@@@@@@@@@
resultat du find 
 Template >>>> 
 titre : null
 Album : album-title-43
 Composers : []
 Interpreters : [] : null

1682967153459|##############################
find 
 Template >>>> 
 titre : title-296
 Album : null
 Composers : [composer-64]
 Interpreters : [interpreter-65]

1682967153628|@@@@@@@@@@@@@@@@@@@@@@@@@@@@
resultat du find 
 Template >>>> 
 titre : title-296
 Album : null
 Composers : [composer-64]
 Interpreters : [interpreter-65] : null

1682967153628|##############################
match 
 Template >>>> 
 titre : title-300
 Album : album-title-44
 Composers : [composer-65]
 Interpreters : []

1682967153723|@@@@@@@@@@@@@@@@@@@@@@@@@@@@@
resultat du match 
 Template >>>> 
 titre : title-300
 Album : album-title-44
 Composers : [composer-65]
 Interpreters : [] : []

1682967153723|##############################
match 
 Template >>>> 
 titre : null
 Album : null
 Composers : [composer-65]
 Interpreters : []

1682967153736|@@@@@@@@@@@@@@@@@@@@@@@@@@@@@
resultat du match 
 Template >>>> 
 titre : null
 Album : null
 Composers : [composer-65]
 Interpreters : [] : []

1682967153736|##############################
find 
 Template >>>> 
 titre : title-304
 Album : album-title-44
 Composers : [composer-65]
 Interpreters : [interpreter-67, interpreter-66]

1682967153768|@@@@@@@@@@@@@@@@@@@@@@@@@@@@
resultat du find 
 Template >>>> 
 titre : title-304
 Album : album-title-44
 Composers : [composer-65]
 Interpreters : [interpreter-67, interpreter-66] : null

1682967153768|##############################
find 
 Template >>>> 
 titre : title-306
 Album : null
 Composers : []
 Interpreters : []

1682967153972|@@@@@@@@@@@@@@@@@@@@@@@@@@@@
resultat du find 
 Template >>>> 
 titre : title-306
 Album : null
 Composers : []
 Interpreters : [] : null

1682967153972|##############################
find 
 Template >>>> 
 titre : title-315
 Album : album-title-46
 Composers : []
 Interpreters : []

1682967153992|@@@@@@@@@@@@@@@@@@@@@@@@@@@@
resultat du find 
 Template >>>> 
 titre : title-315
 Album : album-title-46
 Composers : []
 Interpreters : [] : null

1682967153992|##############################
find 
 Template >>>> 
 titre : title-324
 Album : album-title-47
 Composers : [composer-70, composer-69]
 Interpreters : [interpreter-70, interpreter-71]

1682967154150|@@@@@@@@@@@@@@@@@@@@@@@@@@@@
resultat du find 
 Template >>>> 
 titre : title-324
 Album : album-title-47
 Composers : [composer-70, composer-69]
 Interpreters : [interpreter-70, interpreter-71] : null

1682967154150|##############################
find 
 Template >>>> 
 titre : title-320
 Album : album-title-47
 Composers : []
 Interpreters : []

1682967154306|@@@@@@@@@@@@@@@@@@@@@@@@@@@@
resultat du find 
 Template >>>> 
 titre : title-320
 Album : album-title-47
 Composers : []
 Interpreters : [] : null

1682967154306|##############################
match 
 Template >>>> 
 titre : null
 Album : null
 Composers : []
 Interpreters : [interpreter-73]

1682967154409|@@@@@@@@@@@@@@@@@@@@@@@@@@@@@
resultat du match 
 Template >>>> 
 titre : null
 Album : null
 Composers : []
 Interpreters : [interpreter-73] : []

1682967154409|##############################
match 
 Template >>>> 
 titre : null
 Album : album-title-50
 Composers : []
 Interpreters : []

1682967154443|@@@@@@@@@@@@@@@@@@@@@@@@@@@@@
resultat du match 
 Template >>>> 
 titre : null
 Album : album-title-50
 Composers : []
 Interpreters : [] : []

1682967154443|##############################
find 
 Template >>>> 
 titre : title-276
 Album : album-title-41
 Composers : [composer-61]
 Interpreters : [interpreter-62]

1682967154669|@@@@@@@@@@@@@@@@@@@@@@@@@@@@
resultat du find 
 Template >>>> 
 titre : title-276
 Album : album-title-41
 Composers : [composer-61]
 Interpreters : [interpreter-62] : 
Descriptor >>>> 
 Template >>>> 
 titre : title-276
 Album : album-title-41
 Composers : [composer-61]
 Interpreters : [interpreter-62]
 Node Address : 26f9daf3-6faf-4c3e-9f96-dea34a00eaad

1682967154669|##############################
find 
 Template >>>> 
 titre : title-298
 Album : album-title-44
 Composers : []
 Interpreters : []

1682967154719|@@@@@@@@@@@@@@@@@@@@@@@@@@@@
resultat du find 
 Template >>>> 
 titre : title-298
 Album : album-title-44
 Composers : []
 Interpreters : [] : null

1682967154719|##############################
find 
 Template >>>> 
 titre : title-302
 Album : album-title-44
 Composers : [composer-65]
 Interpreters : [interpreter-67, interpreter-66]

1682967154783|@@@@@@@@@@@@@@@@@@@@@@@@@@@@
resultat du find 
 Template >>>> 
 titre : title-302
 Album : album-title-44
 Composers : [composer-65]
 Interpreters : [interpreter-67, interpreter-66] : null

1682967154783|##############################
find 
 Template >>>> 
 titre : null
 Album : null
 Composers : []
 Interpreters : [interpreter-68]

1682967154962|@@@@@@@@@@@@@@@@@@@@@@@@@@@@
resultat du find 
 Template >>>> 
 titre : null
 Album : null
 Composers : []
 Interpreters : [interpreter-68] : null

1682967154962|##############################
find 
 Template >>>> 
 titre : null
 Album : null
 Composers : [composer-66]
 Interpreters : []

1682967154968|@@@@@@@@@@@@@@@@@@@@@@@@@@@@
resultat du find 
 Template >>>> 
 titre : null
 Album : null
 Composers : [composer-66]
 Interpreters : [] : null

1682967154968|##############################
find 
 Template >>>> 
 titre : title-307
 Album : album-title-45
 Composers : [composer-66]
 Interpreters : []

1682967154991|@@@@@@@@@@@@@@@@@@@@@@@@@@@@
resultat du find 
 Template >>>> 
 titre : title-307
 Album : album-title-45
 Composers : [composer-66]
 Interpreters : [] : null

1682967154991|##############################
find 
 Template >>>> 
 titre : null
 Album : album-title-45
 Composers : []
 Interpreters : []

1682967155075|@@@@@@@@@@@@@@@@@@@@@@@@@@@@
resultat du find 
 Template >>>> 
 titre : null
 Album : album-title-45
 Composers : []
 Interpreters : [] : null

1682967155075|##############################
find 
 Template >>>> 
 titre : title-311
 Album : album-title-45
 Composers : []
 Interpreters : [interpreter-68]

1682967155187|@@@@@@@@@@@@@@@@@@@@@@@@@@@@
resultat du find 
 Template >>>> 
 titre : title-311
 Album : album-title-45
 Composers : []
 Interpreters : [interpreter-68] : null

1682967155187|##############################
match 
 Template >>>> 
 titre : null
 Album : null
 Composers : []
 Interpreters : [interpreter-69]

1682967155220|@@@@@@@@@@@@@@@@@@@@@@@@@@@@@
resultat du match 
 Template >>>> 
 titre : null
 Album : null
 Composers : []
 Interpreters : [interpreter-69] : []

1682967155220|##############################
find 
 Template >>>> 
 titre : title-313
 Album : album-title-46
 Composers : [composer-67, composer-68]
 Interpreters : []

1682967155231|@@@@@@@@@@@@@@@@@@@@@@@@@@@@
resultat du find 
 Template >>>> 
 titre : title-313
 Album : album-title-46
 Composers : [composer-67, composer-68]
 Interpreters : [] : null

1682967155231|##############################
find 
 Template >>>> 
 titre : title-319
 Album : null
 Composers : [composer-67, composer-68]
 Interpreters : []

1682967155286|@@@@@@@@@@@@@@@@@@@@@@@@@@@@
resultat du find 
 Template >>>> 
 titre : title-319
 Album : null
 Composers : [composer-67, composer-68]
 Interpreters : [] : null

1682967155286|##############################
find 
 Template >>>> 
 titre : null
 Album : album-title-47
 Composers : []
 Interpreters : []

1682967155347|@@@@@@@@@@@@@@@@@@@@@@@@@@@@
resultat du find 
 Template >>>> 
 titre : null
 Album : album-title-47
 Composers : []
 Interpreters : [] : null

1682967155347|##############################
find 
 Template >>>> 
 titre : title-326
 Album : album-title-47
 Composers : []
 Interpreters : []

1682967155410|@@@@@@@@@@@@@@@@@@@@@@@@@@@@
resultat du find 
 Template >>>> 
 titre : title-326
 Album : album-title-47
 Composers : []
 Interpreters : [] : null

1682967155410|##############################
match 
 Template >>>> 
 titre : null
 Album : null
 Composers : [composer-72]
 Interpreters : []

1682967155517|@@@@@@@@@@@@@@@@@@@@@@@@@@@@@
resultat du match 
 Template >>>> 
 titre : null
 Album : null
 Composers : [composer-72]
 Interpreters : [] : []

1682967155517|##############################
find 
 Template >>>> 
 titre : null
 Album : null
 Composers : []
 Interpreters : [interpreter-72]

1682967155526|@@@@@@@@@@@@@@@@@@@@@@@@@@@@
resultat du find 
 Template >>>> 
 titre : null
 Album : null
 Composers : []
 Interpreters : [interpreter-72] : null

1682967155526|##############################
find 
 Template >>>> 
 titre : title-337
 Album : album-title-49
 Composers : [composer-73]
 Interpreters : [interpreter-74]

1682967155583|@@@@@@@@@@@@@@@@@@@@@@@@@@@@
resultat du find 
 Template >>>> 
 titre : title-337
 Album : album-title-49
 Composers : [composer-73]
 Interpreters : [interpreter-74] : null

1682967155583|##############################
find 
 Template >>>> 
 titre : title-344
 Album : album-title-50
 Composers : [composer-74, composer-75]
 Interpreters : [interpreter-75]

1682967155634|@@@@@@@@@@@@@@@@@@@@@@@@@@@@
resultat du find 
 Template >>>> 
 titre : title-344
 Album : album-title-50
 Composers : [composer-74, composer-75]
 Interpreters : [interpreter-75] : null

1682967155634|##############################
match 
 Template >>>> 
 titre : null
 Album : null
 Composers : [composer-74]
 Interpreters : []

1682967155665|@@@@@@@@@@@@@@@@@@@@@@@@@@@@@
resultat du match 
 Template >>>> 
 titre : null
 Album : null
 Composers : [composer-74]
 Interpreters : [] : []

1682967155665|##############################
find 
 Template >>>> 
 titre : title-352
 Album : album-title-52
 Composers : []
 Interpreters : [interpreter-76, interpreter-77]

1682967155733|@@@@@@@@@@@@@@@@@@@@@@@@@@@@
resultat du find 
 Template >>>> 
 titre : title-352
 Album : album-title-52
 Composers : []
 Interpreters : [interpreter-76, interpreter-77] : null

1682967155733|##############################
match 
 Template >>>> 
 titre : title-360
 Album : album-title-53
 Composers : [composer-76, composer-77]
 Interpreters : []

1682967155826|@@@@@@@@@@@@@@@@@@@@@@@@@@@@@
resultat du match 
 Template >>>> 
 titre : title-360
 Album : album-title-53
 Composers : [composer-76, composer-77]
 Interpreters : [] : []

1682967155826|##############################
match 
 Template >>>> 
 titre : title-284
 Album : album-title-42
 Composers : []
 Interpreters : [interpreter-63, interpreter-64]

1682967155860|@@@@@@@@@@@@@@@@@@@@@@@@@@@@@
resultat du match 
 Template >>>> 
 titre : title-284
 Album : album-title-42
 Composers : []
 Interpreters : [interpreter-63, interpreter-64] : []

1682967155861|##############################
find 
 Template >>>> 
 titre : title-295
 Album : album-title-43
 Composers : [composer-64]
 Interpreters : [interpreter-65]

1682967155878|@@@@@@@@@@@@@@@@@@@@@@@@@@@@
resultat du find 
 Template >>>> 
 titre : title-295
 Album : album-title-43
 Composers : [composer-64]
 Interpreters : [interpreter-65] : null

1682967155878|##############################
find 
 Template >>>> 
 titre : title-293
 Album : null
 Composers : [composer-64]
 Interpreters : [interpreter-65]

1682967155888|@@@@@@@@@@@@@@@@@@@@@@@@@@@@
resultat du find 
 Template >>>> 
 titre : title-293
 Album : null
 Composers : [composer-64]
 Interpreters : [interpreter-65] : null

1682967155888|##############################
find 
 Template >>>> 
 titre : title-297
 Album : album-title-44
 Composers : []
 Interpreters : []

1682967155906|@@@@@@@@@@@@@@@@@@@@@@@@@@@@
resultat du find 
 Template >>>> 
 titre : title-297
 Album : album-title-44
 Composers : []
 Interpreters : [] : null

1682967155906|##############################
find 
 Template >>>> 
 titre : title-309
 Album : null
 Composers : [composer-66]
 Interpreters : [interpreter-68]

1682967155916|@@@@@@@@@@@@@@@@@@@@@@@@@@@@
resultat du find 
 Template >>>> 
 titre : title-309
 Album : null
 Composers : [composer-66]
 Interpreters : [interpreter-68] : null

1682967155916|##############################
find 
 Template >>>> 
 titre : null
 Album : album-title-46
 Composers : []
 Interpreters : []

1682967155972|@@@@@@@@@@@@@@@@@@@@@@@@@@@@
resultat du find 
 Template >>>> 
 titre : null
 Album : album-title-46
 Composers : []
 Interpreters : [] : null

1682967155972|##############################
find 
 Template >>>> 
 titre : null
 Album : null
 Composers : [composer-69]
 Interpreters : []

1682967156013|@@@@@@@@@@@@@@@@@@@@@@@@@@@@
resultat du find 
 Template >>>> 
 titre : null
 Album : null
 Composers : [composer-69]
 Interpreters : [] : null

1682967156013|##############################
match 
 Template >>>> 
 titre : title-334
 Album : null
 Composers : []
 Interpreters : [interpreter-74]

1682967156045|@@@@@@@@@@@@@@@@@@@@@@@@@@@@@
resultat du match 
 Template >>>> 
 titre : title-334
 Album : null
 Composers : []
 Interpreters : [interpreter-74] : []

1682967156045|##############################
find 
 Template >>>> 
 titre : null
 Album : album-title-51
 Composers : []
 Interpreters : []

1682967156159|@@@@@@@@@@@@@@@@@@@@@@@@@@@@
resultat du find 
 Template >>>> 
 titre : null
 Album : album-title-51
 Composers : []
 Interpreters : [] : null

1682967156159|##############################
find 
 Template >>>> 
 titre : title-280
 Album : null
 Composers : []
 Interpreters : []

1682967156168|@@@@@@@@@@@@@@@@@@@@@@@@@@@@
resultat du find 
 Template >>>> 
 titre : title-280
 Album : null
 Composers : []
 Interpreters : [] : null

1682967156168|##############################
find 
 Template >>>> 
 titre : null
 Album : null
 Composers : []
 Interpreters : [interpreter-66]

1682967156181|@@@@@@@@@@@@@@@@@@@@@@@@@@@@
resultat du find 
 Template >>>> 
 titre : null
 Album : null
 Composers : []
 Interpreters : [interpreter-66] : null

1682967156181|##############################
match 
 Template >>>> 
 titre : null
 Album : null
 Composers : [composer-68]
 Interpreters : []

1682967156241|@@@@@@@@@@@@@@@@@@@@@@@@@@@@@
resultat du match 
 Template >>>> 
 titre : null
 Album : null
 Composers : [composer-68]
 Interpreters : [] : []

1682967156241|##############################
match 
 Template >>>> 
 titre : title-325
 Album : null
 Composers : [composer-70, composer-69]
 Interpreters : []

1682967156251|@@@@@@@@@@@@@@@@@@@@@@@@@@@@@
resultat du match 
 Template >>>> 
 titre : title-325
 Album : null
 Composers : [composer-70, composer-69]
 Interpreters : [] : []

1682967156251|##############################
find 
 Template >>>> 
 titre : title-331
 Album : album-title-48
 Composers : []
 Interpreters : [interpreter-72, interpreter-73]

1682967156261|@@@@@@@@@@@@@@@@@@@@@@@@@@@@
resultat du find 
 Template >>>> 
 titre : title-331
 Album : album-title-48
 Composers : []
 Interpreters : [interpreter-72, interpreter-73] : null

1682967156261|##############################
find 
 Template >>>> 
 titre : title-328
 Album : album-title-48
 Composers : []
 Interpreters : []

1682967156277|@@@@@@@@@@@@@@@@@@@@@@@@@@@@
resultat du find 
 Template >>>> 
 titre : title-328
 Album : album-title-48
 Composers : []
 Interpreters : [] : null

1682967156277|##############################
match 
 Template >>>> 
 titre : null
 Album : album-title-48
 Composers : []
 Interpreters : []

1682967156326|@@@@@@@@@@@@@@@@@@@@@@@@@@@@@
resultat du match 
 Template >>>> 
 titre : null
 Album : album-title-48
 Composers : []
 Interpreters : [] : []

1682967156326|##############################
match 
 Template >>>> 
 titre : null
 Album : null
 Composers : [composer-73]
 Interpreters : []

1682967156375|@@@@@@@@@@@@@@@@@@@@@@@@@@@@@
resultat du match 
 Template >>>> 
 titre : null
 Album : null
 Composers : [composer-73]
 Interpreters : [] : []

1682967156375|##############################
match 
 Template >>>> 
 titre : title-333
 Album : album-title-49
 Composers : []
 Interpreters : []

1682967156430|@@@@@@@@@@@@@@@@@@@@@@@@@@@@@
resultat du match 
 Template >>>> 
 titre : title-333
 Album : album-title-49
 Composers : []
 Interpreters : [] : []

1682967156430|##############################
find 
 Template >>>> 
 titre : title-343
 Album : album-title-50
 Composers : [composer-74, composer-75]
 Interpreters : [interpreter-75]

1682967156564|@@@@@@@@@@@@@@@@@@@@@@@@@@@@
resultat du find 
 Template >>>> 
 titre : title-343
 Album : album-title-50
 Composers : [composer-74, composer-75]
 Interpreters : [interpreter-75] : null

1682967156564|##############################
find 
 Template >>>> 
 titre : title-353
 Album : album-title-52
 Composers : []
 Interpreters : []

1682967156577|@@@@@@@@@@@@@@@@@@@@@@@@@@@@
resultat du find 
 Template >>>> 
 titre : title-353
 Album : album-title-52
 Composers : []
 Interpreters : [] : null

1682967156577|##############################
find 
 Template >>>> 
 titre : null
 Album : null
 Composers : []
 Interpreters : [interpreter-76]

1682967156590|@@@@@@@@@@@@@@@@@@@@@@@@@@@@
resultat du find 
 Template >>>> 
 titre : null
 Album : null
 Composers : []
 Interpreters : [interpreter-76] : null

1682967156590|##############################
find 
 Template >>>> 
 titre : null
 Album : null
 Composers : [composer-77]
 Interpreters : []

1682967156676|@@@@@@@@@@@@@@@@@@@@@@@@@@@@
resultat du find 
 Template >>>> 
 titre : null
 Album : null
 Composers : [composer-77]
 Interpreters : [] : null

1682967156676|##############################
find 
 Template >>>> 
 titre : null
 Album : null
 Composers : []
 Interpreters : [interpreter-77]

1682967156684|@@@@@@@@@@@@@@@@@@@@@@@@@@@@
resultat du find 
 Template >>>> 
 titre : null
 Album : null
 Composers : []
 Interpreters : [interpreter-77] : null

1682967156684|##############################
find 
 Template >>>> 
 titre : null
 Album : album-title-52
 Composers : []
 Interpreters : []

1682967156710|@@@@@@@@@@@@@@@@@@@@@@@@@@@@
resultat du find 
 Template >>>> 
 titre : null
 Album : album-title-52
 Composers : []
 Interpreters : [] : null

1682967156710|##############################
find 
 Template >>>> 
 titre : title-277
 Album : album-title-41
 Composers : []
 Interpreters : []

1682967156972|@@@@@@@@@@@@@@@@@@@@@@@@@@@@
resultat du find 
 Template >>>> 
 titre : title-277
 Album : album-title-41
 Composers : []
 Interpreters : [] : null

1682967156972|##############################
find 
 Template >>>> 
 titre : null
 Album : null
 Composers : []
 Interpreters : [interpreter-63]

1682967157059|@@@@@@@@@@@@@@@@@@@@@@@@@@@@
resultat du find 
 Template >>>> 
 titre : null
 Album : null
 Composers : []
 Interpreters : [interpreter-63] : null

1682967157059|##############################
find 
 Template >>>> 
 titre : null
 Album : null
 Composers : [composer-63]
 Interpreters : []

1682967157094|@@@@@@@@@@@@@@@@@@@@@@@@@@@@
resultat du find 
 Template >>>> 
 titre : null
 Album : null
 Composers : [composer-63]
 Interpreters : [] : null

1682967157094|##############################
find 
 Template >>>> 
 titre : null
 Album : null
 Composers : []
 Interpreters : [interpreter-70]

1682967157105|@@@@@@@@@@@@@@@@@@@@@@@@@@@@
resultat du find 
 Template >>>> 
 titre : null
 Album : null
 Composers : []
 Interpreters : [interpreter-70] : null

1682967157105|##############################
find 
 Template >>>> 
 titre : title-329
 Album : album-title-48
 Composers : [composer-71, composer-72]
 Interpreters : []

1682967157108|@@@@@@@@@@@@@@@@@@@@@@@@@@@@
resultat du find 
 Template >>>> 
 titre : title-329
 Album : album-title-48
 Composers : [composer-71, composer-72]
 Interpreters : [] : null

1682967157108|##############################
find 
 Template >>>> 
 titre : title-330
 Album : album-title-48
 Composers : []
 Interpreters : []

1682967157194|@@@@@@@@@@@@@@@@@@@@@@@@@@@@
resultat du find 
 Template >>>> 
 titre : title-330
 Album : album-title-48
 Composers : []
 Interpreters : [] : null

1682967157194|##############################
find 
 Template >>>> 
 titre : null
 Album : null
 Composers : [composer-71]
 Interpreters : []

1682967157266|@@@@@@@@@@@@@@@@@@@@@@@@@@@@
resultat du find 
 Template >>>> 
 titre : null
 Album : null
 Composers : [composer-71]
 Interpreters : [] : null

1682967157266|##############################
match 
 Template >>>> 
 titre : title-327
 Album : album-title-48
 Composers : []
 Interpreters : []

1682967157404|@@@@@@@@@@@@@@@@@@@@@@@@@@@@@
resultat du match 
 Template >>>> 
 titre : title-327
 Album : album-title-48
 Composers : []
 Interpreters : [] : []

1682967157404|##############################
find 
 Template >>>> 
 titre : null
 Album : album-title-49
 Composers : []
 Interpreters : []

1682967157433|@@@@@@@@@@@@@@@@@@@@@@@@@@@@
resultat du find 
 Template >>>> 
 titre : null
 Album : album-title-49
 Composers : []
 Interpreters : [] : null

1682967157433|##############################
find 
 Template >>>> 
 titre : title-338
 Album : null
 Composers : [composer-74, composer-75]
 Interpreters : []

1682967157451|@@@@@@@@@@@@@@@@@@@@@@@@@@@@
resultat du find 
 Template >>>> 
 titre : title-338
 Album : null
 Composers : [composer-74, composer-75]
 Interpreters : [] : null

1682967157451|##############################
find 
 Template >>>> 
 titre : title-341
 Album : album-title-50
 Composers : []
 Interpreters : [interpreter-75]

1682967157549|@@@@@@@@@@@@@@@@@@@@@@@@@@@@
resultat du find 
 Template >>>> 
 titre : title-341
 Album : album-title-50
 Composers : []
 Interpreters : [interpreter-75] : null

1682967157549|##############################
match 
 Template >>>> 
 titre : title-345
 Album : album-title-51
 Composers : []
 Interpreters : [interpreter-75]

1682967157675|@@@@@@@@@@@@@@@@@@@@@@@@@@@@@
resultat du match 
 Template >>>> 
 titre : title-345
 Album : album-title-51
 Composers : []
 Interpreters : [interpreter-75] : []

1682967157675|##############################
find 
 Template >>>> 
 titre : title-350
 Album : null
 Composers : [composer-74, composer-75]
 Interpreters : []

1682967157686|@@@@@@@@@@@@@@@@@@@@@@@@@@@@
resultat du find 
 Template >>>> 
 titre : title-350
 Album : null
 Composers : [composer-74, composer-75]
 Interpreters : [] : null

1682967157686|##############################
find 
 Template >>>> 
 titre : title-278
 Album : null
 Composers : []
 Interpreters : [interpreter-62]

1682967157775|@@@@@@@@@@@@@@@@@@@@@@@@@@@@
resultat du find 
 Template >>>> 
 titre : title-278
 Album : null
 Composers : []
 Interpreters : [interpreter-62] : null

1682967157775|##############################
find 
 Template >>>> 
 titre : title-289
 Album : album-title-42
 Composers : []
 Interpreters : []

1682967157777|@@@@@@@@@@@@@@@@@@@@@@@@@@@@
resultat du find 
 Template >>>> 
 titre : title-289
 Album : album-title-42
 Composers : []
 Interpreters : [] : null

1682967157777|##############################
find 
 Template >>>> 
 titre : title-291
 Album : null
 Composers : [composer-64]
 Interpreters : [interpreter-65]

1682967157917|@@@@@@@@@@@@@@@@@@@@@@@@@@@@
resultat du find 
 Template >>>> 
 titre : title-291
 Album : null
 Composers : [composer-64]
 Interpreters : [interpreter-65] : null

1682967157917|##############################
find 
 Template >>>> 
 titre : null
 Album : album-title-44
 Composers : []
 Interpreters : []

1682967157966|@@@@@@@@@@@@@@@@@@@@@@@@@@@@
resultat du find 
 Template >>>> 
 titre : null
 Album : album-title-44
 Composers : []
 Interpreters : [] : null

1682967157966|##############################
find 
 Template >>>> 
 titre : title-301
 Album : album-title-44
 Composers : [composer-65]
 Interpreters : [interpreter-67, interpreter-66]

1682967158002|@@@@@@@@@@@@@@@@@@@@@@@@@@@@
resultat du find 
 Template >>>> 
 titre : title-301
 Album : album-title-44
 Composers : [composer-65]
 Interpreters : [interpreter-67, interpreter-66] : null

1682967158002|##############################
match 
 Template >>>> 
 titre : null
 Album : null
 Composers : []
 Interpreters : [interpreter-67]

1682967158050|@@@@@@@@@@@@@@@@@@@@@@@@@@@@@
resultat du match 
 Template >>>> 
 titre : null
 Album : null
 Composers : []
 Interpreters : [interpreter-67] : []

1682967158050|##############################
find 
 Template >>>> 
 titre : title-305
 Album : null
 Composers : [composer-66]
 Interpreters : [interpreter-68]

1682967158089|@@@@@@@@@@@@@@@@@@@@@@@@@@@@
resultat du find 
 Template >>>> 
 titre : title-305
 Album : null
 Composers : [composer-66]
 Interpreters : [interpreter-68] : null

1682967158089|##############################
find 
 Template >>>> 
 titre : title-317
 Album : null
 Composers : []
 Interpreters : [interpreter-69]

1682967158202|@@@@@@@@@@@@@@@@@@@@@@@@@@@@
resultat du find 
 Template >>>> 
 titre : title-317
 Album : null
 Composers : []
 Interpreters : [interpreter-69] : null

1682967158202|##############################
match 
 Template >>>> 
 titre : null
 Album : null
 Composers : []
 Interpreters : [interpreter-71]

1682967158225|@@@@@@@@@@@@@@@@@@@@@@@@@@@@@
resultat du match 
 Template >>>> 
 titre : null
 Album : null
 Composers : []
 Interpreters : [interpreter-71] : []

1682967158225|##############################
find 
 Template >>>> 
 titre : title-336
 Album : null
 Composers : []
 Interpreters : []

1682967158270|@@@@@@@@@@@@@@@@@@@@@@@@@@@@
resultat du find 
 Template >>>> 
 titre : title-336
 Album : null
 Composers : []
 Interpreters : [] : null

1682967158270|##############################
find 
 Template >>>> 
 titre : null
 Album : null
 Composers : []
 Interpreters : [interpreter-75]

1682967158293|@@@@@@@@@@@@@@@@@@@@@@@@@@@@
resultat du find 
 Template >>>> 
 titre : null
 Album : null
 Composers : []
 Interpreters : [interpreter-75] : null

1682967158293|##############################
match 
 Template >>>> 
 titre : null
 Album : null
 Composers : [composer-75]
 Interpreters : []

1682967158314|@@@@@@@@@@@@@@@@@@@@@@@@@@@@@
resultat du match 
 Template >>>> 
 titre : null
 Album : null
 Composers : [composer-75]
 Interpreters : [] : []

1682967158314|##############################
find 
 Template >>>> 
 titre : title-347
 Album : album-title-51
 Composers : [composer-74, composer-75]
 Interpreters : [interpreter-75]

1682967158330|@@@@@@@@@@@@@@@@@@@@@@@@@@@@
resultat du find 
 Template >>>> 
 titre : title-347
 Album : album-title-51
 Composers : [composer-74, composer-75]
 Interpreters : [interpreter-75] : null

1682967158330|##############################
find 
 Template >>>> 
 titre : title-358
 Album : null
 Composers : [composer-76, composer-77]
 Interpreters : []

1682967158350|@@@@@@@@@@@@@@@@@@@@@@@@@@@@
resultat du find 
 Template >>>> 
 titre : title-358
 Album : null
 Composers : [composer-76, composer-77]
 Interpreters : [] : null

1682967158350|##############################
find 
 Template >>>> 
 titre : null
 Album : null
 Composers : [composer-61]
 Interpreters : []

1682967158365|@@@@@@@@@@@@@@@@@@@@@@@@@@@@
resultat du find 
 Template >>>> 
 titre : null
 Album : null
 Composers : [composer-61]
 Interpreters : [] : null

1682967158365|##############################
find 
 Template >>>> 
 titre : null
 Album : album-title-41
 Composers : []
 Interpreters : []

1682967158433|@@@@@@@@@@@@@@@@@@@@@@@@@@@@
resultat du find 
 Template >>>> 
 titre : null
 Album : album-title-41
 Composers : []
 Interpreters : [] : null

1682967158433|##############################
match 
 Template >>>> 
 titre : title-288
 Album : null
 Composers : [composer-62, composer-63]
 Interpreters : [interpreter-63, interpreter-64]

1682967158441|@@@@@@@@@@@@@@@@@@@@@@@@@@@@@
resultat du match 
 Template >>>> 
 titre : title-288
 Album : null
 Composers : [composer-62, composer-63]
 Interpreters : [interpreter-63, interpreter-64] : []

1682967158441|##############################
match 
 Template >>>> 
 titre : title-318
 Album : null
 Composers : []
 Interpreters : [interpreter-69]

1682967158465|@@@@@@@@@@@@@@@@@@@@@@@@@@@@@
resultat du match 
 Template >>>> 
 titre : title-318
 Album : null
 Composers : []
 Interpreters : [interpreter-69] : []

1682967158465|##############################
find 
 Template >>>> 
 titre : title-321
 Album : album-title-47
 Composers : []
 Interpreters : []

1682967158475|@@@@@@@@@@@@@@@@@@@@@@@@@@@@
resultat du find 
 Template >>>> 
 titre : title-321
 Album : album-title-47
 Composers : []
 Interpreters : [] : null

1682967158475|##############################
match 
 Template >>>> 
 titre : title-332
 Album : album-title-49
 Composers : []
 Interpreters : [interpreter-74]

1682967158488|@@@@@@@@@@@@@@@@@@@@@@@@@@@@@
resultat du match 
 Template >>>> 
 titre : title-332
 Album : album-title-49
 Composers : []
 Interpreters : [interpreter-74] : []

1682967158488|##############################
match 
 Template >>>> 
 titre : title-335
 Album : album-title-49
 Composers : []
 Interpreters : []

1682967158504|@@@@@@@@@@@@@@@@@@@@@@@@@@@@@
resultat du match 
 Template >>>> 
 titre : title-335
 Album : album-title-49
 Composers : []
 Interpreters : [] : []

1682967158504|##############################
find 
 Template >>>> 
 titre : title-346
 Album : album-title-51
 Composers : []
 Interpreters : [interpreter-75]

1682967158522|@@@@@@@@@@@@@@@@@@@@@@@@@@@@
resultat du find 
 Template >>>> 
 titre : title-346
 Album : album-title-51
 Composers : []
 Interpreters : [interpreter-75] : null

1682967158522|##############################
find 
 Template >>>> 
 titre : title-356
 Album : album-title-52
 Composers : [composer-76, composer-77]
 Interpreters : [interpreter-76, interpreter-77]

1682967158533|@@@@@@@@@@@@@@@@@@@@@@@@@@@@
resultat du find 
 Template >>>> 
 titre : title-356
 Album : album-title-52
 Composers : [composer-76, composer-77]
 Interpreters : [interpreter-76, interpreter-77] : null

1682967158533|##############################
find 
 Template >>>> 
 titre : null
 Album : null
 Composers : [composer-76]
 Interpreters : []

1682967158544|@@@@@@@@@@@@@@@@@@@@@@@@@@@@
resultat du find 
 Template >>>> 
 titre : null
 Album : null
 Composers : [composer-76]
 Interpreters : [] : null

1682967158544|##############################
find 
 Template >>>> 
 titre : title-355
 Album : null
 Composers : []
 Interpreters : []

1682967158554|@@@@@@@@@@@@@@@@@@@@@@@@@@@@
resultat du find 
 Template >>>> 
 titre : title-355
 Album : null
 Composers : []
 Interpreters : [] : null

