1683757015955|##############################
find 
 Template >>>> 
 titre : title-1375
 Album : null
 Composers : [composer-177, composer-178]
 Interpreters : []

1683757016075|##############################
find 
 Template >>>> 
 titre : title-1378
 Album : album-title-201
 Composers : [composer-177, composer-178]
 Interpreters : [interpreter-182]

1683757016076|##############################
match 
 Template >>>> 
 titre : title-1384
 Album : null
 Composers : [composer-177, composer-178]
 Interpreters : [interpreter-182]

1683757016476|@@@@@@@@@@@@@@@@@@@@@@@@@@@@@
resultat du match 
 Template >>>> 
 titre : title-1384
 Album : null
 Composers : [composer-177, composer-178]
 Interpreters : [interpreter-182] : []

1683757016476|##############################
match 
 Template >>>> 
 titre : title-1390
 Album : null
 Composers : [composer-177, composer-178]
 Interpreters : []

1683757016631|@@@@@@@@@@@@@@@@@@@@@@@@@@@@@
resultat du match 
 Template >>>> 
 titre : title-1390
 Album : null
 Composers : [composer-177, composer-178]
 Interpreters : [] : [
Descriptor >>>> 
 Template >>>> 
 titre : title-1390
 Album : album-title-203
 Composers : [composer-177, composer-178]
 Interpreters : [interpreter-182]
 Node Address : a9c8bd0b-d103-4f29-a108-a8cc973b0ad1]

1683757016631|##############################
find 
 Template >>>> 
 titre : title-1389
 Album : null
 Composers : [composer-177, composer-178]
 Interpreters : []

1683757016649|##############################
match 
 Template >>>> 
 titre : title-1404
 Album : album-title-204
 Composers : [composer-179]
 Interpreters : []

1683757016705|@@@@@@@@@@@@@@@@@@@@@@@@@@@@@
resultat du match 
 Template >>>> 
 titre : title-1404
 Album : album-title-204
 Composers : [composer-179]
 Interpreters : [] : []

1683757016705|##############################
find 
 Template >>>> 
 titre : title-1401
 Album : null
 Composers : [composer-179]
 Interpreters : []

1683757016706|##############################
find 
 Template >>>> 
 titre : title-1425
 Album : album-title-207
 Composers : []
 Interpreters : [interpreter-184]

1683757016707|##############################
find 
 Template >>>> 
 titre : title-1427
 Album : album-title-207
 Composers : [composer-180]
 Interpreters : []

1683757016707|##############################
match 
 Template >>>> 
 titre : null
 Album : album-title-208
 Composers : []
 Interpreters : []

1683757016739|@@@@@@@@@@@@@@@@@@@@@@@@@@@@@
resultat du match 
 Template >>>> 
 titre : null
 Album : album-title-208
 Composers : []
 Interpreters : [] : []

1683757016739|##############################
find 
 Template >>>> 
 titre : title-1440
 Album : album-title-209
 Composers : []
 Interpreters : []

1683757016741|##############################
find 
 Template >>>> 
 titre : null
 Album : album-title-210
 Composers : []
 Interpreters : []

1683757016745|##############################
find 
 Template >>>> 
 titre : null
 Album : album-title-212
 Composers : []
 Interpreters : []

1683757016746|##############################
find 
 Template >>>> 
 titre : title-1463
 Album : null
 Composers : [composer-182, composer-181]
 Interpreters : []

1683757016747|##############################
find 
 Template >>>> 
 titre : title-1475
 Album : album-title-214
 Composers : []
 Interpreters : [interpreter-187, interpreter-188]

1683757016747|##############################
find 
 Template >>>> 
 titre : title-1479
 Album : null
 Composers : [composer-183]
 Interpreters : []

1683757016922|##############################
find 
 Template >>>> 
 titre : null
 Album : null
 Composers : []
 Interpreters : [interpreter-182]

1683757016955|##############################
find 
 Template >>>> 
 titre : title-1374
 Album : null
 Composers : []
 Interpreters : []

1683757016974|##############################
match 
 Template >>>> 
 titre : title-1385
 Album : album-title-202
 Composers : [composer-177, composer-178]
 Interpreters : [interpreter-182]

1683757016987|@@@@@@@@@@@@@@@@@@@@@@@@@@@@@
resultat du match 
 Template >>>> 
 titre : title-1385
 Album : album-title-202
 Composers : [composer-177, composer-178]
 Interpreters : [interpreter-182] : []

1683757016987|##############################
find 
 Template >>>> 
 titre : title-1381
 Album : null
 Composers : [composer-177, composer-178]
 Interpreters : [interpreter-182]

1683757016987|##############################
find 
 Template >>>> 
 titre : title-1393
 Album : album-title-203
 Composers : []
 Interpreters : []

1683757016987|##############################
find 
 Template >>>> 
 titre : title-1405
 Album : album-title-204
 Composers : []
 Interpreters : [interpreter-183]

1683757016988|##############################
find 
 Template >>>> 
 titre : title-1417
 Album : null
 Composers : []
 Interpreters : [interpreter-183]

1683757017105|##############################
match 
 Template >>>> 
 titre : title-1429
 Album : null
 Composers : [composer-180]
 Interpreters : []

1683757017256|@@@@@@@@@@@@@@@@@@@@@@@@@@@@@
resultat du match 
 Template >>>> 
 titre : title-1429
 Album : null
 Composers : [composer-180]
 Interpreters : [] : [
Descriptor >>>> 
 Template >>>> 
 titre : title-1429
 Album : album-title-207
 Composers : [composer-180]
 Interpreters : [interpreter-184]
 Node Address : c52b1a21-9eee-40a9-8e35-bc8e1965231f]

1683757017256|##############################
find 
 Template >>>> 
 titre : title-1435
 Album : album-title-208
 Composers : [composer-180]
 Interpreters : [interpreter-184]

1683757017281|##############################
find 
 Template >>>> 
 titre : null
 Album : null
 Composers : []
 Interpreters : [interpreter-185]

1683757017318|##############################
find 
 Template >>>> 
 titre : title-1456
 Album : album-title-211
 Composers : [composer-182, composer-181]
 Interpreters : []

1683757017318|##############################
find 
 Template >>>> 
 titre : null
 Album : null
 Composers : [composer-183]
 Interpreters : []

1683757017956|##############################
match 
 Template >>>> 
 titre : title-1386
 Album : album-title-202
 Composers : [composer-177, composer-178]
 Interpreters : [interpreter-182]

1683757018051|@@@@@@@@@@@@@@@@@@@@@@@@@@@@@
resultat du match 
 Template >>>> 
 titre : title-1386
 Album : album-title-202
 Composers : [composer-177, composer-178]
 Interpreters : [interpreter-182] : []

1683757018051|##############################
find 
 Template >>>> 
 titre : null
 Album : album-title-203
 Composers : []
 Interpreters : []

1683757018056|##############################
match 
 Template >>>> 
 titre : null
 Album : null
 Composers : []
 Interpreters : [interpreter-183]

1683757018131|@@@@@@@@@@@@@@@@@@@@@@@@@@@@@
resultat du match 
 Template >>>> 
 titre : null
 Album : null
 Composers : []
 Interpreters : [interpreter-183] : [
Descriptor >>>> 
 Template >>>> 
 titre : title-1416
 Album : album-title-206
 Composers : [composer-179]
 Interpreters : [interpreter-183]
 Node Address : cada2db4-fdfd-4ed6-8dda-a9c97919d6fd, 
Descriptor >>>> 
 Template >>>> 
 titre : title-1413
 Album : album-title-205
 Composers : [composer-179]
 Interpreters : [interpreter-183]
 Node Address : 423e97b9-1591-43a0-9749-383471cfc962, 
Descriptor >>>> 
 Template >>>> 
 titre : title-1417
 Album : album-title-206
 Composers : [composer-179]
 Interpreters : [interpreter-183]
 Node Address : cada2db4-fdfd-4ed6-8dda-a9c97919d6fd, 
Descriptor >>>> 
 Template >>>> 
 titre : title-1414
 Album : album-title-206
 Composers : [composer-179]
 Interpreters : [interpreter-183]
 Node Address : cada2db4-fdfd-4ed6-8dda-a9c97919d6fd, 
Descriptor >>>> 
 Template >>>> 
 titre : title-1411
 Album : album-title-205
 Composers : [composer-179]
 Interpreters : [interpreter-183]
 Node Address : 423e97b9-1591-43a0-9749-383471cfc962, 
Descriptor >>>> 
 Template >>>> 
 titre : title-1410
 Album : album-title-205
 Composers : [composer-179]
 Interpreters : [interpreter-183]
 Node Address : 423e97b9-1591-43a0-9749-383471cfc962, 
Descriptor >>>> 
 Template >>>> 
 titre : title-1407
 Album : album-title-205
 Composers : [composer-179]
 Interpreters : [interpreter-183]
 Node Address : 423e97b9-1591-43a0-9749-383471cfc962, 
Descriptor >>>> 
 Template >>>> 
 titre : title-1408
 Album : album-title-205
 Composers : [composer-179]
 Interpreters : [interpreter-183]
 Node Address : 423e97b9-1591-43a0-9749-383471cfc962, 
Descriptor >>>> 
 Template >>>> 
 titre : title-1415
 Album : album-title-206
 Composers : [composer-179]
 Interpreters : [interpreter-183]
 Node Address : cada2db4-fdfd-4ed6-8dda-a9c97919d6fd, 
Descriptor >>>> 
 Template >>>> 
 titre : title-1420
 Album : album-title-206
 Composers : [composer-179]
 Interpreters : [interpreter-183]
 Node Address : cada2db4-fdfd-4ed6-8dda-a9c97919d6fd, 
Descriptor >>>> 
 Template >>>> 
 titre : title-1421
 Album : album-title-206
 Composers : [composer-179]
 Interpreters : [interpreter-183]
 Node Address : cada2db4-fdfd-4ed6-8dda-a9c97919d6fd, 
Descriptor >>>> 
 Template >>>> 
 titre : title-1409
 Album : album-title-205
 Composers : [composer-179]
 Interpreters : [interpreter-183]
 Node Address : 423e97b9-1591-43a0-9749-383471cfc962, 
Descriptor >>>> 
 Template >>>> 
 titre : title-1412
 Album : album-title-205
 Composers : [composer-179]
 Interpreters : [interpreter-183]
 Node Address : 423e97b9-1591-43a0-9749-383471cfc962, 
Descriptor >>>> 
 Template >>>> 
 titre : title-1419
 Album : album-title-206
 Composers : [composer-179]
 Interpreters : [interpreter-183]
 Node Address : cada2db4-fdfd-4ed6-8dda-a9c97919d6fd, 
Descriptor >>>> 
 Template >>>> 
 titre : title-1406
 Album : album-title-205
 Composers : [composer-179]
 Interpreters : [interpreter-183]
 Node Address : 423e97b9-1591-43a0-9749-383471cfc962, 
Descriptor >>>> 
 Template >>>> 
 titre : title-1418
 Album : album-title-206
 Composers : [composer-179]
 Interpreters : [interpreter-183]
 Node Address : cada2db4-fdfd-4ed6-8dda-a9c97919d6fd]

1683757018131|##############################
find 
 Template >>>> 
 titre : title-1400
 Album : null
 Composers : [composer-179]
 Interpreters : [interpreter-183]

1683757018132|##############################
find 
 Template >>>> 
 titre : title-1407
 Album : album-title-205
 Composers : []
 Interpreters : [interpreter-183]

1683757018133|##############################
find 
 Template >>>> 
 titre : title-1409
 Album : null
 Composers : [composer-179]
 Interpreters : []

1683757018133|##############################
find 
 Template >>>> 
 titre : title-1428
 Album : album-title-207
 Composers : [composer-180]
 Interpreters : []

1683757018206|##############################
match 
 Template >>>> 
 titre : title-1433
 Album : null
 Composers : []
 Interpreters : [interpreter-184]

1683757018262|@@@@@@@@@@@@@@@@@@@@@@@@@@@@@
resultat du match 
 Template >>>> 
 titre : title-1433
 Album : null
 Composers : []
 Interpreters : [interpreter-184] : [
Descriptor >>>> 
 Template >>>> 
 titre : title-1433
 Album : album-title-208
 Composers : [composer-180]
 Interpreters : [interpreter-184]
 Node Address : 62e23e83-95d1-43b6-a20d-6b2ad3e8dd87]

1683757018263|##############################
find 
 Template >>>> 
 titre : title-1446
 Album : null
 Composers : [composer-180]
 Interpreters : []

1683757018263|##############################
find 
 Template >>>> 
 titre : title-1454
 Album : null
 Composers : []
 Interpreters : [interpreter-185, interpreter-186]

1683757018264|##############################
find 
 Template >>>> 
 titre : title-1458
 Album : null
 Composers : []
 Interpreters : []

1683757018264|##############################
find 
 Template >>>> 
 titre : title-1468
 Album : null
 Composers : []
 Interpreters : []

1683757018955|##############################
match 
 Template >>>> 
 titre : title-1376
 Album : null
 Composers : []
 Interpreters : [interpreter-182]

1683757019335|@@@@@@@@@@@@@@@@@@@@@@@@@@@@@
resultat du match 
 Template >>>> 
 titre : title-1376
 Album : null
 Composers : []
 Interpreters : [interpreter-182] : []

1683757019335|##############################
match 
 Template >>>> 
 titre : title-1399
 Album : album-title-204
 Composers : [composer-179]
 Interpreters : []

1683757019348|@@@@@@@@@@@@@@@@@@@@@@@@@@@@@
resultat du match 
 Template >>>> 
 titre : title-1399
 Album : album-title-204
 Composers : [composer-179]
 Interpreters : [] : []

1683757019348|##############################
match 
 Template >>>> 
 titre : null
 Album : null
 Composers : [composer-179]
 Interpreters : []

1683757019366|@@@@@@@@@@@@@@@@@@@@@@@@@@@@@
resultat du match 
 Template >>>> 
 titre : null
 Album : null
 Composers : [composer-179]
 Interpreters : [] : [
Descriptor >>>> 
 Template >>>> 
 titre : title-1413
 Album : album-title-205
 Composers : [composer-179]
 Interpreters : [interpreter-183]
 Node Address : 423e97b9-1591-43a0-9749-383471cfc962, 
Descriptor >>>> 
 Template >>>> 
 titre : title-1416
 Album : album-title-206
 Composers : [composer-179]
 Interpreters : [interpreter-183]
 Node Address : cada2db4-fdfd-4ed6-8dda-a9c97919d6fd, 
Descriptor >>>> 
 Template >>>> 
 titre : title-1417
 Album : album-title-206
 Composers : [composer-179]
 Interpreters : [interpreter-183]
 Node Address : cada2db4-fdfd-4ed6-8dda-a9c97919d6fd, 
Descriptor >>>> 
 Template >>>> 
 titre : title-1414
 Album : album-title-206
 Composers : [composer-179]
 Interpreters : [interpreter-183]
 Node Address : cada2db4-fdfd-4ed6-8dda-a9c97919d6fd, 
Descriptor >>>> 
 Template >>>> 
 titre : title-1411
 Album : album-title-205
 Composers : [composer-179]
 Interpreters : [interpreter-183]
 Node Address : 423e97b9-1591-43a0-9749-383471cfc962, 
Descriptor >>>> 
 Template >>>> 
 titre : title-1410
 Album : album-title-205
 Composers : [composer-179]
 Interpreters : [interpreter-183]
 Node Address : 423e97b9-1591-43a0-9749-383471cfc962, 
Descriptor >>>> 
 Template >>>> 
 titre : title-1407
 Album : album-title-205
 Composers : [composer-179]
 Interpreters : [interpreter-183]
 Node Address : 423e97b9-1591-43a0-9749-383471cfc962, 
Descriptor >>>> 
 Template >>>> 
 titre : title-1408
 Album : album-title-205
 Composers : [composer-179]
 Interpreters : [interpreter-183]
 Node Address : 423e97b9-1591-43a0-9749-383471cfc962, 
Descriptor >>>> 
 Template >>>> 
 titre : title-1415
 Album : album-title-206
 Composers : [composer-179]
 Interpreters : [interpreter-183]
 Node Address : cada2db4-fdfd-4ed6-8dda-a9c97919d6fd, 
Descriptor >>>> 
 Template >>>> 
 titre : title-1420
 Album : album-title-206
 Composers : [composer-179]
 Interpreters : [interpreter-183]
 Node Address : cada2db4-fdfd-4ed6-8dda-a9c97919d6fd, 
Descriptor >>>> 
 Template >>>> 
 titre : title-1421
 Album : album-title-206
 Composers : [composer-179]
 Interpreters : [interpreter-183]
 Node Address : cada2db4-fdfd-4ed6-8dda-a9c97919d6fd, 
Descriptor >>>> 
 Template >>>> 
 titre : title-1409
 Album : album-title-205
 Composers : [composer-179]
 Interpreters : [interpreter-183]
 Node Address : 423e97b9-1591-43a0-9749-383471cfc962, 
Descriptor >>>> 
 Template >>>> 
 titre : title-1412
 Album : album-title-205
 Composers : [composer-179]
 Interpreters : [interpreter-183]
 Node Address : 423e97b9-1591-43a0-9749-383471cfc962, 
Descriptor >>>> 
 Template >>>> 
 titre : title-1406
 Album : album-title-205
 Composers : [composer-179]
 Interpreters : [interpreter-183]
 Node Address : 423e97b9-1591-43a0-9749-383471cfc962, 
Descriptor >>>> 
 Template >>>> 
 titre : title-1419
 Album : album-title-206
 Composers : [composer-179]
 Interpreters : [interpreter-183]
 Node Address : cada2db4-fdfd-4ed6-8dda-a9c97919d6fd, 
Descriptor >>>> 
 Template >>>> 
 titre : title-1418
 Album : album-title-206
 Composers : [composer-179]
 Interpreters : [interpreter-183]
 Node Address : cada2db4-fdfd-4ed6-8dda-a9c97919d6fd]

1683757019366|##############################
find 
 Template >>>> 
 titre : title-1415
 Album : null
 Composers : [composer-179]
 Interpreters : [interpreter-183]

1683757019366|##############################
find 
 Template >>>> 
 titre : title-1436
 Album : album-title-208
 Composers : [composer-180]
 Interpreters : []

1683757019366|##############################
match 
 Template >>>> 
 titre : title-1441
 Album : null
 Composers : []
 Interpreters : [interpreter-184]

1683757019372|@@@@@@@@@@@@@@@@@@@@@@@@@@@@@
resultat du match 
 Template >>>> 
 titre : title-1441
 Album : null
 Composers : []
 Interpreters : [interpreter-184] : []

1683757019372|##############################
find 
 Template >>>> 
 titre : title-1459
 Album : album-title-212
 Composers : []
 Interpreters : []

1683757019372|##############################
find 
 Template >>>> 
 titre : title-1474
 Album : album-title-214
 Composers : [composer-183]
 Interpreters : []

1683757019955|##############################
find 
 Template >>>> 
 titre : null
 Album : album-title-202
 Composers : []
 Interpreters : []

1683757019997|##############################
find 
 Template >>>> 
 titre : title-1431
 Album : album-title-208
 Composers : [composer-180]
 Interpreters : []

1683757019998|##############################
find 
 Template >>>> 
 titre : title-1439
 Album : album-title-208
 Composers : [composer-180]
 Interpreters : []

1683757019999|##############################
find 
 Template >>>> 
 titre : title-1437
 Album : null
 Composers : [composer-180]
 Interpreters : []

1683757019999|##############################
match 
 Template >>>> 
 titre : title-1466
 Album : null
 Composers : [composer-182, composer-181]
 Interpreters : [interpreter-185, interpreter-186]

1683757020016|@@@@@@@@@@@@@@@@@@@@@@@@@@@@@
resultat du match 
 Template >>>> 
 titre : title-1466
 Album : null
 Composers : [composer-182, composer-181]
 Interpreters : [interpreter-185, interpreter-186] : []

1683757020955|##############################
find 
 Template >>>> 
 titre : title-1383
 Album : null
 Composers : []
 Interpreters : [interpreter-182]

1683757021019|##############################
find 
 Template >>>> 
 titre : title-1387
 Album : album-title-202
 Composers : []
 Interpreters : []

1683757021063|##############################
find 
 Template >>>> 
 titre : title-1392
 Album : album-title-203
 Composers : []
 Interpreters : []

1683757021064|##############################
find 
 Template >>>> 
 titre : null
 Album : album-title-204
 Composers : []
 Interpreters : []

1683757021064|##############################
find 
 Template >>>> 
 titre : title-1410
 Album : album-title-205
 Composers : []
 Interpreters : []

1683757021064|##############################
find 
 Template >>>> 
 titre : title-1412
 Album : album-title-205
 Composers : [composer-179]
 Interpreters : []

1683757021065|##############################
find 
 Template >>>> 
 titre : title-1411
 Album : null
 Composers : [composer-179]
 Interpreters : [interpreter-183]

1683757021068|##############################
find 
 Template >>>> 
 titre : title-1413
 Album : null
 Composers : [composer-179]
 Interpreters : [interpreter-183]

1683757021069|##############################
find 
 Template >>>> 
 titre : title-1419
 Album : album-title-206
 Composers : [composer-179]
 Interpreters : [interpreter-183]

1683757021070|##############################
find 
 Template >>>> 
 titre : title-1418
 Album : null
 Composers : [composer-179]
 Interpreters : [interpreter-183]

1683757021071|##############################
find 
 Template >>>> 
 titre : title-1424
 Album : album-title-207
 Composers : []
 Interpreters : []

1683757021071|##############################
find 
 Template >>>> 
 titre : null
 Album : null
 Composers : []
 Interpreters : [interpreter-184]

1683757021112|##############################
find 
 Template >>>> 
 titre : null
 Album : album-title-207
 Composers : []
 Interpreters : []

1683757021121|##############################
find 
 Template >>>> 
 titre : title-1426
 Album : null
 Composers : []
 Interpreters : [interpreter-184]

1683757021121|##############################
match 
 Template >>>> 
 titre : title-1432
 Album : album-title-208
 Composers : [composer-180]
 Interpreters : []

1683757021125|@@@@@@@@@@@@@@@@@@@@@@@@@@@@@
resultat du match 
 Template >>>> 
 titre : title-1432
 Album : album-title-208
 Composers : [composer-180]
 Interpreters : [] : []

1683757021125|##############################
find 
 Template >>>> 
 titre : title-1444
 Album : null
 Composers : [composer-180]
 Interpreters : [interpreter-184]

1683757021126|##############################
find 
 Template >>>> 
 titre : title-1445
 Album : album-title-209
 Composers : [composer-180]
 Interpreters : []

1683757021126|##############################
find 
 Template >>>> 
 titre : title-1448
 Album : album-title-210
 Composers : [composer-182, composer-181]
 Interpreters : [interpreter-185, interpreter-186]

1683757021128|##############################
find 
 Template >>>> 
 titre : title-1450
 Album : album-title-210
 Composers : [composer-182, composer-181]
 Interpreters : [interpreter-185, interpreter-186]

1683757021128|##############################
find 
 Template >>>> 
 titre : title-1457
 Album : album-title-211
 Composers : [composer-182, composer-181]
 Interpreters : []

1683757021142|##############################
find 
 Template >>>> 
 titre : title-1455
 Album : album-title-211
 Composers : [composer-182, composer-181]
 Interpreters : [interpreter-185, interpreter-186]

1683757021143|##############################
match 
 Template >>>> 
 titre : title-1469
 Album : null
 Composers : []
 Interpreters : [interpreter-187, interpreter-188]

1683757021164|@@@@@@@@@@@@@@@@@@@@@@@@@@@@@
resultat du match 
 Template >>>> 
 titre : title-1469
 Album : null
 Composers : []
 Interpreters : [interpreter-187, interpreter-188] : [
Descriptor >>>> 
 Template >>>> 
 titre : title-1469
 Album : album-title-213
 Composers : [composer-183]
 Interpreters : [interpreter-187, interpreter-188]
 Node Address : c88d2382-f3e7-4ab3-a869-99c1b35fbb11]

1683757021164|##############################
find 
 Template >>>> 
 titre : null
 Album : album-title-213
 Composers : []
 Interpreters : []

1683757021169|##############################
match 
 Template >>>> 
 titre : null
 Album : null
 Composers : []
 Interpreters : [interpreter-187]

1683757021173|@@@@@@@@@@@@@@@@@@@@@@@@@@@@@
resultat du match 
 Template >>>> 
 titre : null
 Album : null
 Composers : []
 Interpreters : [interpreter-187] : [
Descriptor >>>> 
 Template >>>> 
 titre : title-1483
 Album : album-title-215
 Composers : [composer-183]
 Interpreters : [interpreter-187, interpreter-188]
 Node Address : 890e1e05-7528-4cdf-94c5-64a1eef2e369, 
Descriptor >>>> 
 Template >>>> 
 titre : title-1474
 Album : album-title-214
 Composers : [composer-183]
 Interpreters : [interpreter-187, interpreter-188]
 Node Address : c5236194-e675-474f-92fa-55b0829fffb2, 
Descriptor >>>> 
 Template >>>> 
 titre : title-1478
 Album : album-title-214
 Composers : [composer-183]
 Interpreters : [interpreter-187, interpreter-188]
 Node Address : c5236194-e675-474f-92fa-55b0829fffb2, 
Descriptor >>>> 
 Template >>>> 
 titre : title-1480
 Album : album-title-215
 Composers : [composer-183]
 Interpreters : [interpreter-187, interpreter-188]
 Node Address : 890e1e05-7528-4cdf-94c5-64a1eef2e369, 
Descriptor >>>> 
 Template >>>> 
 titre : title-1479
 Album : album-title-214
 Composers : [composer-183]
 Interpreters : [interpreter-187, interpreter-188]
 Node Address : c5236194-e675-474f-92fa-55b0829fffb2, 
Descriptor >>>> 
 Template >>>> 
 titre : title-1476
 Album : album-title-214
 Composers : [composer-183]
 Interpreters : [interpreter-187, interpreter-188]
 Node Address : c5236194-e675-474f-92fa-55b0829fffb2, 
Descriptor >>>> 
 Template >>>> 
 titre : title-1473
 Album : album-title-214
 Composers : [composer-183]
 Interpreters : [interpreter-187, interpreter-188]
 Node Address : c5236194-e675-474f-92fa-55b0829fffb2, 
Descriptor >>>> 
 Template >>>> 
 titre : title-1482
 Album : album-title-215
 Composers : [composer-183]
 Interpreters : [interpreter-187, interpreter-188]
 Node Address : 890e1e05-7528-4cdf-94c5-64a1eef2e369, 
Descriptor >>>> 
 Template >>>> 
 titre : title-1485
 Album : album-title-215
 Composers : [composer-183]
 Interpreters : [interpreter-187, interpreter-188]
 Node Address : 890e1e05-7528-4cdf-94c5-64a1eef2e369, 
Descriptor >>>> 
 Template >>>> 
 titre : title-1481
 Album : album-title-215
 Composers : [composer-183]
 Interpreters : [interpreter-187, interpreter-188]
 Node Address : 890e1e05-7528-4cdf-94c5-64a1eef2e369, 
Descriptor >>>> 
 Template >>>> 
 titre : title-1475
 Album : album-title-214
 Composers : [composer-183]
 Interpreters : [interpreter-187, interpreter-188]
 Node Address : c5236194-e675-474f-92fa-55b0829fffb2, 
Descriptor >>>> 
 Template >>>> 
 titre : title-1484
 Album : album-title-215
 Composers : [composer-183]
 Interpreters : [interpreter-187, interpreter-188]
 Node Address : 890e1e05-7528-4cdf-94c5-64a1eef2e369, 
Descriptor >>>> 
 Template >>>> 
 titre : title-1477
 Album : album-title-214
 Composers : [composer-183]
 Interpreters : [interpreter-187, interpreter-188]
 Node Address : c5236194-e675-474f-92fa-55b0829fffb2]

1683757021956|##############################
find 
 Template >>>> 
 titre : title-1379
 Album : null
 Composers : []
 Interpreters : []

1683757021962|##############################
find 
 Template >>>> 
 titre : null
 Album : null
 Composers : [composer-178]
 Interpreters : []

1683757022025|##############################
find 
 Template >>>> 
 titre : title-1394
 Album : album-title-203
 Composers : []
 Interpreters : []

1683757022031|##############################
find 
 Template >>>> 
 titre : title-1414
 Album : null
 Composers : []
 Interpreters : [interpreter-183]

1683757022031|##############################
find 
 Template >>>> 
 titre : title-1442
 Album : null
 Composers : [composer-180]
 Interpreters : [interpreter-184]

1683757022031|##############################
find 
 Template >>>> 
 titre : null
 Album : null
 Composers : []
 Interpreters : [interpreter-186]

1683757022032|##############################
find 
 Template >>>> 
 titre : title-1452
 Album : null
 Composers : [composer-182, composer-181]
 Interpreters : []

1683757022032|##############################
find 
 Template >>>> 
 titre : title-1464
 Album : null
 Composers : [composer-182, composer-181]
 Interpreters : [interpreter-185, interpreter-186]

1683757022955|##############################
find 
 Template >>>> 
 titre : null
 Album : null
 Composers : [composer-177]
 Interpreters : []

1683757023029|##############################
find 
 Template >>>> 
 titre : title-1421
 Album : null
 Composers : []
 Interpreters : []

1683757023030|##############################
find 
 Template >>>> 
 titre : null
 Album : album-title-209
 Composers : []
 Interpreters : []

1683757023030|##############################
find 
 Template >>>> 
 titre : null
 Album : null
 Composers : [composer-181]
 Interpreters : []

1683757023070|##############################
find 
 Template >>>> 
 titre : title-1449
 Album : null
 Composers : [composer-182, composer-181]
 Interpreters : [interpreter-185, interpreter-186]

1683757023071|##############################
find 
 Template >>>> 
 titre : title-1472
 Album : album-title-213
 Composers : []
 Interpreters : []

1683757023071|##############################
match 
 Template >>>> 
 titre : title-1471
 Album : null
 Composers : [composer-183]
 Interpreters : []

1683757023112|@@@@@@@@@@@@@@@@@@@@@@@@@@@@@
resultat du match 
 Template >>>> 
 titre : title-1471
 Album : null
 Composers : [composer-183]
 Interpreters : [] : [
Descriptor >>>> 
 Template >>>> 
 titre : title-1471
 Album : album-title-213
 Composers : [composer-183]
 Interpreters : [interpreter-187, interpreter-188]
 Node Address : c88d2382-f3e7-4ab3-a869-99c1b35fbb11]

1683757023112|##############################
find 
 Template >>>> 
 titre : null
 Album : null
 Composers : []
 Interpreters : [interpreter-188]

1683757023965|##############################
match 
 Template >>>> 
 titre : title-1382
 Album : null
 Composers : [composer-177, composer-178]
 Interpreters : [interpreter-182]

1683757024396|@@@@@@@@@@@@@@@@@@@@@@@@@@@@@
resultat du match 
 Template >>>> 
 titre : title-1382
 Album : null
 Composers : [composer-177, composer-178]
 Interpreters : [interpreter-182] : [
Descriptor >>>> 
 Template >>>> 
 titre : title-1382
 Album : album-title-202
 Composers : [composer-177, composer-178]
 Interpreters : [interpreter-182]
 Node Address : 4c35a645-31e4-406e-ad34-95028d6ab1a0]

1683757024396|##############################
find 
 Template >>>> 
 titre : title-1395
 Album : album-title-203
 Composers : []
 Interpreters : [interpreter-182]

1683757024396|##############################
find 
 Template >>>> 
 titre : title-1398
 Album : null
 Composers : []
 Interpreters : [interpreter-183]

1683757024396|##############################
find 
 Template >>>> 
 titre : title-1402
 Album : null
 Composers : []
 Interpreters : [interpreter-183]

1683757024397|##############################
find 
 Template >>>> 
 titre : title-1408
 Album : null
 Composers : [composer-179]
 Interpreters : []

1683757024397|##############################
find 
 Template >>>> 
 titre : null
 Album : album-title-205
 Composers : []
 Interpreters : []

1683757024397|##############################
find 
 Template >>>> 
 titre : title-1406
 Album : album-title-205
 Composers : [composer-179]
 Interpreters : []

1683757024398|##############################
find 
 Template >>>> 
 titre : null
 Album : album-title-206
 Composers : []
 Interpreters : []

1683757024398|##############################
match 
 Template >>>> 
 titre : title-1416
 Album : album-title-206
 Composers : [composer-179]
 Interpreters : []

1683757024416|@@@@@@@@@@@@@@@@@@@@@@@@@@@@@
resultat du match 
 Template >>>> 
 titre : title-1416
 Album : album-title-206
 Composers : [composer-179]
 Interpreters : [] : [
Descriptor >>>> 
 Template >>>> 
 titre : title-1416
 Album : album-title-206
 Composers : [composer-179]
 Interpreters : [interpreter-183]
 Node Address : cada2db4-fdfd-4ed6-8dda-a9c97919d6fd]

1683757024416|##############################
find 
 Template >>>> 
 titre : title-1430
 Album : album-title-207
 Composers : []
 Interpreters : []

1683757024416|##############################
find 
 Template >>>> 
 titre : title-1423
 Album : null
 Composers : []
 Interpreters : []

1683757024416|##############################
match 
 Template >>>> 
 titre : title-1438
 Album : null
 Composers : []
 Interpreters : [interpreter-184]

1683757024435|@@@@@@@@@@@@@@@@@@@@@@@@@@@@@
resultat du match 
 Template >>>> 
 titre : title-1438
 Album : null
 Composers : []
 Interpreters : [interpreter-184] : [
Descriptor >>>> 
 Template >>>> 
 titre : title-1438
 Album : album-title-208
 Composers : [composer-180]
 Interpreters : [interpreter-184]
 Node Address : 62e23e83-95d1-43b6-a20d-6b2ad3e8dd87]

1683757024435|##############################
match 
 Template >>>> 
 titre : title-1443
 Album : null
 Composers : [composer-180]
 Interpreters : [interpreter-184]

1683757024489|@@@@@@@@@@@@@@@@@@@@@@@@@@@@@
resultat du match 
 Template >>>> 
 titre : title-1443
 Album : null
 Composers : [composer-180]
 Interpreters : [interpreter-184] : []

1683757024489|##############################
find 
 Template >>>> 
 titre : null
 Album : null
 Composers : [composer-182]
 Interpreters : []

1683757024582|##############################
find 
 Template >>>> 
 titre : title-1451
 Album : null
 Composers : [composer-182, composer-181]
 Interpreters : []

1683757024582|##############################
find 
 Template >>>> 
 titre : title-1447
 Album : album-title-210
 Composers : []
 Interpreters : []

1683757024582|##############################
find 
 Template >>>> 
 titre : null
 Album : album-title-211
 Composers : []
 Interpreters : []

1683757024582|##############################
match 
 Template >>>> 
 titre : title-1460
 Album : album-title-212
 Composers : []
 Interpreters : []

1683757024595|@@@@@@@@@@@@@@@@@@@@@@@@@@@@@
resultat du match 
 Template >>>> 
 titre : title-1460
 Album : album-title-212
 Composers : []
 Interpreters : [] : []

1683757024595|##############################
find 
 Template >>>> 
 titre : title-1462
 Album : album-title-212
 Composers : [composer-182, composer-181]
 Interpreters : [interpreter-185, interpreter-186]

1683757024596|##############################
find 
 Template >>>> 
 titre : title-1467
 Album : null
 Composers : [composer-183]
 Interpreters : [interpreter-187, interpreter-188]

1683757024596|##############################
find 
 Template >>>> 
 titre : title-1470
 Album : null
 Composers : []
 Interpreters : [interpreter-187, interpreter-188]

1683757024596|##############################
find 
 Template >>>> 
 titre : title-1478
 Album : album-title-214
 Composers : [composer-183]
 Interpreters : []

1683757025013|##############################
find 
 Template >>>> 
 titre : null
 Album : album-title-201
 Composers : []
 Interpreters : []

1683757025042|##############################
find 
 Template >>>> 
 titre : title-1380
 Album : album-title-202
 Composers : [composer-177, composer-178]
 Interpreters : []

1683757025042|##############################
match 
 Template >>>> 
 titre : title-1396
 Album : album-title-203
 Composers : []
 Interpreters : []

1683757025118|@@@@@@@@@@@@@@@@@@@@@@@@@@@@@
resultat du match 
 Template >>>> 
 titre : title-1396
 Album : album-title-203
 Composers : []
 Interpreters : [] : [
Descriptor >>>> 
 Template >>>> 
 titre : title-1396
 Album : album-title-203
 Composers : [composer-177, composer-178]
 Interpreters : [interpreter-182]
 Node Address : a9c8bd0b-d103-4f29-a108-a8cc973b0ad1]

1683757025118|##############################
find 
 Template >>>> 
 titre : title-1391
 Album : null
 Composers : [composer-177, composer-178]
 Interpreters : [interpreter-182]

1683757025118|##############################
find 
 Template >>>> 
 titre : title-1388
 Album : album-title-203
 Composers : []
 Interpreters : []

1683757025119|##############################
find 
 Template >>>> 
 titre : title-1397
 Album : album-title-204
 Composers : []
 Interpreters : [interpreter-183]

1683757025119|##############################
find 
 Template >>>> 
 titre : title-1403
 Album : album-title-204
 Composers : []
 Interpreters : [interpreter-183]

1683757025120|##############################
find 
 Template >>>> 
 titre : title-1420
 Album : album-title-206
 Composers : [composer-179]
 Interpreters : []

1683757025120|##############################
find 
 Template >>>> 
 titre : title-1422
 Album : null
 Composers : [composer-180]
 Interpreters : [interpreter-184]

1683757025120|##############################
find 
 Template >>>> 
 titre : null
 Album : null
 Composers : [composer-180]
 Interpreters : []

1683757025121|##############################
find 
 Template >>>> 
 titre : title-1434
 Album : null
 Composers : []
 Interpreters : []

1683757025121|##############################
match 
 Template >>>> 
 titre : title-1453
 Album : null
 Composers : []
 Interpreters : [interpreter-185, interpreter-186]

1683757025238|@@@@@@@@@@@@@@@@@@@@@@@@@@@@@
resultat du match 
 Template >>>> 
 titre : title-1453
 Album : null
 Composers : []
 Interpreters : [interpreter-185, interpreter-186] : [
Descriptor >>>> 
 Template >>>> 
 titre : title-1453
 Album : album-title-211
 Composers : [composer-182, composer-181]
 Interpreters : [interpreter-185, interpreter-186]
 Node Address : aa0ba721-7e77-44cf-91f7-ab7b189bb1d3]

1683757025238|##############################
find 
 Template >>>> 
 titre : title-1461
 Album : album-title-212
 Composers : [composer-182, composer-181]
 Interpreters : []

1683757025238|##############################
find 
 Template >>>> 
 titre : title-1465
 Album : null
 Composers : []
 Interpreters : []

