1683757015944|##############################
match 
 Template >>>> 
 titre : title-700
 Album : null
 Composers : [composer-114]
 Interpreters : []

1683757016189|@@@@@@@@@@@@@@@@@@@@@@@@@@@@@
resultat du match 
 Template >>>> 
 titre : title-700
 Album : null
 Composers : [composer-114]
 Interpreters : [] : []

1683757016189|##############################
find 
 Template >>>> 
 titre : title-706
 Album : album-title-104
 Composers : []
 Interpreters : [interpreter-118, interpreter-119]

1683757016193|##############################
match 
 Template >>>> 
 titre : null
 Album : null
 Composers : []
 Interpreters : [interpreter-119]

1683757016372|@@@@@@@@@@@@@@@@@@@@@@@@@@@@@
resultat du match 
 Template >>>> 
 titre : null
 Album : null
 Composers : []
 Interpreters : [interpreter-119] : [
Descriptor >>>> 
 Template >>>> 
 titre : title-706
 Album : album-title-104
 Composers : [composer-115]
 Interpreters : [interpreter-118, interpreter-119]
 Node Address : c88d2382-f3e7-4ab3-a869-99c1b35fbb11, 
Descriptor >>>> 
 Template >>>> 
 titre : title-708
 Album : album-title-104
 Composers : [composer-115]
 Interpreters : [interpreter-118, interpreter-119]
 Node Address : c88d2382-f3e7-4ab3-a869-99c1b35fbb11, 
Descriptor >>>> 
 Template >>>> 
 titre : title-705
 Album : album-title-104
 Composers : [composer-115]
 Interpreters : [interpreter-118, interpreter-119]
 Node Address : c88d2382-f3e7-4ab3-a869-99c1b35fbb11, 
Descriptor >>>> 
 Template >>>> 
 titre : title-707
 Album : album-title-104
 Composers : [composer-115]
 Interpreters : [interpreter-118, interpreter-119]
 Node Address : c88d2382-f3e7-4ab3-a869-99c1b35fbb11, 
Descriptor >>>> 
 Template >>>> 
 titre : title-709
 Album : album-title-104
 Composers : [composer-115]
 Interpreters : [interpreter-118, interpreter-119]
 Node Address : c88d2382-f3e7-4ab3-a869-99c1b35fbb11]

1683757016372|##############################
find 
 Template >>>> 
 titre : title-708
 Album : album-title-104
 Composers : []
 Interpreters : [interpreter-118, interpreter-119]

1683757016373|##############################
find 
 Template >>>> 
 titre : title-711
 Album : album-title-105
 Composers : [composer-115]
 Interpreters : []

1683757016373|##############################
find 
 Template >>>> 
 titre : title-724
 Album : null
 Composers : [composer-117, composer-116]
 Interpreters : [interpreter-121, interpreter-120]

1683757016396|##############################
find 
 Template >>>> 
 titre : title-736
 Album : null
 Composers : [composer-119, composer-118]
 Interpreters : []

1683757016507|##############################
find 
 Template >>>> 
 titre : null
 Album : null
 Composers : [composer-118]
 Interpreters : []

1683757016507|##############################
find 
 Template >>>> 
 titre : title-745
 Album : null
 Composers : [composer-119, composer-118]
 Interpreters : []

1683757016508|##############################
find 
 Template >>>> 
 titre : null
 Album : null
 Composers : [composer-120]
 Interpreters : []

1683757016508|##############################
match 
 Template >>>> 
 titre : title-749
 Album : album-title-110
 Composers : []
 Interpreters : [interpreter-123]

1683757016511|@@@@@@@@@@@@@@@@@@@@@@@@@@@@@
resultat du match 
 Template >>>> 
 titre : title-749
 Album : album-title-110
 Composers : []
 Interpreters : [interpreter-123] : []

1683757016511|##############################
match 
 Template >>>> 
 titre : title-760
 Album : album-title-112
 Composers : []
 Interpreters : []

1683757016514|@@@@@@@@@@@@@@@@@@@@@@@@@@@@@
resultat du match 
 Template >>>> 
 titre : title-760
 Album : album-title-112
 Composers : []
 Interpreters : [] : []

1683757016514|##############################
match 
 Template >>>> 
 titre : title-770
 Album : album-title-113
 Composers : [composer-122, composer-121]
 Interpreters : []

1683757016520|@@@@@@@@@@@@@@@@@@@@@@@@@@@@@
resultat du match 
 Template >>>> 
 titre : title-770
 Album : album-title-113
 Composers : [composer-122, composer-121]
 Interpreters : [] : []

1683757016520|##############################
find 
 Template >>>> 
 titre : title-768
 Album : album-title-113
 Composers : [composer-122, composer-121]
 Interpreters : [interpreter-124]

1683757016561|##############################
find 
 Template >>>> 
 titre : title-777
 Album : album-title-114
 Composers : []
 Interpreters : []

1683757016586|##############################
find 
 Template >>>> 
 titre : null
 Album : null
 Composers : []
 Interpreters : [interpreter-127]

1683757016945|##############################
find 
 Template >>>> 
 titre : title-705
 Album : null
 Composers : [composer-115]
 Interpreters : [interpreter-118, interpreter-119]

1683757016945|##############################
find 
 Template >>>> 
 titre : null
 Album : null
 Composers : [composer-115]
 Interpreters : []

1683757016946|##############################
find 
 Template >>>> 
 titre : title-718
 Album : null
 Composers : [composer-117, composer-116]
 Interpreters : []

1683757016946|##############################
find 
 Template >>>> 
 titre : title-734
 Album : null
 Composers : []
 Interpreters : []

1683757016947|##############################
find 
 Template >>>> 
 titre : title-771
 Album : null
 Composers : []
 Interpreters : []

1683757016947|##############################
match 
 Template >>>> 
 titre : title-780
 Album : album-title-114
 Composers : [composer-123]
 Interpreters : []

1683757017121|@@@@@@@@@@@@@@@@@@@@@@@@@@@@@
resultat du match 
 Template >>>> 
 titre : title-780
 Album : album-title-114
 Composers : [composer-123]
 Interpreters : [] : [
Descriptor >>>> 
 Template >>>> 
 titre : title-780
 Album : album-title-114
 Composers : [composer-123]
 Interpreters : [interpreter-125, interpreter-126]
 Node Address : b4cde1b1-e8f3-4fc5-8e46-8188e1d16639]

1683757017121|##############################
find 
 Template >>>> 
 titre : null
 Album : null
 Composers : []
 Interpreters : [interpreter-125]

1683757017122|##############################
match 
 Template >>>> 
 titre : title-787
 Album : null
 Composers : []
 Interpreters : [interpreter-125, interpreter-126]

1683757017240|@@@@@@@@@@@@@@@@@@@@@@@@@@@@@
resultat du match 
 Template >>>> 
 titre : title-787
 Album : null
 Composers : []
 Interpreters : [interpreter-125, interpreter-126] : []

1683757017240|##############################
find 
 Template >>>> 
 titre : title-795
 Album : album-title-116
 Composers : []
 Interpreters : []

1683757017240|##############################
find 
 Template >>>> 
 titre : title-789
 Album : album-title-116
 Composers : []
 Interpreters : [interpreter-127, interpreter-128]

1683757017971|##############################
find 
 Template >>>> 
 titre : title-703
 Album : album-title-103
 Composers : [composer-114]
 Interpreters : [interpreter-116, interpreter-117]

1683757017972|##############################
match 
 Template >>>> 
 titre : null
 Album : album-title-106
 Composers : []
 Interpreters : []

1683757018026|@@@@@@@@@@@@@@@@@@@@@@@@@@@@@
resultat du match 
 Template >>>> 
 titre : null
 Album : album-title-106
 Composers : []
 Interpreters : [] : []

1683757018026|##############################
find 
 Template >>>> 
 titre : null
 Album : null
 Composers : [composer-116]
 Interpreters : []

1683757018027|##############################
find 
 Template >>>> 
 titre : title-725
 Album : null
 Composers : []
 Interpreters : []

1683757018028|##############################
find 
 Template >>>> 
 titre : title-730
 Album : null
 Composers : [composer-117, composer-116]
 Interpreters : []

1683757018028|##############################
match 
 Template >>>> 
 titre : title-738
 Album : null
 Composers : [composer-119, composer-118]
 Interpreters : []

1683757018117|@@@@@@@@@@@@@@@@@@@@@@@@@@@@@
resultat du match 
 Template >>>> 
 titre : title-738
 Album : null
 Composers : [composer-119, composer-118]
 Interpreters : [] : [
Descriptor >>>> 
 Template >>>> 
 titre : title-738
 Album : album-title-108
 Composers : [composer-119, composer-118]
 Interpreters : [interpreter-122]
 Node Address : 7c6b927a-d67e-4612-8418-1dbad1b37bde]

1683757018117|##############################
match 
 Template >>>> 
 titre : title-735
 Album : null
 Composers : []
 Interpreters : []

1683757018136|@@@@@@@@@@@@@@@@@@@@@@@@@@@@@
resultat du match 
 Template >>>> 
 titre : title-735
 Album : null
 Composers : []
 Interpreters : [] : []

1683757018136|##############################
match 
 Template >>>> 
 titre : null
 Album : null
 Composers : []
 Interpreters : [interpreter-122]

1683757018160|@@@@@@@@@@@@@@@@@@@@@@@@@@@@@
resultat du match 
 Template >>>> 
 titre : null
 Album : null
 Composers : []
 Interpreters : [interpreter-122] : []

1683757018160|##############################
find 
 Template >>>> 
 titre : title-739
 Album : album-title-109
 Composers : [composer-119, composer-118]
 Interpreters : []

1683757018160|##############################
find 
 Template >>>> 
 titre : title-744
 Album : null
 Composers : [composer-119, composer-118]
 Interpreters : []

1683757018161|##############################
match 
 Template >>>> 
 titre : title-751
 Album : null
 Composers : [composer-120]
 Interpreters : []

1683757018230|@@@@@@@@@@@@@@@@@@@@@@@@@@@@@
resultat du match 
 Template >>>> 
 titre : title-751
 Album : null
 Composers : [composer-120]
 Interpreters : [] : [
Descriptor >>>> 
 Template >>>> 
 titre : title-751
 Album : album-title-110
 Composers : [composer-120]
 Interpreters : [interpreter-123]
 Node Address : 768efcf1-5213-4d4f-bc00-ed3315d8009e]

1683757018230|##############################
match 
 Template >>>> 
 titre : title-763
 Album : album-title-112
 Composers : []
 Interpreters : [interpreter-124]

1683757018263|@@@@@@@@@@@@@@@@@@@@@@@@@@@@@
resultat du match 
 Template >>>> 
 titre : title-763
 Album : album-title-112
 Composers : []
 Interpreters : [interpreter-124] : [
Descriptor >>>> 
 Template >>>> 
 titre : title-763
 Album : album-title-112
 Composers : [composer-122, composer-121]
 Interpreters : [interpreter-124]
 Node Address : 34289227-3540-4bf7-a885-1a16daaac884]

1683757018263|##############################
match 
 Template >>>> 
 titre : title-761
 Album : album-title-112
 Composers : []
 Interpreters : []

1683757018300|@@@@@@@@@@@@@@@@@@@@@@@@@@@@@
resultat du match 
 Template >>>> 
 titre : title-761
 Album : album-title-112
 Composers : []
 Interpreters : [] : [
Descriptor >>>> 
 Template >>>> 
 titre : title-761
 Album : album-title-112
 Composers : [composer-122, composer-121]
 Interpreters : [interpreter-124]
 Node Address : 34289227-3540-4bf7-a885-1a16daaac884]

1683757018300|##############################
find 
 Template >>>> 
 titre : null
 Album : album-title-113
 Composers : []
 Interpreters : []

1683757018301|##############################
find 
 Template >>>> 
 titre : title-784
 Album : null
 Composers : []
 Interpreters : []

1683757018301|##############################
find 
 Template >>>> 
 titre : title-788
 Album : album-title-115
 Composers : [composer-123]
 Interpreters : [interpreter-125, interpreter-126]

1683757018945|##############################
find 
 Template >>>> 
 titre : title-716
 Album : null
 Composers : [composer-115]
 Interpreters : [interpreter-118, interpreter-119]

1683757018948|##############################
find 
 Template >>>> 
 titre : title-723
 Album : null
 Composers : [composer-117, composer-116]
 Interpreters : [interpreter-121, interpreter-120]

1683757018948|##############################
match 
 Template >>>> 
 titre : title-722
 Album : album-title-106
 Composers : [composer-117, composer-116]
 Interpreters : [interpreter-121, interpreter-120]

1683757019002|@@@@@@@@@@@@@@@@@@@@@@@@@@@@@
resultat du match 
 Template >>>> 
 titre : title-722
 Album : album-title-106
 Composers : [composer-117, composer-116]
 Interpreters : [interpreter-121, interpreter-120] : [
Descriptor >>>> 
 Template >>>> 
 titre : title-722
 Album : album-title-106
 Composers : [composer-117, composer-116]
 Interpreters : [interpreter-121, interpreter-120]
 Node Address : 4c35a645-31e4-406e-ad34-95028d6ab1a0]

1683757019002|##############################
find 
 Template >>>> 
 titre : title-717
 Album : album-title-106
 Composers : []
 Interpreters : []

1683757019003|##############################
find 
 Template >>>> 
 titre : title-752
 Album : album-title-110
 Composers : [composer-120]
 Interpreters : []

1683757019003|##############################
find 
 Template >>>> 
 titre : title-748
 Album : album-title-110
 Composers : [composer-120]
 Interpreters : [interpreter-123]

1683757019003|##############################
match 
 Template >>>> 
 titre : null
 Album : null
 Composers : []
 Interpreters : [interpreter-123]

1683757019087|@@@@@@@@@@@@@@@@@@@@@@@@@@@@@
resultat du match 
 Template >>>> 
 titre : null
 Album : null
 Composers : []
 Interpreters : [interpreter-123] : [
Descriptor >>>> 
 Template >>>> 
 titre : title-753
 Album : album-title-111
 Composers : [composer-120]
 Interpreters : [interpreter-123]
 Node Address : a9c8bd0b-d103-4f29-a108-a8cc973b0ad1, 
Descriptor >>>> 
 Template >>>> 
 titre : title-754
 Album : album-title-111
 Composers : [composer-120]
 Interpreters : [interpreter-123]
 Node Address : a9c8bd0b-d103-4f29-a108-a8cc973b0ad1, 
Descriptor >>>> 
 Template >>>> 
 titre : title-758
 Album : album-title-111
 Composers : [composer-120]
 Interpreters : [interpreter-123]
 Node Address : a9c8bd0b-d103-4f29-a108-a8cc973b0ad1, 
Descriptor >>>> 
 Template >>>> 
 titre : title-757
 Album : album-title-111
 Composers : [composer-120]
 Interpreters : [interpreter-123]
 Node Address : a9c8bd0b-d103-4f29-a108-a8cc973b0ad1, 
Descriptor >>>> 
 Template >>>> 
 titre : title-755
 Album : album-title-111
 Composers : [composer-120]
 Interpreters : [interpreter-123]
 Node Address : a9c8bd0b-d103-4f29-a108-a8cc973b0ad1, 
Descriptor >>>> 
 Template >>>> 
 titre : title-759
 Album : album-title-111
 Composers : [composer-120]
 Interpreters : [interpreter-123]
 Node Address : a9c8bd0b-d103-4f29-a108-a8cc973b0ad1, 
Descriptor >>>> 
 Template >>>> 
 titre : title-756
 Album : album-title-111
 Composers : [composer-120]
 Interpreters : [interpreter-123]
 Node Address : a9c8bd0b-d103-4f29-a108-a8cc973b0ad1]

1683757019087|##############################
find 
 Template >>>> 
 titre : title-765
 Album : album-title-112
 Composers : []
 Interpreters : [interpreter-124]

1683757019087|##############################
find 
 Template >>>> 
 titre : null
 Album : album-title-112
 Composers : []
 Interpreters : []

1683757019088|##############################
match 
 Template >>>> 
 titre : title-778
 Album : null
 Composers : []
 Interpreters : [interpreter-125, interpreter-126]

1683757019125|@@@@@@@@@@@@@@@@@@@@@@@@@@@@@
resultat du match 
 Template >>>> 
 titre : title-778
 Album : null
 Composers : []
 Interpreters : [interpreter-125, interpreter-126] : [
Descriptor >>>> 
 Template >>>> 
 titre : title-778
 Album : album-title-114
 Composers : [composer-123]
 Interpreters : [interpreter-125, interpreter-126]
 Node Address : b4cde1b1-e8f3-4fc5-8e46-8188e1d16639]

1683757019125|##############################
find 
 Template >>>> 
 titre : title-786
 Album : album-title-115
 Composers : []
 Interpreters : []

1683757019125|##############################
find 
 Template >>>> 
 titre : null
 Album : null
 Composers : [composer-124]
 Interpreters : []

1683757019920|##############################
find 
 Template >>>> 
 titre : title-694
 Album : album-title-102
 Composers : []
 Interpreters : []

1683757019961|##############################
find 
 Template >>>> 
 titre : title-698
 Album : null
 Composers : []
 Interpreters : []

1683757019962|##############################
find 
 Template >>>> 
 titre : null
 Album : null
 Composers : []
 Interpreters : [interpreter-121]

1683757019963|##############################
find 
 Template >>>> 
 titre : title-733
 Album : null
 Composers : []
 Interpreters : [interpreter-122]

1683757019963|##############################
find 
 Template >>>> 
 titre : title-741
 Album : null
 Composers : [composer-119, composer-118]
 Interpreters : [interpreter-122]

1683757019964|##############################
find 
 Template >>>> 
 titre : title-747
 Album : null
 Composers : []
 Interpreters : [interpreter-123]

1683757019964|##############################
find 
 Template >>>> 
 titre : title-759
 Album : null
 Composers : []
 Interpreters : []

1683757019965|##############################
match 
 Template >>>> 
 titre : title-769
 Album : null
 Composers : [composer-122, composer-121]
 Interpreters : [interpreter-124]

1683757020073|@@@@@@@@@@@@@@@@@@@@@@@@@@@@@
resultat du match 
 Template >>>> 
 titre : title-769
 Album : null
 Composers : [composer-122, composer-121]
 Interpreters : [interpreter-124] : []

1683757020073|##############################
find 
 Template >>>> 
 titre : title-779
 Album : album-title-114
 Composers : [composer-123]
 Interpreters : [interpreter-125, interpreter-126]

1683757020074|##############################
find 
 Template >>>> 
 titre : null
 Album : null
 Composers : []
 Interpreters : [interpreter-126]

1683757020075|##############################
find 
 Template >>>> 
 titre : null
 Album : null
 Composers : [composer-123]
 Interpreters : []

1683757020075|##############################
find 
 Template >>>> 
 titre : null
 Album : album-title-115
 Composers : []
 Interpreters : []

1683757020944|##############################
find 
 Template >>>> 
 titre : title-707
 Album : album-title-104
 Composers : [composer-115]
 Interpreters : []

1683757021261|##############################
find 
 Template >>>> 
 titre : title-719
 Album : null
 Composers : []
 Interpreters : []

1683757021277|##############################
find 
 Template >>>> 
 titre : title-728
 Album : album-title-107
 Composers : [composer-117, composer-116]
 Interpreters : [interpreter-121, interpreter-120]

1683757021277|##############################
find 
 Template >>>> 
 titre : title-746
 Album : null
 Composers : [composer-120]
 Interpreters : []

1683757021277|##############################
find 
 Template >>>> 
 titre : title-753
 Album : album-title-111
 Composers : []
 Interpreters : [interpreter-123]

1683757021278|##############################
find 
 Template >>>> 
 titre : title-754
 Album : null
 Composers : []
 Interpreters : [interpreter-123]

1683757021282|##############################
find 
 Template >>>> 
 titre : title-755
 Album : album-title-111
 Composers : []
 Interpreters : [interpreter-123]

1683757021283|##############################
find 
 Template >>>> 
 titre : title-766
 Album : album-title-112
 Composers : [composer-122, composer-121]
 Interpreters : [interpreter-124]

1683757021283|##############################
match 
 Template >>>> 
 titre : title-775
 Album : null
 Composers : []
 Interpreters : [interpreter-124]

1683757021318|@@@@@@@@@@@@@@@@@@@@@@@@@@@@@
resultat du match 
 Template >>>> 
 titre : title-775
 Album : null
 Composers : []
 Interpreters : [interpreter-124] : []

1683757021318|##############################
find 
 Template >>>> 
 titre : title-776
 Album : null
 Composers : [composer-123]
 Interpreters : [interpreter-125, interpreter-126]

1683757021324|##############################
find 
 Template >>>> 
 titre : title-782
 Album : null
 Composers : [composer-123]
 Interpreters : []

1683757021944|##############################
find 
 Template >>>> 
 titre : title-702
 Album : album-title-103
 Composers : []
 Interpreters : [interpreter-116, interpreter-117]

1683757021957|##############################
find 
 Template >>>> 
 titre : title-709
 Album : album-title-104
 Composers : []
 Interpreters : [interpreter-118, interpreter-119]

1683757021958|##############################
find 
 Template >>>> 
 titre : title-710
 Album : null
 Composers : [composer-115]
 Interpreters : [interpreter-118, interpreter-119]

1683757021958|##############################
find 
 Template >>>> 
 titre : title-715
 Album : null
 Composers : [composer-115]
 Interpreters : []

1683757021958|##############################
find 
 Template >>>> 
 titre : title-720
 Album : null
 Composers : [composer-117, composer-116]
 Interpreters : []

1683757021959|##############################
find 
 Template >>>> 
 titre : null
 Album : album-title-107
 Composers : []
 Interpreters : []

1683757021959|##############################
find 
 Template >>>> 
 titre : title-731
 Album : album-title-107
 Composers : [composer-117, composer-116]
 Interpreters : [interpreter-121, interpreter-120]

1683757021959|##############################
find 
 Template >>>> 
 titre : title-727
 Album : album-title-107
 Composers : []
 Interpreters : []

1683757021960|##############################
find 
 Template >>>> 
 titre : title-737
 Album : null
 Composers : [composer-119, composer-118]
 Interpreters : []

1683757021960|##############################
find 
 Template >>>> 
 titre : null
 Album : album-title-108
 Composers : []
 Interpreters : []

1683757021960|##############################
match 
 Template >>>> 
 titre : title-757
 Album : album-title-111
 Composers : []
 Interpreters : [interpreter-123]

1683757022038|@@@@@@@@@@@@@@@@@@@@@@@@@@@@@
resultat du match 
 Template >>>> 
 titre : title-757
 Album : album-title-111
 Composers : []
 Interpreters : [interpreter-123] : []

1683757022944|##############################
match 
 Template >>>> 
 titre : title-704
 Album : album-title-103
 Composers : [composer-114]
 Interpreters : [interpreter-116, interpreter-117]

1683757023035|@@@@@@@@@@@@@@@@@@@@@@@@@@@@@
resultat du match 
 Template >>>> 
 titre : title-704
 Album : album-title-103
 Composers : [composer-114]
 Interpreters : [interpreter-116, interpreter-117] : [
Descriptor >>>> 
 Template >>>> 
 titre : title-704
 Album : album-title-103
 Composers : [composer-114]
 Interpreters : [interpreter-116, interpreter-117]
 Node Address : 2899a4eb-5c23-4219-ad95-2a35b9ad7927]

1683757023035|##############################
find 
 Template >>>> 
 titre : null
 Album : album-title-104
 Composers : []
 Interpreters : []

1683757023035|##############################
find 
 Template >>>> 
 titre : null
 Album : null
 Composers : [composer-117]
 Interpreters : []

1683757023036|##############################
find 
 Template >>>> 
 titre : title-729
 Album : null
 Composers : []
 Interpreters : []

1683757023036|##############################
find 
 Template >>>> 
 titre : null
 Album : album-title-109
 Composers : []
 Interpreters : []

1683757023038|##############################
match 
 Template >>>> 
 titre : title-742
 Album : null
 Composers : [composer-119, composer-118]
 Interpreters : [interpreter-122]

1683757023082|@@@@@@@@@@@@@@@@@@@@@@@@@@@@@
resultat du match 
 Template >>>> 
 titre : title-742
 Album : null
 Composers : [composer-119, composer-118]
 Interpreters : [interpreter-122] : []

1683757023082|##############################
find 
 Template >>>> 
 titre : null
 Album : album-title-111
 Composers : []
 Interpreters : []

1683757023082|##############################
find 
 Template >>>> 
 titre : title-758
 Album : album-title-111
 Composers : []
 Interpreters : []

1683757023082|##############################
match 
 Template >>>> 
 titre : title-764
 Album : album-title-112
 Composers : [composer-122, composer-121]
 Interpreters : [interpreter-124]

1683757023122|@@@@@@@@@@@@@@@@@@@@@@@@@@@@@
resultat du match 
 Template >>>> 
 titre : title-764
 Album : album-title-112
 Composers : [composer-122, composer-121]
 Interpreters : [interpreter-124] : [
Descriptor >>>> 
 Template >>>> 
 titre : title-764
 Album : album-title-112
 Composers : [composer-122, composer-121]
 Interpreters : [interpreter-124]
 Node Address : 34289227-3540-4bf7-a885-1a16daaac884]

1683757023122|##############################
find 
 Template >>>> 
 titre : null
 Album : null
 Composers : [composer-122]
 Interpreters : []

1683757023123|##############################
find 
 Template >>>> 
 titre : title-773
 Album : null
 Composers : []
 Interpreters : []

1683757023123|##############################
find 
 Template >>>> 
 titre : title-774
 Album : null
 Composers : [composer-122, composer-121]
 Interpreters : [interpreter-124]

1683757023123|##############################
find 
 Template >>>> 
 titre : null
 Album : null
 Composers : [composer-125]
 Interpreters : []

1683757023970|##############################
find 
 Template >>>> 
 titre : title-695
 Album : null
 Composers : []
 Interpreters : []

1683757024000|##############################
find 
 Template >>>> 
 titre : null
 Album : album-title-103
 Composers : []
 Interpreters : []

1683757024070|##############################
find 
 Template >>>> 
 titre : title-701
 Album : album-title-103
 Composers : [composer-114]
 Interpreters : [interpreter-116, interpreter-117]

1683757024071|##############################
match 
 Template >>>> 
 titre : title-714
 Album : album-title-105
 Composers : []
 Interpreters : []

1683757024166|@@@@@@@@@@@@@@@@@@@@@@@@@@@@@
resultat du match 
 Template >>>> 
 titre : title-714
 Album : album-title-105
 Composers : []
 Interpreters : [] : []

1683757024166|##############################
find 
 Template >>>> 
 titre : null
 Album : album-title-105
 Composers : []
 Interpreters : []

1683757024167|##############################
find 
 Template >>>> 
 titre : title-712
 Album : album-title-105
 Composers : [composer-115]
 Interpreters : []

1683757024167|##############################
find 
 Template >>>> 
 titre : null
 Album : album-title-110
 Composers : []
 Interpreters : []

1683757024167|##############################
match 
 Template >>>> 
 titre : title-756
 Album : album-title-111
 Composers : []
 Interpreters : [interpreter-123]

1683757024180|@@@@@@@@@@@@@@@@@@@@@@@@@@@@@
resultat du match 
 Template >>>> 
 titre : title-756
 Album : album-title-111
 Composers : []
 Interpreters : [interpreter-123] : [
Descriptor >>>> 
 Template >>>> 
 titre : title-756
 Album : album-title-111
 Composers : [composer-120]
 Interpreters : [interpreter-123]
 Node Address : a9c8bd0b-d103-4f29-a108-a8cc973b0ad1]

1683757024180|##############################
find 
 Template >>>> 
 titre : null
 Album : null
 Composers : [composer-121]
 Interpreters : []

1683757024180|##############################
find 
 Template >>>> 
 titre : title-762
 Album : album-title-112
 Composers : []
 Interpreters : [interpreter-124]

1683757024181|##############################
find 
 Template >>>> 
 titre : null
 Album : null
 Composers : []
 Interpreters : [interpreter-124]

1683757024181|##############################
find 
 Template >>>> 
 titre : title-767
 Album : album-title-113
 Composers : [composer-122, composer-121]
 Interpreters : []

1683757024181|##############################
match 
 Template >>>> 
 titre : title-785
 Album : album-title-115
 Composers : [composer-123]
 Interpreters : [interpreter-125, interpreter-126]

1683757024299|@@@@@@@@@@@@@@@@@@@@@@@@@@@@@
resultat du match 
 Template >>>> 
 titre : title-785
 Album : album-title-115
 Composers : [composer-123]
 Interpreters : [interpreter-125, interpreter-126] : [
Descriptor >>>> 
 Template >>>> 
 titre : title-785
 Album : album-title-115
 Composers : [composer-123]
 Interpreters : [interpreter-125, interpreter-126]
 Node Address : ba9baddf-a6f9-4811-9865-47040e89d408]

1683757025011|##############################
find 
 Template >>>> 
 titre : title-699
 Album : null
 Composers : []
 Interpreters : [interpreter-116, interpreter-117]

1683757025011|##############################
find 
 Template >>>> 
 titre : null
 Album : null
 Composers : []
 Interpreters : [interpreter-118]

1683757025011|##############################
find 
 Template >>>> 
 titre : title-713
 Album : album-title-105
 Composers : []
 Interpreters : []

1683757025011|##############################
find 
 Template >>>> 
 titre : null
 Album : null
 Composers : []
 Interpreters : [interpreter-120]

1683757025011|##############################
find 
 Template >>>> 
 titre : title-721
 Album : album-title-106
 Composers : [composer-117, composer-116]
 Interpreters : []

1683757025012|##############################
match 
 Template >>>> 
 titre : title-726
 Album : null
 Composers : [composer-117, composer-116]
 Interpreters : []

1683757025059|@@@@@@@@@@@@@@@@@@@@@@@@@@@@@
resultat du match 
 Template >>>> 
 titre : title-726
 Album : null
 Composers : [composer-117, composer-116]
 Interpreters : [] : [
Descriptor >>>> 
 Template >>>> 
 titre : title-726
 Album : album-title-107
 Composers : [composer-117, composer-116]
 Interpreters : [interpreter-121, interpreter-120]
 Node Address : c3c606e4-674e-466e-b05f-6139c393ffa7]

1683757025059|##############################
find 
 Template >>>> 
 titre : title-732
 Album : null
 Composers : []
 Interpreters : [interpreter-122]

1683757025067|##############################
find 
 Template >>>> 
 titre : null
 Album : null
 Composers : [composer-119]
 Interpreters : []

1683757025069|##############################
match 
 Template >>>> 
 titre : title-740
 Album : album-title-109
 Composers : [composer-119, composer-118]
 Interpreters : []

1683757025080|@@@@@@@@@@@@@@@@@@@@@@@@@@@@@
resultat du match 
 Template >>>> 
 titre : title-740
 Album : album-title-109
 Composers : [composer-119, composer-118]
 Interpreters : [] : []

1683757025080|##############################
find 
 Template >>>> 
 titre : title-743
 Album : album-title-109
 Composers : [composer-119, composer-118]
 Interpreters : [interpreter-122]

1683757025081|##############################
match 
 Template >>>> 
 titre : title-750
 Album : album-title-110
 Composers : [composer-120]
 Interpreters : [interpreter-123]

1683757025123|@@@@@@@@@@@@@@@@@@@@@@@@@@@@@
resultat du match 
 Template >>>> 
 titre : title-750
 Album : album-title-110
 Composers : [composer-120]
 Interpreters : [interpreter-123] : [
Descriptor >>>> 
 Template >>>> 
 titre : title-750
 Album : album-title-110
 Composers : [composer-120]
 Interpreters : [interpreter-123]
 Node Address : 768efcf1-5213-4d4f-bc00-ed3315d8009e]

1683757025123|##############################
find 
 Template >>>> 
 titre : title-772
 Album : album-title-113
 Composers : [composer-122, composer-121]
 Interpreters : []

1683757025124|##############################
match 
 Template >>>> 
 titre : null
 Album : album-title-114
 Composers : []
 Interpreters : []

1683757025128|@@@@@@@@@@@@@@@@@@@@@@@@@@@@@
resultat du match 
 Template >>>> 
 titre : null
 Album : album-title-114
 Composers : []
 Interpreters : [] : []

1683757025128|##############################
find 
 Template >>>> 
 titre : title-781
 Album : null
 Composers : [composer-123]
 Interpreters : []

1683757025129|##############################
find 
 Template >>>> 
 titre : title-783
 Album : null
 Composers : [composer-123]
 Interpreters : [interpreter-125, interpreter-126]

